[ 2017-06-10T22:13:08+08:00 ] 117.172.24.158 /ontheroad/Uploads/gallery//58f0ed45c6b2e.png
INFO: [ app_init ] --START--
INFO: Run Behavior\BuildLiteBehavior [ RunTime:0.000047s ]
INFO: [ app_init ] --END-- [ RunTime:0.000644s ]
ERR: 无法加载模块:Uploads

[ 2017-06-10T22:14:19+08:00 ] 117.174.94.51 /ontheroad/Uploads/gallery//58f0ed45c6b2e.png
INFO: [ app_init ] --START--
INFO: Run Behavior\BuildLiteBehavior [ RunTime:0.000108s ]
INFO: [ app_init ] --END-- [ RunTime:0.000664s ]
ERR: 无法加载模块:Uploads

[ 2017-06-10T22:14:22+08:00 ] 117.172.24.158 /ontheroad/Uploads/sightseeingPath/5903fb20f2603.jpg
INFO: [ app_init ] --START--
INFO: Run Behavior\BuildLiteBehavior [ RunTime:0.000047s ]
INFO: [ app_init ] --END-- [ RunTime:0.000645s ]
ERR: 无法加载模块:Uploads

[ 2017-06-10T22:40:17+08:00 ] 117.172.24.158 /ontheroad/Uploads/gallery//58f0ed45c6b2e.png
INFO: [ app_init ] --START--
INFO: Run Behavior\BuildLiteBehavior [ RunTime:0.000045s ]
INFO: [ app_init ] --END-- [ RunTime:0.000735s ]
ERR: 无法加载模块:Uploads

[ 2017-06-10T22:40:20+08:00 ] 117.172.24.158 /ontheroad/Uploads/gallery//58f0ed45c6b2e.png
INFO: [ app_init ] --START--
INFO: Run Behavior\BuildLiteBehavior [ RunTime:0.000047s ]
INFO: [ app_init ] --END-- [ RunTime:0.000753s ]
ERR: 无法加载模块:Uploads

