[ 2017-06-14T00:00:06+08:00 ] 117.172.25.43 /ontheroad/Public/Admin/MinDater/timedropper.min.css
INFO: [ app_init ] --START--
INFO: Run Behavior\BuildLiteBehavior [ RunTime:0.000051s ]
INFO: [ app_init ] --END-- [ RunTime:0.000922s ]
ERR: 无法加载模块:Public

[ 2017-06-14T00:00:06+08:00 ] 117.173.212.85 /ontheroad/Public/common/css/myUi.css
INFO: [ app_init ] --START--
INFO: Run Behavior\BuildLiteBehavior [ RunTime:0.000049s ]
INFO: [ app_init ] --END-- [ RunTime:0.000844s ]
ERR: 无法加载模块:Public

[ 2017-06-14T00:00:06+08:00 ] 117.173.212.85 /ontheroad/Public/Admin/MinDater/datedropper.css
INFO: [ app_init ] --START--
INFO: Run Behavior\BuildLiteBehavior [ RunTime:0.000049s ]
INFO: [ app_init ] --END-- [ RunTime:0.002984s ]
ERR: 无法加载模块:Public

[ 2017-06-14T00:00:06+08:00 ] 117.172.25.43 /ontheroad/Public/common/css/style.css
INFO: [ app_init ] --START--
INFO: Run Behavior\BuildLiteBehavior [ RunTime:0.000047s ]
INFO: [ app_init ] --END-- [ RunTime:0.000821s ]
ERR: 无法加载模块:Public

[ 2017-06-14T00:00:06+08:00 ] 117.172.25.43 /ontheroad/Public/Admin/MinDater/datedropper.min.js
INFO: [ app_init ] --START--
INFO: Run Behavior\BuildLiteBehavior [ RunTime:0.000048s ]
INFO: [ app_init ] --END-- [ RunTime:0.000869s ]
ERR: 无法加载模块:Public

[ 2017-06-14T00:00:06+08:00 ] 117.173.212.85 /ontheroad/Public/Admin/MinDater/timedropper.min.js
INFO: [ app_init ] --START--
INFO: Run Behavior\BuildLiteBehavior [ RunTime:0.000052s ]
INFO: [ app_init ] --END-- [ RunTime:0.000923s ]
ERR: 无法加载模块:Public

[ 2017-06-14T00:00:06+08:00 ] 117.172.25.43 /ontheroad/Public/common/js/MyUi.js
INFO: [ app_init ] --START--
INFO: Run Behavior\BuildLiteBehavior [ RunTime:0.000052s ]
INFO: [ app_init ] --END-- [ RunTime:0.000913s ]
ERR: 无法加载模块:Public

[ 2017-06-14T00:00:18+08:00 ] 117.172.25.43 /ontheroad/Public/Admin/MinDater/datedropper.css
INFO: [ app_init ] --START--
INFO: Run Behavior\BuildLiteBehavior [ RunTime:0.000048s ]
INFO: [ app_init ] --END-- [ RunTime:0.000881s ]
ERR: 无法加载模块:Public

[ 2017-06-14T00:00:18+08:00 ] 117.173.212.85 /ontheroad/Public/Admin/MinDater/timedropper.min.css
INFO: [ app_init ] --START--
INFO: Run Behavior\BuildLiteBehavior [ RunTime:0.000047s ]
INFO: [ app_init ] --END-- [ RunTime:0.000874s ]
ERR: 无法加载模块:Public

[ 2017-06-14T00:00:18+08:00 ] 117.173.212.85 /ontheroad/Public/common/css/myUi.css
INFO: [ app_init ] --START--
INFO: Run Behavior\BuildLiteBehavior [ RunTime:0.000047s ]
INFO: [ app_init ] --END-- [ RunTime:0.000806s ]
ERR: 无法加载模块:Public

[ 2017-06-14T00:00:18+08:00 ] 117.173.212.85 /ontheroad/Public/Admin/MinDater/timedropper.min.js
INFO: [ app_init ] --START--
INFO: Run Behavior\BuildLiteBehavior [ RunTime:0.000049s ]
INFO: [ app_init ] --END-- [ RunTime:0.000877s ]
ERR: 无法加载模块:Public

[ 2017-06-14T00:00:18+08:00 ] 117.172.25.43 /ontheroad/Public/common/css/style.css
INFO: [ app_init ] --START--
INFO: Run Behavior\BuildLiteBehavior [ RunTime:0.000052s ]
INFO: [ app_init ] --END-- [ RunTime:0.000878s ]
ERR: 无法加载模块:Public

[ 2017-06-14T00:00:18+08:00 ] 117.173.212.85 /ontheroad/Public/Admin/MinDater/datedropper.min.js
INFO: [ app_init ] --START--
INFO: Run Behavior\BuildLiteBehavior [ RunTime:0.000048s ]
INFO: [ app_init ] --END-- [ RunTime:0.000856s ]
ERR: 无法加载模块:Public

[ 2017-06-14T00:00:18+08:00 ] 117.172.25.43 /ontheroad/Public/common/js/MyUi.js
INFO: [ app_init ] --START--
INFO: Run Behavior\BuildLiteBehavior [ RunTime:0.000047s ]
INFO: [ app_init ] --END-- [ RunTime:0.000832s ]
ERR: 无法加载模块:Public

[ 2017-06-14T00:00:19+08:00 ] 117.173.212.85 /ontheroad/Public/Admin/MinDater/timedropper.min.js
INFO: [ app_init ] --START--
INFO: Run Behavior\BuildLiteBehavior [ RunTime:0.000048s ]
INFO: [ app_init ] --END-- [ RunTime:0.000882s ]
ERR: 无法加载模块:Public

[ 2017-06-14T00:00:19+08:00 ] 117.173.212.85 /ontheroad/Public/common/js/MyUi.js
INFO: [ app_init ] --START--
INFO: Run Behavior\BuildLiteBehavior [ RunTime:0.000048s ]
INFO: [ app_init ] --END-- [ RunTime:0.000859s ]
ERR: 无法加载模块:Public

[ 2017-06-14T00:01:19+08:00 ] 117.173.212.85 /ontheroad/Public/Admin/MinDater/datedropper.css
INFO: [ app_init ] --START--
INFO: Run Behavior\BuildLiteBehavior [ RunTime:0.000049s ]
INFO: [ app_init ] --END-- [ RunTime:0.000863s ]
ERR: 无法加载模块:Public

[ 2017-06-14T00:01:19+08:00 ] 117.173.212.85 /ontheroad/Public/common/css/style.css
INFO: [ app_init ] --START--
INFO: Run Behavior\BuildLiteBehavior [ RunTime:0.000048s ]
INFO: [ app_init ] --END-- [ RunTime:0.000860s ]
ERR: 无法加载模块:Public

[ 2017-06-14T00:01:19+08:00 ] 117.172.25.43 /ontheroad/Public/Admin/MinDater/timedropper.min.css
INFO: [ app_init ] --START--
INFO: Run Behavior\BuildLiteBehavior [ RunTime:0.000047s ]
INFO: [ app_init ] --END-- [ RunTime:0.000810s ]
ERR: 无法加载模块:Public

[ 2017-06-14T00:01:19+08:00 ] 117.172.25.43 /ontheroad/Public/common/css/myUi.css
INFO: [ app_init ] --START--
INFO: Run Behavior\BuildLiteBehavior [ RunTime:0.000047s ]
INFO: [ app_init ] --END-- [ RunTime:0.000925s ]
ERR: 无法加载模块:Public

[ 2017-06-14T00:01:19+08:00 ] 117.173.212.85 /ontheroad/Public/Admin/MinDater/datedropper.min.js
INFO: [ app_init ] --START--
INFO: Run Behavior\BuildLiteBehavior [ RunTime:0.000047s ]
INFO: [ app_init ] --END-- [ RunTime:0.000870s ]
ERR: 无法加载模块:Public

[ 2017-06-14T00:01:19+08:00 ] 117.173.212.85 /ontheroad/Public/Admin/MinDater/timedropper.min.js
INFO: [ app_init ] --START--
INFO: Run Behavior\BuildLiteBehavior [ RunTime:0.000047s ]
INFO: [ app_init ] --END-- [ RunTime:0.000877s ]
ERR: 无法加载模块:Public

[ 2017-06-14T00:01:19+08:00 ] 117.173.212.85 /ontheroad/Public/common/js/MyUi.js
INFO: [ app_init ] --START--
INFO: Run Behavior\BuildLiteBehavior [ RunTime:0.000047s ]
INFO: [ app_init ] --END-- [ RunTime:0.000860s ]
ERR: 无法加载模块:Public

[ 2017-06-14T00:01:23+08:00 ] 117.173.212.85 /ontheroad/Public/Admin/MinDater/datedropper.css
INFO: [ app_init ] --START--
INFO: Run Behavior\BuildLiteBehavior [ RunTime:0.000047s ]
INFO: [ app_init ] --END-- [ RunTime:0.000865s ]
ERR: 无法加载模块:Public

[ 2017-06-14T00:01:23+08:00 ] 117.173.212.85 /ontheroad/Public/Admin/MinDater/timedropper.min.css
INFO: [ app_init ] --START--
INFO: Run Behavior\BuildLiteBehavior [ RunTime:0.000047s ]
INFO: [ app_init ] --END-- [ RunTime:0.000883s ]
ERR: 无法加载模块:Public

[ 2017-06-14T00:01:23+08:00 ] 117.173.212.85 /ontheroad/Public/common/css/style.css
INFO: [ app_init ] --START--
INFO: Run Behavior\BuildLiteBehavior [ RunTime:0.000048s ]
INFO: [ app_init ] --END-- [ RunTime:0.000842s ]
ERR: 无法加载模块:Public

[ 2017-06-14T00:01:23+08:00 ] 117.172.25.43 /ontheroad/Public/Admin/MinDater/datedropper.min.js
INFO: [ app_init ] --START--
INFO: Run Behavior\BuildLiteBehavior [ RunTime:0.000047s ]
INFO: [ app_init ] --END-- [ RunTime:0.000797s ]
ERR: 无法加载模块:Public

[ 2017-06-14T00:01:23+08:00 ] 117.173.212.85 /ontheroad/Public/Admin/MinDater/timedropper.min.js
INFO: [ app_init ] --START--
INFO: Run Behavior\BuildLiteBehavior [ RunTime:0.000048s ]
INFO: [ app_init ] --END-- [ RunTime:0.000907s ]
ERR: 无法加载模块:Public

[ 2017-06-14T00:01:23+08:00 ] 117.172.25.43 /ontheroad/Public/common/css/myUi.css
INFO: [ app_init ] --START--
INFO: Run Behavior\BuildLiteBehavior [ RunTime:0.000047s ]
INFO: [ app_init ] --END-- [ RunTime:0.000831s ]
ERR: 无法加载模块:Public

[ 2017-06-14T00:01:23+08:00 ] 117.173.212.85 /ontheroad/Public/common/js/MyUi.js
INFO: [ app_init ] --START--
INFO: Run Behavior\BuildLiteBehavior [ RunTime:0.000047s ]
INFO: [ app_init ] --END-- [ RunTime:0.000823s ]
ERR: 无法加载模块:Public

[ 2017-06-14T00:01:23+08:00 ] 117.172.25.43 /ontheroad/Public/Admin/MinDater/datedropper.min.js
INFO: [ app_init ] --START--
INFO: Run Behavior\BuildLiteBehavior [ RunTime:0.000047s ]
INFO: [ app_init ] --END-- [ RunTime:0.001095s ]
ERR: 无法加载模块:Public

[ 2017-06-14T00:01:23+08:00 ] 117.172.25.43 /ontheroad/Public/Admin/MinDater/timedropper.min.js
INFO: [ app_init ] --START--
INFO: Run Behavior\BuildLiteBehavior [ RunTime:0.000048s ]
INFO: [ app_init ] --END-- [ RunTime:0.000890s ]
ERR: 无法加载模块:Public

[ 2017-06-14T00:01:24+08:00 ] 117.172.25.43 /ontheroad/Public/common/js/MyUi.js
INFO: [ app_init ] --START--
INFO: Run Behavior\BuildLiteBehavior [ RunTime:0.000047s ]
INFO: [ app_init ] --END-- [ RunTime:0.000823s ]
ERR: 无法加载模块:Public

[ 2017-06-14T00:01:28+08:00 ] 117.173.212.85 /ontheroad/Public/Admin/MinDater/datedropper.min.js
INFO: [ app_init ] --START--
INFO: Run Behavior\BuildLiteBehavior [ RunTime:0.000050s ]
INFO: [ app_init ] --END-- [ RunTime:0.000900s ]
ERR: 无法加载模块:Public

[ 2017-06-14T00:01:28+08:00 ] 117.173.212.85 /ontheroad/Public/Admin/MinDater/timedropper.min.js
INFO: [ app_init ] --START--
INFO: Run Behavior\BuildLiteBehavior [ RunTime:0.000048s ]
INFO: [ app_init ] --END-- [ RunTime:0.001055s ]
ERR: 无法加载模块:Public

[ 2017-06-14T00:01:28+08:00 ] 117.172.25.43 /ontheroad/Public/Admin/MinDater/datedropper.css
INFO: [ app_init ] --START--
INFO: Run Behavior\BuildLiteBehavior [ RunTime:0.000049s ]
INFO: [ app_init ] --END-- [ RunTime:0.001267s ]
ERR: 无法加载模块:Public

[ 2017-06-14T00:01:28+08:00 ] 117.172.25.43 /ontheroad/Public/common/css/myUi.css
INFO: [ app_init ] --START--
INFO: Run Behavior\BuildLiteBehavior [ RunTime:0.000048s ]
INFO: [ app_init ] --END-- [ RunTime:0.000771s ]
ERR: 无法加载模块:Public

[ 2017-06-14T00:01:28+08:00 ] 117.173.212.85 /ontheroad/Public/common/css/style.css
INFO: [ app_init ] --START--
INFO: Run Behavior\BuildLiteBehavior [ RunTime:0.000078s ]
INFO: [ app_init ] --END-- [ RunTime:0.000851s ]
ERR: 无法加载模块:Public

[ 2017-06-14T00:01:28+08:00 ] 117.173.212.85 /ontheroad/Public/Admin/MinDater/timedropper.min.css
INFO: [ app_init ] --START--
INFO: Run Behavior\BuildLiteBehavior [ RunTime:0.000048s ]
INFO: [ app_init ] --END-- [ RunTime:0.000859s ]
ERR: 无法加载模块:Public

[ 2017-06-14T00:01:28+08:00 ] 117.173.212.85 /ontheroad/Public/common/js/MyUi.js
INFO: [ app_init ] --START--
INFO: Run Behavior\BuildLiteBehavior [ RunTime:0.000047s ]
INFO: [ app_init ] --END-- [ RunTime:0.000819s ]
ERR: 无法加载模块:Public

[ 2017-06-14T00:01:28+08:00 ] 117.173.212.85 /ontheroad/Public/Admin/MinDater/datedropper.min.js
INFO: [ app_init ] --START--
INFO: Run Behavior\BuildLiteBehavior [ RunTime:0.000047s ]
INFO: [ app_init ] --END-- [ RunTime:0.000856s ]
ERR: 无法加载模块:Public

[ 2017-06-14T00:01:28+08:00 ] 117.173.212.85 /ontheroad/Public/Admin/MinDater/timedropper.min.js
INFO: [ app_init ] --START--
INFO: Run Behavior\BuildLiteBehavior [ RunTime:0.000047s ]
INFO: [ app_init ] --END-- [ RunTime:0.000864s ]
ERR: 无法加载模块:Public

[ 2017-06-14T00:01:28+08:00 ] 117.173.212.85 /ontheroad/Public/common/js/MyUi.js
INFO: [ app_init ] --START--
INFO: Run Behavior\BuildLiteBehavior [ RunTime:0.000046s ]
INFO: [ app_init ] --END-- [ RunTime:0.001087s ]
ERR: 无法加载模块:Public

[ 2017-06-14T00:02:27+08:00 ] 117.173.212.85 /ontheroad/Public/Admin/MinDater/datedropper.css
INFO: [ app_init ] --START--
INFO: Run Behavior\BuildLiteBehavior [ RunTime:0.000049s ]
INFO: [ app_init ] --END-- [ RunTime:0.000864s ]
ERR: 无法加载模块:Public

[ 2017-06-14T00:02:27+08:00 ] 117.172.25.43 /ontheroad/Public/Admin/MinDater/timedropper.min.css
INFO: [ app_init ] --START--
INFO: Run Behavior\BuildLiteBehavior [ RunTime:0.000048s ]
INFO: [ app_init ] --END-- [ RunTime:0.000866s ]
ERR: 无法加载模块:Public

[ 2017-06-14T00:02:27+08:00 ] 117.172.25.43 /ontheroad/Public/common/css/myUi.css
INFO: [ app_init ] --START--
INFO: Run Behavior\BuildLiteBehavior [ RunTime:0.000048s ]
INFO: [ app_init ] --END-- [ RunTime:0.000822s ]
ERR: 无法加载模块:Public

[ 2017-06-14T00:02:27+08:00 ] 117.173.212.85 /ontheroad/Public/Admin/MinDater/timedropper.min.js
INFO: [ app_init ] --START--
INFO: Run Behavior\BuildLiteBehavior [ RunTime:0.000062s ]
INFO: [ app_init ] --END-- [ RunTime:0.000855s ]
ERR: 无法加载模块:Public

[ 2017-06-14T00:02:27+08:00 ] 117.172.25.43 /ontheroad/Public/Admin/MinDater/datedropper.min.js
INFO: [ app_init ] --START--
INFO: Run Behavior\BuildLiteBehavior [ RunTime:0.000048s ]
INFO: [ app_init ] --END-- [ RunTime:0.000853s ]
ERR: 无法加载模块:Public

[ 2017-06-14T00:02:27+08:00 ] 117.172.25.43 /ontheroad/Public/common/css/style.css
INFO: [ app_init ] --START--
INFO: Run Behavior\BuildLiteBehavior [ RunTime:0.000048s ]
INFO: [ app_init ] --END-- [ RunTime:0.000789s ]
ERR: 无法加载模块:Public

[ 2017-06-14T00:02:27+08:00 ] 117.173.212.85 /ontheroad/Public/common/js/MyUi.js
INFO: [ app_init ] --START--
INFO: Run Behavior\BuildLiteBehavior [ RunTime:0.000062s ]
INFO: [ app_init ] --END-- [ RunTime:0.000849s ]
ERR: 无法加载模块:Public

[ 2017-06-14T00:02:27+08:00 ] 117.173.212.85 /ontheroad/Public/Admin/MinDater/datedropper.min.js
INFO: [ app_init ] --START--
INFO: Run Behavior\BuildLiteBehavior [ RunTime:0.000049s ]
INFO: [ app_init ] --END-- [ RunTime:0.000863s ]
ERR: 无法加载模块:Public

[ 2017-06-14T00:02:27+08:00 ] 117.173.212.85 /ontheroad/Public/Admin/MinDater/timedropper.min.js
INFO: [ app_init ] --START--
INFO: Run Behavior\BuildLiteBehavior [ RunTime:0.000048s ]
INFO: [ app_init ] --END-- [ RunTime:0.000858s ]
ERR: 无法加载模块:Public

[ 2017-06-14T00:02:27+08:00 ] 117.173.212.85 /ontheroad/Public/common/js/MyUi.js
INFO: [ app_init ] --START--
INFO: Run Behavior\BuildLiteBehavior [ RunTime:0.000048s ]
INFO: [ app_init ] --END-- [ RunTime:0.000815s ]
ERR: 无法加载模块:Public

[ 2017-06-14T00:03:46+08:00 ] 117.173.212.85 /ontheroad/Public/Admin/MinDater/datedropper.css
INFO: [ app_init ] --START--
INFO: Run Behavior\BuildLiteBehavior [ RunTime:0.000075s ]
INFO: [ app_init ] --END-- [ RunTime:0.001131s ]
ERR: 无法加载模块:Public

[ 2017-06-14T00:03:46+08:00 ] 117.172.25.43 /ontheroad/Public/Admin/MinDater/timedropper.min.css
INFO: [ app_init ] --START--
INFO: Run Behavior\BuildLiteBehavior [ RunTime:0.000049s ]
INFO: [ app_init ] --END-- [ RunTime:0.002740s ]
ERR: 无法加载模块:Public

[ 2017-06-14T00:03:46+08:00 ] 117.173.212.85 /ontheroad/Public/common/css/style.css
INFO: [ app_init ] --START--
INFO: Run Behavior\BuildLiteBehavior [ RunTime:0.000049s ]
INFO: [ app_init ] --END-- [ RunTime:0.000859s ]
ERR: 无法加载模块:Public

[ 2017-06-14T00:03:46+08:00 ] 117.173.212.85 /ontheroad/Public/common/css/myUi.css
INFO: [ app_init ] --START--
INFO: Run Behavior\BuildLiteBehavior [ RunTime:0.000047s ]
INFO: [ app_init ] --END-- [ RunTime:0.000836s ]
ERR: 无法加载模块:Public

[ 2017-06-14T00:03:47+08:00 ] 117.173.212.85 /ontheroad/Public/common/js/MyUi.js
INFO: [ app_init ] --START--
INFO: Run Behavior\BuildLiteBehavior [ RunTime:0.000048s ]
INFO: [ app_init ] --END-- [ RunTime:0.000826s ]
ERR: 无法加载模块:Public

[ 2017-06-14T00:03:50+08:00 ] 117.173.212.85 /ontheroad/Public/common/js/MyUi.js
INFO: [ app_init ] --START--
INFO: Run Behavior\BuildLiteBehavior [ RunTime:0.000047s ]
INFO: [ app_init ] --END-- [ RunTime:0.000848s ]
ERR: 无法加载模块:Public

[ 2017-06-14T00:05:01+08:00 ] 117.173.212.85 /ontheroad/Public/common/js/MyUi.js
INFO: [ app_init ] --START--
INFO: Run Behavior\BuildLiteBehavior [ RunTime:0.000050s ]
INFO: [ app_init ] --END-- [ RunTime:0.000842s ]
ERR: 无法加载模块:Public

[ 2017-06-14T00:05:01+08:00 ] 117.173.212.85 /ontheroad/Public/common/css/myUi.css
INFO: [ app_init ] --START--
INFO: Run Behavior\BuildLiteBehavior [ RunTime:0.000047s ]
INFO: [ app_init ] --END-- [ RunTime:0.000838s ]
ERR: 无法加载模块:Public

[ 2017-06-14T00:05:01+08:00 ] 117.172.25.43 /ontheroad/Public/common/css/style.css
INFO: [ app_init ] --START--
INFO: Run Behavior\BuildLiteBehavior [ RunTime:0.000047s ]
INFO: [ app_init ] --END-- [ RunTime:0.000985s ]
ERR: 无法加载模块:Public

[ 2017-06-14T00:05:02+08:00 ] 117.173.212.85 /ontheroad/Public/Admin/MinDater/datedropper.css
INFO: [ app_init ] --START--
INFO: Run Behavior\BuildLiteBehavior [ RunTime:0.000047s ]
INFO: [ app_init ] --END-- [ RunTime:0.000855s ]
ERR: 无法加载模块:Public

[ 2017-06-14T00:05:02+08:00 ] 117.172.25.43 /ontheroad/Public/Admin/MinDater/timedropper.min.css
INFO: [ app_init ] --START--
INFO: Run Behavior\BuildLiteBehavior [ RunTime:0.000047s ]
INFO: [ app_init ] --END-- [ RunTime:0.000856s ]
ERR: 无法加载模块:Public

[ 2017-06-14T00:05:02+08:00 ] 117.172.25.43 /ontheroad/Public/common/js/MyUi.js
INFO: [ app_init ] --START--
INFO: Run Behavior\BuildLiteBehavior [ RunTime:0.000055s ]
INFO: [ app_init ] --END-- [ RunTime:0.000903s ]
ERR: 无法加载模块:Public

[ 2017-06-14T00:05:47+08:00 ] 117.173.212.85 /ontheroad/Public/Admin/MinDater/timedropper.min.css
INFO: [ app_init ] --START--
INFO: Run Behavior\BuildLiteBehavior [ RunTime:0.000047s ]
INFO: [ app_init ] --END-- [ RunTime:0.000851s ]
ERR: 无法加载模块:Public

[ 2017-06-14T00:05:47+08:00 ] 117.172.25.43 /ontheroad/Public/Admin/MinDater/datedropper.css
INFO: [ app_init ] --START--
INFO: Run Behavior\BuildLiteBehavior [ RunTime:0.000047s ]
INFO: [ app_init ] --END-- [ RunTime:0.000846s ]
ERR: 无法加载模块:Public

[ 2017-06-14T00:05:47+08:00 ] 117.173.212.85 /ontheroad/Public/common/css/style.css
INFO: [ app_init ] --START--
INFO: Run Behavior\BuildLiteBehavior [ RunTime:0.000048s ]
INFO: [ app_init ] --END-- [ RunTime:0.000810s ]
ERR: 无法加载模块:Public

[ 2017-06-14T00:05:47+08:00 ] 117.172.25.43 /ontheroad/Public/common/css/myUi.css
INFO: [ app_init ] --START--
INFO: Run Behavior\BuildLiteBehavior [ RunTime:0.000046s ]
INFO: [ app_init ] --END-- [ RunTime:0.000812s ]
ERR: 无法加载模块:Public

[ 2017-06-14T00:05:47+08:00 ] 117.172.25.43 /ontheroad/Public/common/js/MyUi.js
INFO: [ app_init ] --START--
INFO: Run Behavior\BuildLiteBehavior [ RunTime:0.000049s ]
INFO: [ app_init ] --END-- [ RunTime:0.000846s ]
ERR: 无法加载模块:Public

[ 2017-06-14T00:14:05+08:00 ] 117.172.25.43 /ontheroad/Public/Admin/MinDater/datedropper.css
INFO: [ app_init ] --START--
INFO: Run Behavior\BuildLiteBehavior [ RunTime:0.000048s ]
INFO: [ app_init ] --END-- [ RunTime:0.000871s ]
ERR: 无法加载模块:Public

[ 2017-06-14T00:14:05+08:00 ] 117.172.25.43 /ontheroad/Public/Admin/MinDater/timedropper.min.css
INFO: [ app_init ] --START--
INFO: Run Behavior\BuildLiteBehavior [ RunTime:0.000046s ]
INFO: [ app_init ] --END-- [ RunTime:0.000850s ]
ERR: 无法加载模块:Public

[ 2017-06-14T00:14:05+08:00 ] 117.172.25.43 /ontheroad/Public/common/css/style.css
INFO: [ app_init ] --START--
INFO: Run Behavior\BuildLiteBehavior [ RunTime:0.000048s ]
INFO: [ app_init ] --END-- [ RunTime:0.000827s ]
ERR: 无法加载模块:Public

[ 2017-06-14T00:14:05+08:00 ] 117.172.25.43 /ontheroad/Public/common/css/myUi.css
INFO: [ app_init ] --START--
INFO: Run Behavior\BuildLiteBehavior [ RunTime:0.000047s ]
INFO: [ app_init ] --END-- [ RunTime:0.000823s ]
ERR: 无法加载模块:Public

[ 2017-06-14T00:14:05+08:00 ] 117.172.25.43 /ontheroad/Public/common/js/MyUi.js
INFO: [ app_init ] --START--
INFO: Run Behavior\BuildLiteBehavior [ RunTime:0.000049s ]
INFO: [ app_init ] --END-- [ RunTime:0.000860s ]
ERR: 无法加载模块:Public

[ 2017-06-14T00:14:29+08:00 ] 117.173.212.85 /ontheroad/Public/Admin/MinDater/datedropper.css
INFO: [ app_init ] --START--
INFO: Run Behavior\BuildLiteBehavior [ RunTime:0.000049s ]
INFO: [ app_init ] --END-- [ RunTime:0.000905s ]
ERR: 无法加载模块:Public

[ 2017-06-14T00:14:29+08:00 ] 117.173.212.85 /ontheroad/Public/Admin/MinDater/timedropper.min.css
INFO: [ app_init ] --START--
INFO: Run Behavior\BuildLiteBehavior [ RunTime:0.000049s ]
INFO: [ app_init ] --END-- [ RunTime:0.000908s ]
ERR: 无法加载模块:Public

[ 2017-06-14T00:14:29+08:00 ] 117.173.212.85 /ontheroad/Public/common/css/style.css
INFO: [ app_init ] --START--
INFO: Run Behavior\BuildLiteBehavior [ RunTime:0.000050s ]
INFO: [ app_init ] --END-- [ RunTime:0.000854s ]
ERR: 无法加载模块:Public

[ 2017-06-14T00:14:30+08:00 ] 117.173.212.85 /ontheroad/Public/common/css/myUi.css
INFO: [ app_init ] --START--
INFO: Run Behavior\BuildLiteBehavior [ RunTime:0.000047s ]
INFO: [ app_init ] --END-- [ RunTime:0.000824s ]
ERR: 无法加载模块:Public

[ 2017-06-14T00:14:30+08:00 ] 117.173.212.85 /ontheroad/Public/common/js/MyUi.js
INFO: [ app_init ] --START--
INFO: Run Behavior\BuildLiteBehavior [ RunTime:0.000048s ]
INFO: [ app_init ] --END-- [ RunTime:0.000835s ]
ERR: 无法加载模块:Public

[ 2017-06-14T00:16:16+08:00 ] 117.173.212.85 /ontheroad/Public/Admin/MinDater/datedropper.css
INFO: [ app_init ] --START--
INFO: Run Behavior\BuildLiteBehavior [ RunTime:0.000048s ]
INFO: [ app_init ] --END-- [ RunTime:0.000842s ]
ERR: 无法加载模块:Public

[ 2017-06-14T00:16:16+08:00 ] 117.173.212.85 /ontheroad/Public/Admin/MinDater/timedropper.min.css
INFO: [ app_init ] --START--
INFO: Run Behavior\BuildLiteBehavior [ RunTime:0.000050s ]
INFO: [ app_init ] --END-- [ RunTime:0.001247s ]
ERR: 无法加载模块:Public

[ 2017-06-14T00:16:16+08:00 ] 117.173.212.85 /ontheroad/Public/common/css/style.css
INFO: [ app_init ] --START--
INFO: Run Behavior\BuildLiteBehavior [ RunTime:0.000048s ]
INFO: [ app_init ] --END-- [ RunTime:0.000813s ]
ERR: 无法加载模块:Public

[ 2017-06-14T00:16:16+08:00 ] 117.173.212.85 /ontheroad/Public/common/css/myUi.css
INFO: [ app_init ] --START--
INFO: Run Behavior\BuildLiteBehavior [ RunTime:0.000047s ]
INFO: [ app_init ] --END-- [ RunTime:0.000848s ]
ERR: 无法加载模块:Public

[ 2017-06-14T00:16:16+08:00 ] 117.173.212.85 /ontheroad/Public/common/js/MyUi.js
INFO: [ app_init ] --START--
INFO: Run Behavior\BuildLiteBehavior [ RunTime:0.000052s ]
INFO: [ app_init ] --END-- [ RunTime:0.000861s ]
ERR: 无法加载模块:Public

[ 2017-06-14T00:16:41+08:00 ] 117.173.212.85 /ontheroad/Public/Admin/MinDater/datedropper.css
INFO: [ app_init ] --START--
INFO: Run Behavior\BuildLiteBehavior [ RunTime:0.000048s ]
INFO: [ app_init ] --END-- [ RunTime:0.000869s ]
ERR: 无法加载模块:Public

[ 2017-06-14T00:16:41+08:00 ] 117.172.25.43 /ontheroad/Public/common/css/style.css
INFO: [ app_init ] --START--
INFO: Run Behavior\BuildLiteBehavior [ RunTime:0.000048s ]
INFO: [ app_init ] --END-- [ RunTime:0.001249s ]
ERR: 无法加载模块:Public

[ 2017-06-14T00:16:41+08:00 ] 117.172.25.43 /ontheroad/Public/Admin/MinDater/timedropper.min.css
INFO: [ app_init ] --START--
INFO: Run Behavior\BuildLiteBehavior [ RunTime:0.000047s ]
INFO: [ app_init ] --END-- [ RunTime:0.000875s ]
ERR: 无法加载模块:Public

[ 2017-06-14T00:16:41+08:00 ] 117.173.212.85 /ontheroad/Public/common/css/myUi.css
INFO: [ app_init ] --START--
INFO: Run Behavior\BuildLiteBehavior [ RunTime:0.000047s ]
INFO: [ app_init ] --END-- [ RunTime:0.000879s ]
ERR: 无法加载模块:Public

[ 2017-06-14T00:16:41+08:00 ] 117.173.212.85 /ontheroad/Public/common/js/MyUi.js
INFO: [ app_init ] --START--
INFO: Run Behavior\BuildLiteBehavior [ RunTime:0.000047s ]
INFO: [ app_init ] --END-- [ RunTime:0.000845s ]
ERR: 无法加载模块:Public

[ 2017-06-14T00:16:42+08:00 ] 117.172.25.43 /ontheroad/Public/common/js/MyUi.js
INFO: [ app_init ] --START--
INFO: Run Behavior\BuildLiteBehavior [ RunTime:0.000047s ]
INFO: [ app_init ] --END-- [ RunTime:0.000829s ]
ERR: 无法加载模块:Public

[ 2017-06-14T00:19:24+08:00 ] 117.172.25.43 /ontheroad/Public/Admin/MinDater/timedropper.min.css
INFO: [ app_init ] --START--
INFO: Run Behavior\BuildLiteBehavior [ RunTime:0.000049s ]
INFO: [ app_init ] --END-- [ RunTime:0.000906s ]
ERR: 无法加载模块:Public

[ 2017-06-14T00:19:24+08:00 ] 117.172.25.43 /ontheroad/Public/Admin/MinDater/datedropper.css
INFO: [ app_init ] --START--
INFO: Run Behavior\BuildLiteBehavior [ RunTime:0.000065s ]
INFO: [ app_init ] --END-- [ RunTime:0.000907s ]
ERR: 无法加载模块:Public

[ 2017-06-14T00:19:24+08:00 ] 117.172.25.43 /ontheroad/Public/common/css/style.css
INFO: [ app_init ] --START--
INFO: Run Behavior\BuildLiteBehavior [ RunTime:0.000048s ]
INFO: [ app_init ] --END-- [ RunTime:0.000837s ]
ERR: 无法加载模块:Public

[ 2017-06-14T00:19:24+08:00 ] 117.172.25.43 /ontheroad/Public/common/css/myUi.css
INFO: [ app_init ] --START--
INFO: Run Behavior\BuildLiteBehavior [ RunTime:0.000047s ]
INFO: [ app_init ] --END-- [ RunTime:0.001022s ]
ERR: 无法加载模块:Public

[ 2017-06-14T00:19:24+08:00 ] 117.172.25.43 /ontheroad/Public/common/js/MyUi.js
INFO: [ app_init ] --START--
INFO: Run Behavior\BuildLiteBehavior [ RunTime:0.000047s ]
INFO: [ app_init ] --END-- [ RunTime:0.000878s ]
ERR: 无法加载模块:Public

[ 2017-06-14T00:24:25+08:00 ] 117.173.212.85 /ontheroad/Public/Admin/MinDater/datedropper.css
INFO: [ app_init ] --START--
INFO: Run Behavior\BuildLiteBehavior [ RunTime:0.000048s ]
INFO: [ app_init ] --END-- [ RunTime:0.000896s ]
ERR: 无法加载模块:Public

[ 2017-06-14T00:24:25+08:00 ] 117.172.25.43 /ontheroad/Public/Admin/MinDater/timedropper.min.css
INFO: [ app_init ] --START--
INFO: Run Behavior\BuildLiteBehavior [ RunTime:0.000060s ]
INFO: [ app_init ] --END-- [ RunTime:0.001016s ]
ERR: 无法加载模块:Public

[ 2017-06-14T00:24:25+08:00 ] 117.173.212.85 /ontheroad/Public/common/css/style.css
INFO: [ app_init ] --START--
INFO: Run Behavior\BuildLiteBehavior [ RunTime:0.000047s ]
INFO: [ app_init ] --END-- [ RunTime:0.000852s ]
ERR: 无法加载模块:Public

[ 2017-06-14T00:24:25+08:00 ] 117.172.25.43 /ontheroad/Public/common/css/myUi.css
INFO: [ app_init ] --START--
INFO: Run Behavior\BuildLiteBehavior [ RunTime:0.000047s ]
INFO: [ app_init ] --END-- [ RunTime:0.000888s ]
ERR: 无法加载模块:Public

[ 2017-06-14T00:24:25+08:00 ] 117.173.212.85 /ontheroad/Public/common/js/MyUi.js
INFO: [ app_init ] --START--
INFO: Run Behavior\BuildLiteBehavior [ RunTime:0.000047s ]
INFO: [ app_init ] --END-- [ RunTime:0.000842s ]
ERR: 无法加载模块:Public

[ 2017-06-14T00:28:16+08:00 ] 117.172.25.43 /ontheroad/Public/Admin/MinDater/datedropper.css
INFO: [ app_init ] --START--
INFO: Run Behavior\BuildLiteBehavior [ RunTime:0.000048s ]
INFO: [ app_init ] --END-- [ RunTime:0.000872s ]
ERR: 无法加载模块:Public

[ 2017-06-14T00:28:16+08:00 ] 117.173.212.85 /ontheroad/Public/Admin/MinDater/timedropper.min.css
INFO: [ app_init ] --START--
INFO: Run Behavior\BuildLiteBehavior [ RunTime:0.000047s ]
INFO: [ app_init ] --END-- [ RunTime:0.000845s ]
ERR: 无法加载模块:Public

[ 2017-06-14T00:28:16+08:00 ] 117.172.25.43 /ontheroad/Public/common/css/style.css
INFO: [ app_init ] --START--
INFO: Run Behavior\BuildLiteBehavior [ RunTime:0.000047s ]
INFO: [ app_init ] --END-- [ RunTime:0.000835s ]
ERR: 无法加载模块:Public

[ 2017-06-14T00:28:16+08:00 ] 117.173.212.85 /ontheroad/Public/common/css/myUi.css
INFO: [ app_init ] --START--
INFO: Run Behavior\BuildLiteBehavior [ RunTime:0.000047s ]
INFO: [ app_init ] --END-- [ RunTime:0.000849s ]
ERR: 无法加载模块:Public

[ 2017-06-14T00:28:16+08:00 ] 117.172.25.43 /ontheroad/Public/common/js/MyUi.js
INFO: [ app_init ] --START--
INFO: Run Behavior\BuildLiteBehavior [ RunTime:0.000047s ]
INFO: [ app_init ] --END-- [ RunTime:0.000906s ]
ERR: 无法加载模块:Public

[ 2017-06-14T00:31:48+08:00 ] 117.173.212.85 /ontheroad/Public/Admin/MinDater/timedropper.min.css
INFO: [ app_init ] --START--
INFO: Run Behavior\BuildLiteBehavior [ RunTime:0.000048s ]
INFO: [ app_init ] --END-- [ RunTime:0.000840s ]
ERR: 无法加载模块:Public

[ 2017-06-14T00:31:48+08:00 ] 117.173.212.85 /ontheroad/Public/Admin/MinDater/datedropper.css
INFO: [ app_init ] --START--
INFO: Run Behavior\BuildLiteBehavior [ RunTime:0.000047s ]
INFO: [ app_init ] --END-- [ RunTime:0.000839s ]
ERR: 无法加载模块:Public

[ 2017-06-14T00:31:48+08:00 ] 117.172.25.43 /ontheroad/Public/common/js/MyUi.js
INFO: [ app_init ] --START--
INFO: Run Behavior\BuildLiteBehavior [ RunTime:0.000048s ]
INFO: [ app_init ] --END-- [ RunTime:0.000821s ]
ERR: 无法加载模块:Public

[ 2017-06-14T00:31:48+08:00 ] 117.172.25.43 /ontheroad/Public/common/css/myUi.css
INFO: [ app_init ] --START--
INFO: Run Behavior\BuildLiteBehavior [ RunTime:0.000048s ]
INFO: [ app_init ] --END-- [ RunTime:0.000818s ]
ERR: 无法加载模块:Public

[ 2017-06-14T00:31:48+08:00 ] 117.173.212.85 /ontheroad/Public/common/css/style.css
INFO: [ app_init ] --START--
INFO: Run Behavior\BuildLiteBehavior [ RunTime:0.000047s ]
INFO: [ app_init ] --END-- [ RunTime:0.000832s ]
ERR: 无法加载模块:Public

[ 2017-06-14T00:31:49+08:00 ] 117.173.212.85 /ontheroad/Public/common/js/MyUi.js
INFO: [ app_init ] --START--
INFO: Run Behavior\BuildLiteBehavior [ RunTime:0.000048s ]
INFO: [ app_init ] --END-- [ RunTime:0.000850s ]
ERR: 无法加载模块:Public

[ 2017-06-14T00:32:59+08:00 ] 117.173.212.85 /ontheroad/Public/Admin/MinDater/timedropper.min.css
INFO: [ app_init ] --START--
INFO: Run Behavior\BuildLiteBehavior [ RunTime:0.000079s ]
INFO: [ app_init ] --END-- [ RunTime:0.001052s ]
ERR: 无法加载模块:Public

[ 2017-06-14T00:32:59+08:00 ] 117.173.212.85 /ontheroad/Public/Admin/MinDater/datedropper.css
INFO: [ app_init ] --START--
INFO: Run Behavior\BuildLiteBehavior [ RunTime:0.000048s ]
INFO: [ app_init ] --END-- [ RunTime:0.000952s ]
ERR: 无法加载模块:Public

[ 2017-06-14T00:32:59+08:00 ] 117.173.212.85 /ontheroad/Public/common/css/style.css
INFO: [ app_init ] --START--
INFO: Run Behavior\BuildLiteBehavior [ RunTime:0.000050s ]
INFO: [ app_init ] --END-- [ RunTime:0.000863s ]
ERR: 无法加载模块:Public

[ 2017-06-14T00:32:59+08:00 ] 117.173.212.85 /ontheroad/Public/common/css/myUi.css
INFO: [ app_init ] --START--
INFO: Run Behavior\BuildLiteBehavior [ RunTime:0.000048s ]
INFO: [ app_init ] --END-- [ RunTime:0.000845s ]
ERR: 无法加载模块:Public

[ 2017-06-14T00:32:59+08:00 ] 117.173.212.85 /ontheroad/Public/common/js/MyUi.js
INFO: [ app_init ] --START--
INFO: Run Behavior\BuildLiteBehavior [ RunTime:0.000048s ]
INFO: [ app_init ] --END-- [ RunTime:0.000863s ]
ERR: 无法加载模块:Public

[ 2017-06-14T00:33:25+08:00 ] 117.172.25.43 /ontheroad/Public/Admin/MinDater/datedropper.css
INFO: [ app_init ] --START--
INFO: Run Behavior\BuildLiteBehavior [ RunTime:0.000048s ]
INFO: [ app_init ] --END-- [ RunTime:0.000845s ]
ERR: 无法加载模块:Public

[ 2017-06-14T00:33:25+08:00 ] 117.172.25.43 /ontheroad/Public/Admin/MinDater/timedropper.min.css
INFO: [ app_init ] --START--
INFO: Run Behavior\BuildLiteBehavior [ RunTime:0.000048s ]
INFO: [ app_init ] --END-- [ RunTime:0.000869s ]
ERR: 无法加载模块:Public

[ 2017-06-14T00:33:25+08:00 ] 117.172.25.43 /ontheroad/Public/common/css/style.css
INFO: [ app_init ] --START--
INFO: Run Behavior\BuildLiteBehavior [ RunTime:0.000048s ]
INFO: [ app_init ] --END-- [ RunTime:0.000838s ]
ERR: 无法加载模块:Public

[ 2017-06-14T00:33:25+08:00 ] 117.172.25.43 /ontheroad/Public/common/css/myUi.css
INFO: [ app_init ] --START--
INFO: Run Behavior\BuildLiteBehavior [ RunTime:0.000048s ]
INFO: [ app_init ] --END-- [ RunTime:0.000829s ]
ERR: 无法加载模块:Public

[ 2017-06-14T00:33:25+08:00 ] 117.172.25.43 /ontheroad/Public/common/js/MyUi.js
INFO: [ app_init ] --START--
INFO: Run Behavior\BuildLiteBehavior [ RunTime:0.000048s ]
INFO: [ app_init ] --END-- [ RunTime:0.000847s ]
ERR: 无法加载模块:Public

[ 2017-06-14T00:34:35+08:00 ] 117.173.212.85 /ontheroad/Public/Admin/MinDater/timedropper.min.css
INFO: [ app_init ] --START--
INFO: Run Behavior\BuildLiteBehavior [ RunTime:0.000049s ]
INFO: [ app_init ] --END-- [ RunTime:0.000886s ]
ERR: 无法加载模块:Public

[ 2017-06-14T00:34:35+08:00 ] 117.173.212.85 /ontheroad/Public/Admin/MinDater/datedropper.css
INFO: [ app_init ] --START--
INFO: Run Behavior\BuildLiteBehavior [ RunTime:0.000048s ]
INFO: [ app_init ] --END-- [ RunTime:0.000864s ]
ERR: 无法加载模块:Public

[ 2017-06-14T00:34:35+08:00 ] 117.173.212.85 /ontheroad/Public/common/css/style.css
INFO: [ app_init ] --START--
INFO: Run Behavior\BuildLiteBehavior [ RunTime:0.000048s ]
INFO: [ app_init ] --END-- [ RunTime:0.000909s ]
ERR: 无法加载模块:Public

[ 2017-06-14T00:34:35+08:00 ] 117.173.212.85 /ontheroad/Public/common/css/myUi.css
INFO: [ app_init ] --START--
INFO: Run Behavior\BuildLiteBehavior [ RunTime:0.000048s ]
INFO: [ app_init ] --END-- [ RunTime:0.000833s ]
ERR: 无法加载模块:Public

[ 2017-06-14T00:34:36+08:00 ] 117.173.212.85 /ontheroad/Public/common/js/MyUi.js
INFO: [ app_init ] --START--
INFO: Run Behavior\BuildLiteBehavior [ RunTime:0.000049s ]
INFO: [ app_init ] --END-- [ RunTime:0.000947s ]
ERR: 无法加载模块:Public

[ 2017-06-14T00:35:48+08:00 ] 117.173.212.85 /ontheroad/Public/common/css/style.css
INFO: [ app_init ] --START--
INFO: Run Behavior\BuildLiteBehavior [ RunTime:0.000049s ]
INFO: [ app_init ] --END-- [ RunTime:0.000884s ]
ERR: 无法加载模块:Public

[ 2017-06-14T00:35:49+08:00 ] 117.172.25.43 /ontheroad/Public/Admin/MinDater/timedropper.min.css
INFO: [ app_init ] --START--
INFO: Run Behavior\BuildLiteBehavior [ RunTime:0.000049s ]
INFO: [ app_init ] --END-- [ RunTime:0.000902s ]
ERR: 无法加载模块:Public

[ 2017-06-14T00:35:49+08:00 ] 117.173.212.85 /ontheroad/Public/Admin/MinDater/datedropper.css
INFO: [ app_init ] --START--
INFO: Run Behavior\BuildLiteBehavior [ RunTime:0.000075s ]
INFO: [ app_init ] --END-- [ RunTime:0.000902s ]
ERR: 无法加载模块:Public

[ 2017-06-14T00:35:49+08:00 ] 117.173.212.85 /ontheroad/Public/common/css/myUi.css
INFO: [ app_init ] --START--
INFO: Run Behavior\BuildLiteBehavior [ RunTime:0.000047s ]
INFO: [ app_init ] --END-- [ RunTime:0.000816s ]
ERR: 无法加载模块:Public

[ 2017-06-14T00:35:49+08:00 ] 117.172.25.43 /ontheroad/Public/common/js/MyUi.js
INFO: [ app_init ] --START--
INFO: Run Behavior\BuildLiteBehavior [ RunTime:0.000047s ]
INFO: [ app_init ] --END-- [ RunTime:0.000823s ]
ERR: 无法加载模块:Public

[ 2017-06-14T00:36:47+08:00 ] 117.173.212.85 /ontheroad/Public/Admin/MinDater/datedropper.css
INFO: [ app_init ] --START--
INFO: Run Behavior\BuildLiteBehavior [ RunTime:0.000048s ]
INFO: [ app_init ] --END-- [ RunTime:0.000862s ]
ERR: 无法加载模块:Public

[ 2017-06-14T00:36:47+08:00 ] 117.172.25.43 /ontheroad/Public/Admin/MinDater/timedropper.min.css
INFO: [ app_init ] --START--
INFO: Run Behavior\BuildLiteBehavior [ RunTime:0.000048s ]
INFO: [ app_init ] --END-- [ RunTime:0.000864s ]
ERR: 无法加载模块:Public

[ 2017-06-14T00:36:47+08:00 ] 117.173.212.85 /ontheroad/Public/common/css/style.css
INFO: [ app_init ] --START--
INFO: Run Behavior\BuildLiteBehavior [ RunTime:0.000048s ]
INFO: [ app_init ] --END-- [ RunTime:0.000864s ]
ERR: 无法加载模块:Public

[ 2017-06-14T00:36:47+08:00 ] 117.172.25.43 /ontheroad/Public/common/css/myUi.css
INFO: [ app_init ] --START--
INFO: Run Behavior\BuildLiteBehavior [ RunTime:0.000047s ]
INFO: [ app_init ] --END-- [ RunTime:0.000835s ]
ERR: 无法加载模块:Public

[ 2017-06-14T00:36:47+08:00 ] 117.173.212.85 /ontheroad/Public/common/js/MyUi.js
INFO: [ app_init ] --START--
INFO: Run Behavior\BuildLiteBehavior [ RunTime:0.000048s ]
INFO: [ app_init ] --END-- [ RunTime:0.000972s ]
ERR: 无法加载模块:Public

[ 2017-06-14T00:38:07+08:00 ] 117.172.25.43 /ontheroad/Public/Admin/MinDater/datedropper.css
INFO: [ app_init ] --START--
INFO: Run Behavior\BuildLiteBehavior [ RunTime:0.000049s ]
INFO: [ app_init ] --END-- [ RunTime:0.000922s ]
ERR: 无法加载模块:Public

[ 2017-06-14T00:38:07+08:00 ] 117.173.212.85 /ontheroad/Public/common/css/style.css
INFO: [ app_init ] --START--
INFO: Run Behavior\BuildLiteBehavior [ RunTime:0.000046s ]
INFO: [ app_init ] --END-- [ RunTime:0.000839s ]
ERR: 无法加载模块:Public

[ 2017-06-14T00:38:07+08:00 ] 117.172.25.43 /ontheroad/Public/Admin/MinDater/timedropper.min.css
INFO: [ app_init ] --START--
INFO: Run Behavior\BuildLiteBehavior [ RunTime:0.000048s ]
INFO: [ app_init ] --END-- [ RunTime:0.000861s ]
ERR: 无法加载模块:Public

[ 2017-06-14T00:38:07+08:00 ] 117.172.25.43 /ontheroad/Public/common/css/myUi.css
INFO: [ app_init ] --START--
INFO: Run Behavior\BuildLiteBehavior [ RunTime:0.000047s ]
INFO: [ app_init ] --END-- [ RunTime:0.000846s ]
ERR: 无法加载模块:Public

[ 2017-06-14T00:38:07+08:00 ] 117.173.212.85 /ontheroad/Public/common/js/MyUi.js
INFO: [ app_init ] --START--
INFO: Run Behavior\BuildLiteBehavior [ RunTime:0.000047s ]
INFO: [ app_init ] --END-- [ RunTime:0.000871s ]
ERR: 无法加载模块:Public

[ 2017-06-14T00:39:07+08:00 ] 117.173.212.85 /ontheroad/Public/Admin/MinDater/datedropper.css
INFO: [ app_init ] --START--
INFO: Run Behavior\BuildLiteBehavior [ RunTime:0.000048s ]
INFO: [ app_init ] --END-- [ RunTime:0.000896s ]
ERR: 无法加载模块:Public

[ 2017-06-14T00:39:07+08:00 ] 117.172.25.43 /ontheroad/Public/Admin/MinDater/timedropper.min.css
INFO: [ app_init ] --START--
INFO: Run Behavior\BuildLiteBehavior [ RunTime:0.000047s ]
INFO: [ app_init ] --END-- [ RunTime:0.001091s ]
ERR: 无法加载模块:Public

[ 2017-06-14T00:39:07+08:00 ] 117.173.212.85 /ontheroad/Public/common/css/style.css
INFO: [ app_init ] --START--
INFO: Run Behavior\BuildLiteBehavior [ RunTime:0.000048s ]
INFO: [ app_init ] --END-- [ RunTime:0.000883s ]
ERR: 无法加载模块:Public

[ 2017-06-14T00:39:07+08:00 ] 117.172.25.43 /ontheroad/Public/common/css/myUi.css
INFO: [ app_init ] --START--
INFO: Run Behavior\BuildLiteBehavior [ RunTime:0.000047s ]
INFO: [ app_init ] --END-- [ RunTime:0.000839s ]
ERR: 无法加载模块:Public

[ 2017-06-14T00:39:07+08:00 ] 117.173.212.85 /ontheroad/Public/common/js/MyUi.js
INFO: [ app_init ] --START--
INFO: Run Behavior\BuildLiteBehavior [ RunTime:0.000050s ]
INFO: [ app_init ] --END-- [ RunTime:0.000920s ]
ERR: 无法加载模块:Public

[ 2017-06-14T00:39:21+08:00 ] 117.172.25.43 /ontheroad/Public/Admin/MinDater/datedropper.css
INFO: [ app_init ] --START--
INFO: Run Behavior\BuildLiteBehavior [ RunTime:0.000047s ]
INFO: [ app_init ] --END-- [ RunTime:0.000859s ]
ERR: 无法加载模块:Public

[ 2017-06-14T00:39:21+08:00 ] 117.172.25.43 /ontheroad/Public/Admin/MinDater/timedropper.min.css
INFO: [ app_init ] --START--
INFO: Run Behavior\BuildLiteBehavior [ RunTime:0.000047s ]
INFO: [ app_init ] --END-- [ RunTime:0.000832s ]
ERR: 无法加载模块:Public

[ 2017-06-14T00:39:21+08:00 ] 117.172.25.43 /ontheroad/Public/common/css/style.css
INFO: [ app_init ] --START--
INFO: Run Behavior\BuildLiteBehavior [ RunTime:0.000047s ]
INFO: [ app_init ] --END-- [ RunTime:0.000866s ]
ERR: 无法加载模块:Public

[ 2017-06-14T00:39:21+08:00 ] 117.172.25.43 /ontheroad/Public/common/css/myUi.css
INFO: [ app_init ] --START--
INFO: Run Behavior\BuildLiteBehavior [ RunTime:0.000047s ]
INFO: [ app_init ] --END-- [ RunTime:0.000873s ]
ERR: 无法加载模块:Public

[ 2017-06-14T00:39:22+08:00 ] 117.172.25.43 /ontheroad/Public/common/js/MyUi.js
INFO: [ app_init ] --START--
INFO: Run Behavior\BuildLiteBehavior [ RunTime:0.000048s ]
INFO: [ app_init ] --END-- [ RunTime:0.000856s ]
ERR: 无法加载模块:Public

[ 2017-06-14T00:41:19+08:00 ] 117.173.212.85 /ontheroad/Public/Admin/MinDater/datedropper.css
INFO: [ app_init ] --START--
INFO: Run Behavior\BuildLiteBehavior [ RunTime:0.000048s ]
INFO: [ app_init ] --END-- [ RunTime:0.000912s ]
ERR: 无法加载模块:Public

[ 2017-06-14T00:41:19+08:00 ] 117.172.25.43 /ontheroad/Public/Admin/MinDater/timedropper.min.css
INFO: [ app_init ] --START--
INFO: Run Behavior\BuildLiteBehavior [ RunTime:0.000048s ]
INFO: [ app_init ] --END-- [ RunTime:0.000832s ]
ERR: 无法加载模块:Public

[ 2017-06-14T00:41:19+08:00 ] 117.173.212.85 /ontheroad/Public/common/css/style.css
INFO: [ app_init ] --START--
INFO: Run Behavior\BuildLiteBehavior [ RunTime:0.000047s ]
INFO: [ app_init ] --END-- [ RunTime:0.001081s ]
ERR: 无法加载模块:Public

[ 2017-06-14T00:41:19+08:00 ] 117.173.212.85 /ontheroad/Public/common/css/myUi.css
INFO: [ app_init ] --START--
INFO: Run Behavior\BuildLiteBehavior [ RunTime:0.000047s ]
INFO: [ app_init ] --END-- [ RunTime:0.000829s ]
ERR: 无法加载模块:Public

[ 2017-06-14T00:41:20+08:00 ] 117.173.212.85 /ontheroad/Public/common/js/MyUi.js
INFO: [ app_init ] --START--
INFO: Run Behavior\BuildLiteBehavior [ RunTime:0.000048s ]
INFO: [ app_init ] --END-- [ RunTime:0.000824s ]
ERR: 无法加载模块:Public

[ 2017-06-14T00:42:50+08:00 ] 117.172.25.43 /ontheroad/Public/Admin/MinDater/datedropper.css
INFO: [ app_init ] --START--
INFO: Run Behavior\BuildLiteBehavior [ RunTime:0.000048s ]
INFO: [ app_init ] --END-- [ RunTime:0.000855s ]
ERR: 无法加载模块:Public

[ 2017-06-14T00:42:50+08:00 ] 117.172.25.43 /ontheroad/Public/Admin/MinDater/timedropper.min.css
INFO: [ app_init ] --START--
INFO: Run Behavior\BuildLiteBehavior [ RunTime:0.000047s ]
INFO: [ app_init ] --END-- [ RunTime:0.000879s ]
ERR: 无法加载模块:Public

[ 2017-06-14T00:42:50+08:00 ] 117.172.25.43 /ontheroad/Public/common/css/style.css
INFO: [ app_init ] --START--
INFO: Run Behavior\BuildLiteBehavior [ RunTime:0.000048s ]
INFO: [ app_init ] --END-- [ RunTime:0.000832s ]
ERR: 无法加载模块:Public

[ 2017-06-14T00:42:50+08:00 ] 117.172.25.43 /ontheroad/Public/common/css/myUi.css
INFO: [ app_init ] --START--
INFO: Run Behavior\BuildLiteBehavior [ RunTime:0.000046s ]
INFO: [ app_init ] --END-- [ RunTime:0.000829s ]
ERR: 无法加载模块:Public

[ 2017-06-14T00:42:50+08:00 ] 117.172.25.43 /ontheroad/Public/common/js/MyUi.js
INFO: [ app_init ] --START--
INFO: Run Behavior\BuildLiteBehavior [ RunTime:0.000047s ]
INFO: [ app_init ] --END-- [ RunTime:0.000811s ]
ERR: 无法加载模块:Public

[ 2017-06-14T00:43:42+08:00 ] 117.173.212.85 /ontheroad/Public/Admin/MinDater/timedropper.min.css
INFO: [ app_init ] --START--
INFO: Run Behavior\BuildLiteBehavior [ RunTime:0.000049s ]
INFO: [ app_init ] --END-- [ RunTime:0.001057s ]
ERR: 无法加载模块:Public

[ 2017-06-14T00:43:42+08:00 ] 117.172.25.43 /ontheroad/Public/Admin/MinDater/datedropper.css
INFO: [ app_init ] --START--
INFO: Run Behavior\BuildLiteBehavior [ RunTime:0.000047s ]
INFO: [ app_init ] --END-- [ RunTime:0.000869s ]
ERR: 无法加载模块:Public

[ 2017-06-14T00:43:42+08:00 ] 117.173.212.85 /ontheroad/Public/common/css/style.css
INFO: [ app_init ] --START--
INFO: Run Behavior\BuildLiteBehavior [ RunTime:0.000047s ]
INFO: [ app_init ] --END-- [ RunTime:0.000837s ]
ERR: 无法加载模块:Public

[ 2017-06-14T00:43:42+08:00 ] 117.172.25.43 /ontheroad/Public/common/css/myUi.css
INFO: [ app_init ] --START--
INFO: Run Behavior\BuildLiteBehavior [ RunTime:0.000049s ]
INFO: [ app_init ] --END-- [ RunTime:0.000848s ]
ERR: 无法加载模块:Public

[ 2017-06-14T00:43:42+08:00 ] 117.173.212.85 /ontheroad/Public/common/js/MyUi.js
INFO: [ app_init ] --START--
INFO: Run Behavior\BuildLiteBehavior [ RunTime:0.000047s ]
INFO: [ app_init ] --END-- [ RunTime:0.000867s ]
ERR: 无法加载模块:Public

[ 2017-06-14T00:44:57+08:00 ] 117.173.212.85 /ontheroad/Public/Admin/MinDater/timedropper.min.css
INFO: [ app_init ] --START--
INFO: Run Behavior\BuildLiteBehavior [ RunTime:0.000048s ]
INFO: [ app_init ] --END-- [ RunTime:0.000864s ]
ERR: 无法加载模块:Public

[ 2017-06-14T00:44:57+08:00 ] 117.172.25.43 /ontheroad/Public/Admin/MinDater/datedropper.css
INFO: [ app_init ] --START--
INFO: Run Behavior\BuildLiteBehavior [ RunTime:0.000046s ]
INFO: [ app_init ] --END-- [ RunTime:0.000839s ]
ERR: 无法加载模块:Public

[ 2017-06-14T00:44:57+08:00 ] 117.173.212.85 /ontheroad/Public/common/css/style.css
INFO: [ app_init ] --START--
INFO: Run Behavior\BuildLiteBehavior [ RunTime:0.000047s ]
INFO: [ app_init ] --END-- [ RunTime:0.000819s ]
ERR: 无法加载模块:Public

[ 2017-06-14T00:44:57+08:00 ] 117.172.25.43 /ontheroad/Public/common/css/myUi.css
INFO: [ app_init ] --START--
INFO: Run Behavior\BuildLiteBehavior [ RunTime:0.000047s ]
INFO: [ app_init ] --END-- [ RunTime:0.000839s ]
ERR: 无法加载模块:Public

[ 2017-06-14T00:44:57+08:00 ] 117.173.212.85 /ontheroad/Public/common/js/MyUi.js
INFO: [ app_init ] --START--
INFO: Run Behavior\BuildLiteBehavior [ RunTime:0.000047s ]
INFO: [ app_init ] --END-- [ RunTime:0.000825s ]
ERR: 无法加载模块:Public

[ 2017-06-14T00:45:37+08:00 ] 117.173.212.85 /ontheroad/Public/Admin/MinDater/timedropper.min.css
INFO: [ app_init ] --START--
INFO: Run Behavior\BuildLiteBehavior [ RunTime:0.000048s ]
INFO: [ app_init ] --END-- [ RunTime:0.000880s ]
ERR: 无法加载模块:Public

[ 2017-06-14T00:45:37+08:00 ] 117.172.25.43 /ontheroad/Public/Admin/MinDater/datedropper.css
INFO: [ app_init ] --START--
INFO: Run Behavior\BuildLiteBehavior [ RunTime:0.000047s ]
INFO: [ app_init ] --END-- [ RunTime:0.000837s ]
ERR: 无法加载模块:Public

[ 2017-06-14T00:45:37+08:00 ] 117.173.212.85 /ontheroad/Public/common/css/style.css
INFO: [ app_init ] --START--
INFO: Run Behavior\BuildLiteBehavior [ RunTime:0.000047s ]
INFO: [ app_init ] --END-- [ RunTime:0.000831s ]
ERR: 无法加载模块:Public

[ 2017-06-14T00:45:37+08:00 ] 117.172.25.43 /ontheroad/Public/common/css/myUi.css
INFO: [ app_init ] --START--
INFO: Run Behavior\BuildLiteBehavior [ RunTime:0.000062s ]
INFO: [ app_init ] --END-- [ RunTime:0.000860s ]
ERR: 无法加载模块:Public

[ 2017-06-14T00:45:37+08:00 ] 117.173.212.85 /ontheroad/Public/common/js/MyUi.js
INFO: [ app_init ] --START--
INFO: Run Behavior\BuildLiteBehavior [ RunTime:0.000047s ]
INFO: [ app_init ] --END-- [ RunTime:0.000819s ]
ERR: 无法加载模块:Public

[ 2017-06-14T00:45:41+08:00 ] 117.173.212.85 /ontheroad/Public/common/css/style.css
INFO: [ app_init ] --START--
INFO: Run Behavior\BuildLiteBehavior [ RunTime:0.000065s ]
INFO: [ app_init ] --END-- [ RunTime:0.004223s ]
ERR: 无法加载模块:Public

[ 2017-06-14T00:45:41+08:00 ] 117.173.212.85 /ontheroad/Public/common/css/myUi.css
INFO: [ app_init ] --START--
INFO: Run Behavior\BuildLiteBehavior [ RunTime:0.000047s ]
INFO: [ app_init ] --END-- [ RunTime:0.000810s ]
ERR: 无法加载模块:Public

[ 2017-06-14T00:45:41+08:00 ] 117.172.25.43 /ontheroad/Public/Admin/MinDater/timedropper.min.css
INFO: [ app_init ] --START--
INFO: Run Behavior\BuildLiteBehavior [ RunTime:0.000047s ]
INFO: [ app_init ] --END-- [ RunTime:0.000908s ]
ERR: 无法加载模块:Public

[ 2017-06-14T00:45:41+08:00 ] 117.173.212.85 /ontheroad/Public/Admin/MinDater/datedropper.css
INFO: [ app_init ] --START--
INFO: Run Behavior\BuildLiteBehavior [ RunTime:0.000047s ]
INFO: [ app_init ] --END-- [ RunTime:0.000901s ]
ERR: 无法加载模块:Public

[ 2017-06-14T00:46:43+08:00 ] 117.173.212.85 /ontheroad/Public/Admin/MinDater/datedropper.css
INFO: [ app_init ] --START--
INFO: Run Behavior\BuildLiteBehavior [ RunTime:0.000047s ]
INFO: [ app_init ] --END-- [ RunTime:0.000841s ]
ERR: 无法加载模块:Public

[ 2017-06-14T00:46:43+08:00 ] 117.172.25.43 /ontheroad/Public/Admin/MinDater/timedropper.min.css
INFO: [ app_init ] --START--
INFO: Run Behavior\BuildLiteBehavior [ RunTime:0.000048s ]
INFO: [ app_init ] --END-- [ RunTime:0.000857s ]
ERR: 无法加载模块:Public

[ 2017-06-14T00:46:43+08:00 ] 117.173.212.85 /ontheroad/Public/common/css/style.css
INFO: [ app_init ] --START--
INFO: Run Behavior\BuildLiteBehavior [ RunTime:0.000064s ]
INFO: [ app_init ] --END-- [ RunTime:0.001000s ]
ERR: 无法加载模块:Public

[ 2017-06-14T00:46:43+08:00 ] 117.172.25.43 /ontheroad/Public/common/css/myUi.css
INFO: [ app_init ] --START--
INFO: Run Behavior\BuildLiteBehavior [ RunTime:0.000063s ]
INFO: [ app_init ] --END-- [ RunTime:0.000830s ]
ERR: 无法加载模块:Public

[ 2017-06-14T00:46:43+08:00 ] 117.173.212.85 /ontheroad/Public/common/js/MyUi.js
INFO: [ app_init ] --START--
INFO: Run Behavior\BuildLiteBehavior [ RunTime:0.000048s ]
INFO: [ app_init ] --END-- [ RunTime:0.000833s ]
ERR: 无法加载模块:Public

[ 2017-06-14T00:51:23+08:00 ] 117.173.212.85 /ontheroad/Public/common/css/myUi.css
INFO: [ app_init ] --START--
INFO: Run Behavior\BuildLiteBehavior [ RunTime:0.000048s ]
INFO: [ app_init ] --END-- [ RunTime:0.000872s ]
ERR: 无法加载模块:Public

[ 2017-06-14T00:51:23+08:00 ] 117.172.25.43 /ontheroad/Public/common/js/MyUi.js
INFO: [ app_init ] --START--
INFO: Run Behavior\BuildLiteBehavior [ RunTime:0.000047s ]
INFO: [ app_init ] --END-- [ RunTime:0.000873s ]
ERR: 无法加载模块:Public

[ 2017-06-14T00:51:23+08:00 ] 117.173.212.85 /ontheroad/Public/Admin/MinDater/timedropper.min.css
INFO: [ app_init ] --START--
INFO: Run Behavior\BuildLiteBehavior [ RunTime:0.000047s ]
INFO: [ app_init ] --END-- [ RunTime:0.000945s ]
ERR: 无法加载模块:Public

[ 2017-06-14T00:51:23+08:00 ] 117.173.212.85 /ontheroad/Public/common/css/style.css
INFO: [ app_init ] --START--
INFO: Run Behavior\BuildLiteBehavior [ RunTime:0.000048s ]
INFO: [ app_init ] --END-- [ RunTime:0.000841s ]
ERR: 无法加载模块:Public

[ 2017-06-14T00:51:23+08:00 ] 117.173.212.85 /ontheroad/Public/Admin/MinDater/datedropper.css
INFO: [ app_init ] --START--
INFO: Run Behavior\BuildLiteBehavior [ RunTime:0.000048s ]
INFO: [ app_init ] --END-- [ RunTime:0.000866s ]
ERR: 无法加载模块:Public

[ 2017-06-14T00:51:23+08:00 ] 117.173.212.85 /ontheroad/Public/common/js/MyUi.js
INFO: [ app_init ] --START--
INFO: Run Behavior\BuildLiteBehavior [ RunTime:0.000047s ]
INFO: [ app_init ] --END-- [ RunTime:0.000872s ]
ERR: 无法加载模块:Public

[ 2017-06-14T00:52:58+08:00 ] 117.172.25.43 /ontheroad/Public/Admin/MinDater/datedropper.css
INFO: [ app_init ] --START--
INFO: Run Behavior\BuildLiteBehavior [ RunTime:0.000063s ]
INFO: [ app_init ] --END-- [ RunTime:0.000905s ]
ERR: 无法加载模块:Public

[ 2017-06-14T00:52:58+08:00 ] 117.172.25.43 /ontheroad/Public/Admin/MinDater/timedropper.min.css
INFO: [ app_init ] --START--
INFO: Run Behavior\BuildLiteBehavior [ RunTime:0.000048s ]
INFO: [ app_init ] --END-- [ RunTime:0.000904s ]
ERR: 无法加载模块:Public

[ 2017-06-14T00:52:59+08:00 ] 117.172.25.43 /ontheroad/Public/common/css/style.css
INFO: [ app_init ] --START--
INFO: Run Behavior\BuildLiteBehavior [ RunTime:0.000047s ]
INFO: [ app_init ] --END-- [ RunTime:0.000948s ]
ERR: 无法加载模块:Public

[ 2017-06-14T00:52:59+08:00 ] 117.172.25.43 /ontheroad/Public/common/css/myUi.css
INFO: [ app_init ] --START--
INFO: Run Behavior\BuildLiteBehavior [ RunTime:0.000047s ]
INFO: [ app_init ] --END-- [ RunTime:0.000877s ]
ERR: 无法加载模块:Public

[ 2017-06-14T00:52:59+08:00 ] 117.172.25.43 /ontheroad/Public/common/js/MyUi.js
INFO: [ app_init ] --START--
INFO: Run Behavior\BuildLiteBehavior [ RunTime:0.000047s ]
INFO: [ app_init ] --END-- [ RunTime:0.000839s ]
ERR: 无法加载模块:Public

[ 2017-06-14T00:53:24+08:00 ] 117.172.25.43 /ontheroad/Public/Admin/MinDater/timedropper.min.css
INFO: [ app_init ] --START--
INFO: Run Behavior\BuildLiteBehavior [ RunTime:0.000048s ]
INFO: [ app_init ] --END-- [ RunTime:0.000872s ]
ERR: 无法加载模块:Public

[ 2017-06-14T00:53:24+08:00 ] 117.173.212.85 /ontheroad/Public/Admin/MinDater/datedropper.css
INFO: [ app_init ] --START--
INFO: Run Behavior\BuildLiteBehavior [ RunTime:0.000047s ]
INFO: [ app_init ] --END-- [ RunTime:0.000875s ]
ERR: 无法加载模块:Public

[ 2017-06-14T00:53:24+08:00 ] 117.172.25.43 /ontheroad/Public/common/css/style.css
INFO: [ app_init ] --START--
INFO: Run Behavior\BuildLiteBehavior [ RunTime:0.000048s ]
INFO: [ app_init ] --END-- [ RunTime:0.000956s ]
ERR: 无法加载模块:Public

[ 2017-06-14T00:53:24+08:00 ] 117.173.212.85 /ontheroad/Public/common/css/myUi.css
INFO: [ app_init ] --START--
INFO: Run Behavior\BuildLiteBehavior [ RunTime:0.000047s ]
INFO: [ app_init ] --END-- [ RunTime:0.000842s ]
ERR: 无法加载模块:Public

[ 2017-06-14T00:53:24+08:00 ] 117.172.25.43 /ontheroad/Public/common/js/MyUi.js
INFO: [ app_init ] --START--
INFO: Run Behavior\BuildLiteBehavior [ RunTime:0.000047s ]
INFO: [ app_init ] --END-- [ RunTime:0.000852s ]
ERR: 无法加载模块:Public

[ 2017-06-14T00:55:45+08:00 ] 117.173.212.85 /ontheroad/Public/Admin/MinDater/datedropper.css
INFO: [ app_init ] --START--
INFO: Run Behavior\BuildLiteBehavior [ RunTime:0.000047s ]
INFO: [ app_init ] --END-- [ RunTime:0.000837s ]
ERR: 无法加载模块:Public

[ 2017-06-14T00:55:45+08:00 ] 117.172.25.43 /ontheroad/Public/Admin/MinDater/timedropper.min.css
INFO: [ app_init ] --START--
INFO: Run Behavior\BuildLiteBehavior [ RunTime:0.000048s ]
INFO: [ app_init ] --END-- [ RunTime:0.000858s ]
ERR: 无法加载模块:Public

[ 2017-06-14T00:55:45+08:00 ] 117.173.212.85 /ontheroad/Public/common/css/style.css
INFO: [ app_init ] --START--
INFO: Run Behavior\BuildLiteBehavior [ RunTime:0.000048s ]
INFO: [ app_init ] --END-- [ RunTime:0.000842s ]
ERR: 无法加载模块:Public

[ 2017-06-14T00:55:45+08:00 ] 117.173.212.85 /ontheroad/Public/common/css/myUi.css
INFO: [ app_init ] --START--
INFO: Run Behavior\BuildLiteBehavior [ RunTime:0.000047s ]
INFO: [ app_init ] --END-- [ RunTime:0.000812s ]
ERR: 无法加载模块:Public

[ 2017-06-14T00:55:45+08:00 ] 117.172.25.43 /ontheroad/Public/common/js/MyUi.js
INFO: [ app_init ] --START--
INFO: Run Behavior\BuildLiteBehavior [ RunTime:0.000046s ]
INFO: [ app_init ] --END-- [ RunTime:0.000835s ]
ERR: 无法加载模块:Public

[ 2017-06-14T00:56:23+08:00 ] 117.173.212.85 /ontheroad/Public/Admin/MinDater/datedropper.css
INFO: [ app_init ] --START--
INFO: Run Behavior\BuildLiteBehavior [ RunTime:0.000048s ]
INFO: [ app_init ] --END-- [ RunTime:0.000892s ]
ERR: 无法加载模块:Public

[ 2017-06-14T00:56:23+08:00 ] 117.173.212.85 /ontheroad/Public/common/css/style.css
INFO: [ app_init ] --START--
INFO: Run Behavior\BuildLiteBehavior [ RunTime:0.000047s ]
INFO: [ app_init ] --END-- [ RunTime:0.000821s ]
ERR: 无法加载模块:Public

[ 2017-06-14T00:56:23+08:00 ] 117.173.212.85 /ontheroad/Public/Admin/MinDater/timedropper.min.css
INFO: [ app_init ] --START--
INFO: Run Behavior\BuildLiteBehavior [ RunTime:0.000048s ]
INFO: [ app_init ] --END-- [ RunTime:0.001033s ]
ERR: 无法加载模块:Public

[ 2017-06-14T00:56:23+08:00 ] 117.172.25.43 /ontheroad/Public/common/css/myUi.css
INFO: [ app_init ] --START--
INFO: Run Behavior\BuildLiteBehavior [ RunTime:0.000047s ]
INFO: [ app_init ] --END-- [ RunTime:0.000817s ]
ERR: 无法加载模块:Public

[ 2017-06-14T00:56:23+08:00 ] 117.172.25.43 /ontheroad/Public/common/js/MyUi.js
INFO: [ app_init ] --START--
INFO: Run Behavior\BuildLiteBehavior [ RunTime:0.000047s ]
INFO: [ app_init ] --END-- [ RunTime:0.000848s ]
ERR: 无法加载模块:Public

