[ 2017-05-05T22:48:06+08:00 ] 140.207.54.74 /ontheroad/index.php/API/WxPay/notify
INFO: [ app_init ] --START--
INFO: Run Behavior\BuildLiteBehavior [ RunTime:0.000049s ]
INFO: [ app_init ] --END-- [ RunTime:0.000888s ]
INFO: [ app_begin ] --START--
INFO: Run Behavior\ReadHtmlCacheBehavior [ RunTime:0.002120s ]
INFO: [ app_begin ] --END-- [ RunTime:0.002369s ]
NOTIC: [8] A session had already been started - ignoring session_start() C:\wamp\www\ontheroad\ThinkPHP\Common\functions.php 第 1263 行.
INFO: WxPay notify start
NOTIC: [2] include(../lib/WxPay.Api.php) [<a href='function.include'>function.include</a>]: failed to open stream: No such file or directory C:\wamp\www\ontheroad\ThinkPHP\Library\Org\WxPay\WxpayAPIV3\example\WxPay.JsApiPay.php 第 2 行.
NOTIC: [2] include() [<a href='function.include'>function.include</a>]: Failed opening '../lib/WxPay.Api.php' for inclusion (include_path='.;C:\php\pear') C:\wamp\www\ontheroad\ThinkPHP\Library\Org\WxPay\WxpayAPIV3\example\WxPay.JsApiPay.php 第 2 行.
NOTIC: [2] include(../lib/WxPay.Notify.php) [<a href='function.include'>function.include</a>]: failed to open stream: No such file or directory C:\wamp\www\ontheroad\ThinkPHP\Library\Org\WxPay\WxpayAPIV3\example\notify.php 第 9 行.
NOTIC: [2] include() [<a href='function.include'>function.include</a>]: Failed opening '../lib/WxPay.Notify.php' for inclusion (include_path='.;C:\php\pear') C:\wamp\www\ontheroad\ThinkPHP\Library\Org\WxPay\WxpayAPIV3\example\notify.php 第 9 行.
INFO: WxPay notify end
INFO: [ app_end ] --START--
INFO: Run Behavior\ShowPageTraceBehavior [ RunTime:0.016120s ]
INFO: [ app_end ] --END-- [ RunTime:0.016380s ]

[ 2017-05-05T22:48:22+08:00 ] 140.207.54.75 /ontheroad/index.php/API/WxPay/notify
INFO: [ app_init ] --START--
INFO: Run Behavior\BuildLiteBehavior [ RunTime:0.000051s ]
INFO: [ app_init ] --END-- [ RunTime:0.000782s ]
INFO: [ app_begin ] --START--
INFO: Run Behavior\ReadHtmlCacheBehavior [ RunTime:0.003131s ]
INFO: [ app_begin ] --END-- [ RunTime:0.003367s ]
NOTIC: [8] A session had already been started - ignoring session_start() C:\wamp\www\ontheroad\ThinkPHP\Common\functions.php 第 1263 行.
INFO: WxPay notify start
NOTIC: [2] include(../lib/WxPay.Api.php) [<a href='function.include'>function.include</a>]: failed to open stream: No such file or directory C:\wamp\www\ontheroad\ThinkPHP\Library\Org\WxPay\WxpayAPIV3\example\WxPay.JsApiPay.php 第 2 行.
NOTIC: [2] include() [<a href='function.include'>function.include</a>]: Failed opening '../lib/WxPay.Api.php' for inclusion (include_path='.;C:\php\pear') C:\wamp\www\ontheroad\ThinkPHP\Library\Org\WxPay\WxpayAPIV3\example\WxPay.JsApiPay.php 第 2 行.
NOTIC: [2] include(../lib/WxPay.Notify.php) [<a href='function.include'>function.include</a>]: failed to open stream: No such file or directory C:\wamp\www\ontheroad\ThinkPHP\Library\Org\WxPay\WxpayAPIV3\example\notify.php 第 9 行.
NOTIC: [2] include() [<a href='function.include'>function.include</a>]: Failed opening '../lib/WxPay.Notify.php' for inclusion (include_path='.;C:\php\pear') C:\wamp\www\ontheroad\ThinkPHP\Library\Org\WxPay\WxpayAPIV3\example\notify.php 第 9 行.
INFO: WxPay notify end
INFO: [ app_end ] --START--
INFO: Run Behavior\ShowPageTraceBehavior [ RunTime:0.001726s ]
INFO: [ app_end ] --END-- [ RunTime:0.001960s ]

[ 2017-05-05T22:48:41+08:00 ] 140.207.54.75 /ontheroad/index.php/API/WxPay/notify
INFO: [ app_init ] --START--
INFO: Run Behavior\BuildLiteBehavior [ RunTime:0.000048s ]
INFO: [ app_init ] --END-- [ RunTime:0.000841s ]
INFO: [ app_begin ] --START--
INFO: Run Behavior\ReadHtmlCacheBehavior [ RunTime:0.001767s ]
INFO: [ app_begin ] --END-- [ RunTime:0.002002s ]
NOTIC: [8] A session had already been started - ignoring session_start() C:\wamp\www\ontheroad\ThinkPHP\Common\functions.php 第 1263 行.
INFO: WxPay notify start
NOTIC: [2] include(../lib/WxPay.Api.php) [<a href='function.include'>function.include</a>]: failed to open stream: No such file or directory C:\wamp\www\ontheroad\ThinkPHP\Library\Org\WxPay\WxpayAPIV3\example\WxPay.JsApiPay.php 第 2 行.
NOTIC: [2] include() [<a href='function.include'>function.include</a>]: Failed opening '../lib/WxPay.Api.php' for inclusion (include_path='.;C:\php\pear') C:\wamp\www\ontheroad\ThinkPHP\Library\Org\WxPay\WxpayAPIV3\example\WxPay.JsApiPay.php 第 2 行.
NOTIC: [2] include(../lib/WxPay.Notify.php) [<a href='function.include'>function.include</a>]: failed to open stream: No such file or directory C:\wamp\www\ontheroad\ThinkPHP\Library\Org\WxPay\WxpayAPIV3\example\notify.php 第 9 行.
NOTIC: [2] include() [<a href='function.include'>function.include</a>]: Failed opening '../lib/WxPay.Notify.php' for inclusion (include_path='.;C:\php\pear') C:\wamp\www\ontheroad\ThinkPHP\Library\Org\WxPay\WxpayAPIV3\example\notify.php 第 9 行.
INFO: WxPay notify end
INFO: [ app_end ] --START--
INFO: Run Behavior\ShowPageTraceBehavior [ RunTime:0.001907s ]
INFO: [ app_end ] --END-- [ RunTime:0.002140s ]

[ 2017-05-05T22:49:13+08:00 ] 140.207.54.75 /ontheroad/index.php/API/WxPay/notify
INFO: [ app_init ] --START--
INFO: Run Behavior\BuildLiteBehavior [ RunTime:0.000052s ]
INFO: [ app_init ] --END-- [ RunTime:0.000971s ]
INFO: [ app_begin ] --START--
INFO: Run Behavior\ReadHtmlCacheBehavior [ RunTime:0.011760s ]
INFO: [ app_begin ] --END-- [ RunTime:0.012006s ]
NOTIC: [8] A session had already been started - ignoring session_start() C:\wamp\www\ontheroad\ThinkPHP\Common\functions.php 第 1263 行.
INFO: WxPay notify start
NOTIC: [2] include(../lib/WxPay.Api.php) [<a href='function.include'>function.include</a>]: failed to open stream: No such file or directory C:\wamp\www\ontheroad\ThinkPHP\Library\Org\WxPay\WxpayAPIV3\example\WxPay.JsApiPay.php 第 2 行.
NOTIC: [2] include() [<a href='function.include'>function.include</a>]: Failed opening '../lib/WxPay.Api.php' for inclusion (include_path='.;C:\php\pear') C:\wamp\www\ontheroad\ThinkPHP\Library\Org\WxPay\WxpayAPIV3\example\WxPay.JsApiPay.php 第 2 行.
NOTIC: [2] include(../lib/WxPay.Notify.php) [<a href='function.include'>function.include</a>]: failed to open stream: No such file or directory C:\wamp\www\ontheroad\ThinkPHP\Library\Org\WxPay\WxpayAPIV3\example\notify.php 第 9 行.
NOTIC: [2] include() [<a href='function.include'>function.include</a>]: Failed opening '../lib/WxPay.Notify.php' for inclusion (include_path='.;C:\php\pear') C:\wamp\www\ontheroad\ThinkPHP\Library\Org\WxPay\WxpayAPIV3\example\notify.php 第 9 行.
INFO: WxPay notify end
INFO: [ app_end ] --START--
INFO: Run Behavior\ShowPageTraceBehavior [ RunTime:0.009893s ]
INFO: [ app_end ] --END-- [ RunTime:0.010137s ]

[ 2017-05-05T22:50:33+08:00 ] 140.207.54.74 /ontheroad/index.php/API/WxPay/notify
INFO: [ app_init ] --START--
INFO: Run Behavior\BuildLiteBehavior [ RunTime:0.000047s ]
INFO: [ app_init ] --END-- [ RunTime:0.000779s ]
INFO: [ app_begin ] --START--
INFO: Run Behavior\ReadHtmlCacheBehavior [ RunTime:0.001642s ]
INFO: [ app_begin ] --END-- [ RunTime:0.001875s ]
NOTIC: [8] A session had already been started - ignoring session_start() C:\wamp\www\ontheroad\ThinkPHP\Common\functions.php 第 1263 行.
INFO: WxPay notify start
NOTIC: [2] include(../lib/WxPay.Api.php) [<a href='function.include'>function.include</a>]: failed to open stream: No such file or directory C:\wamp\www\ontheroad\ThinkPHP\Library\Org\WxPay\WxpayAPIV3\example\WxPay.JsApiPay.php 第 2 行.
NOTIC: [2] include() [<a href='function.include'>function.include</a>]: Failed opening '../lib/WxPay.Api.php' for inclusion (include_path='.;C:\php\pear') C:\wamp\www\ontheroad\ThinkPHP\Library\Org\WxPay\WxpayAPIV3\example\WxPay.JsApiPay.php 第 2 行.
NOTIC: [2] include(../lib/WxPay.Notify.php) [<a href='function.include'>function.include</a>]: failed to open stream: No such file or directory C:\wamp\www\ontheroad\ThinkPHP\Library\Org\WxPay\WxpayAPIV3\example\notify.php 第 9 行.
NOTIC: [2] include() [<a href='function.include'>function.include</a>]: Failed opening '../lib/WxPay.Notify.php' for inclusion (include_path='.;C:\php\pear') C:\wamp\www\ontheroad\ThinkPHP\Library\Org\WxPay\WxpayAPIV3\example\notify.php 第 9 行.
INFO: WxPay notify end
INFO: [ app_end ] --START--
INFO: Run Behavior\ShowPageTraceBehavior [ RunTime:0.003664s ]
INFO: [ app_end ] --END-- [ RunTime:0.003903s ]

[ 2017-05-05T22:50:45+08:00 ] 140.207.54.74 /ontheroad/index.php/API/WxPay/notify
INFO: [ app_init ] --START--
INFO: Run Behavior\BuildLiteBehavior [ RunTime:0.000064s ]
INFO: [ app_init ] --END-- [ RunTime:0.000829s ]
INFO: [ app_begin ] --START--
INFO: Run Behavior\ReadHtmlCacheBehavior [ RunTime:0.001725s ]
INFO: [ app_begin ] --END-- [ RunTime:0.001962s ]
NOTIC: [8] A session had already been started - ignoring session_start() C:\wamp\www\ontheroad\ThinkPHP\Common\functions.php 第 1263 行.
INFO: WxPay notify start
NOTIC: [2] include(../lib/WxPay.Api.php) [<a href='function.include'>function.include</a>]: failed to open stream: No such file or directory C:\wamp\www\ontheroad\ThinkPHP\Library\Org\WxPay\WxpayAPIV3\example\WxPay.JsApiPay.php 第 2 行.
NOTIC: [2] include() [<a href='function.include'>function.include</a>]: Failed opening '../lib/WxPay.Api.php' for inclusion (include_path='.;C:\php\pear') C:\wamp\www\ontheroad\ThinkPHP\Library\Org\WxPay\WxpayAPIV3\example\WxPay.JsApiPay.php 第 2 行.
NOTIC: [2] include(../lib/WxPay.Notify.php) [<a href='function.include'>function.include</a>]: failed to open stream: No such file or directory C:\wamp\www\ontheroad\ThinkPHP\Library\Org\WxPay\WxpayAPIV3\example\notify.php 第 9 行.
NOTIC: [2] include() [<a href='function.include'>function.include</a>]: Failed opening '../lib/WxPay.Notify.php' for inclusion (include_path='.;C:\php\pear') C:\wamp\www\ontheroad\ThinkPHP\Library\Org\WxPay\WxpayAPIV3\example\notify.php 第 9 行.
INFO: WxPay notify end
INFO: [ app_end ] --START--
INFO: Run Behavior\ShowPageTraceBehavior [ RunTime:0.001693s ]
INFO: [ app_end ] --END-- [ RunTime:0.001956s ]

[ 2017-05-05T22:51:03+08:00 ] 140.207.54.76 /ontheroad/index.php/API/WxPay/notify
INFO: [ app_init ] --START--
INFO: Run Behavior\BuildLiteBehavior [ RunTime:0.000047s ]
INFO: [ app_init ] --END-- [ RunTime:0.000791s ]
INFO: [ app_begin ] --START--
INFO: Run Behavior\ReadHtmlCacheBehavior [ RunTime:0.001708s ]
INFO: [ app_begin ] --END-- [ RunTime:0.001941s ]
NOTIC: [8] A session had already been started - ignoring session_start() C:\wamp\www\ontheroad\ThinkPHP\Common\functions.php 第 1263 行.
INFO: WxPay notify start
NOTIC: [2] include(../lib/WxPay.Api.php) [<a href='function.include'>function.include</a>]: failed to open stream: No such file or directory C:\wamp\www\ontheroad\ThinkPHP\Library\Org\WxPay\WxpayAPIV3\example\WxPay.JsApiPay.php 第 2 行.
NOTIC: [2] include() [<a href='function.include'>function.include</a>]: Failed opening '../lib/WxPay.Api.php' for inclusion (include_path='.;C:\php\pear') C:\wamp\www\ontheroad\ThinkPHP\Library\Org\WxPay\WxpayAPIV3\example\WxPay.JsApiPay.php 第 2 行.
NOTIC: [2] include(../lib/WxPay.Notify.php) [<a href='function.include'>function.include</a>]: failed to open stream: No such file or directory C:\wamp\www\ontheroad\ThinkPHP\Library\Org\WxPay\WxpayAPIV3\example\notify.php 第 9 行.
NOTIC: [2] include() [<a href='function.include'>function.include</a>]: Failed opening '../lib/WxPay.Notify.php' for inclusion (include_path='.;C:\php\pear') C:\wamp\www\ontheroad\ThinkPHP\Library\Org\WxPay\WxpayAPIV3\example\notify.php 第 9 行.
INFO: WxPay notify end
INFO: [ app_end ] --START--
INFO: Run Behavior\ShowPageTraceBehavior [ RunTime:0.001758s ]
INFO: [ app_end ] --END-- [ RunTime:0.001995s ]

[ 2017-05-05T22:51:35+08:00 ] 140.207.54.74 /ontheroad/index.php/API/WxPay/notify
INFO: [ app_init ] --START--
INFO: Run Behavior\BuildLiteBehavior [ RunTime:0.000049s ]
INFO: [ app_init ] --END-- [ RunTime:0.000823s ]
INFO: [ app_begin ] --START--
INFO: Run Behavior\ReadHtmlCacheBehavior [ RunTime:0.001729s ]
INFO: [ app_begin ] --END-- [ RunTime:0.001980s ]
NOTIC: [8] A session had already been started - ignoring session_start() C:\wamp\www\ontheroad\ThinkPHP\Common\functions.php 第 1263 行.
INFO: WxPay notify start
NOTIC: [2] include(../lib/WxPay.Api.php) [<a href='function.include'>function.include</a>]: failed to open stream: No such file or directory C:\wamp\www\ontheroad\ThinkPHP\Library\Org\WxPay\WxpayAPIV3\example\WxPay.JsApiPay.php 第 2 行.
NOTIC: [2] include() [<a href='function.include'>function.include</a>]: Failed opening '../lib/WxPay.Api.php' for inclusion (include_path='.;C:\php\pear') C:\wamp\www\ontheroad\ThinkPHP\Library\Org\WxPay\WxpayAPIV3\example\WxPay.JsApiPay.php 第 2 行.
NOTIC: [2] include(../lib/WxPay.Notify.php) [<a href='function.include'>function.include</a>]: failed to open stream: No such file or directory C:\wamp\www\ontheroad\ThinkPHP\Library\Org\WxPay\WxpayAPIV3\example\notify.php 第 9 行.
NOTIC: [2] include() [<a href='function.include'>function.include</a>]: Failed opening '../lib/WxPay.Notify.php' for inclusion (include_path='.;C:\php\pear') C:\wamp\www\ontheroad\ThinkPHP\Library\Org\WxPay\WxpayAPIV3\example\notify.php 第 9 行.
INFO: WxPay notify end
INFO: [ app_end ] --START--
INFO: Run Behavior\ShowPageTraceBehavior [ RunTime:0.003636s ]
INFO: [ app_end ] --END-- [ RunTime:0.003888s ]

[ 2017-05-05T22:52:15+08:00 ] 140.207.54.75 /ontheroad/index.php/API/WxPay/notify
INFO: [ app_init ] --START--
INFO: Run Behavior\BuildLiteBehavior [ RunTime:0.000047s ]
INFO: [ app_init ] --END-- [ RunTime:0.000840s ]
INFO: [ app_begin ] --START--
INFO: Run Behavior\ReadHtmlCacheBehavior [ RunTime:0.001858s ]
INFO: [ app_begin ] --END-- [ RunTime:0.002091s ]
NOTIC: [8] A session had already been started - ignoring session_start() C:\wamp\www\ontheroad\ThinkPHP\Common\functions.php 第 1263 行.
INFO: WxPay notify start
NOTIC: [2] include(../lib/WxPay.Api.php) [<a href='function.include'>function.include</a>]: failed to open stream: No such file or directory C:\wamp\www\ontheroad\ThinkPHP\Library\Org\WxPay\WxpayAPIV3\example\WxPay.JsApiPay.php 第 2 行.
NOTIC: [2] include() [<a href='function.include'>function.include</a>]: Failed opening '../lib/WxPay.Api.php' for inclusion (include_path='.;C:\php\pear') C:\wamp\www\ontheroad\ThinkPHP\Library\Org\WxPay\WxpayAPIV3\example\WxPay.JsApiPay.php 第 2 行.
NOTIC: [2] include(../lib/WxPay.Notify.php) [<a href='function.include'>function.include</a>]: failed to open stream: No such file or directory C:\wamp\www\ontheroad\ThinkPHP\Library\Org\WxPay\WxpayAPIV3\example\notify.php 第 9 行.
NOTIC: [2] include() [<a href='function.include'>function.include</a>]: Failed opening '../lib/WxPay.Notify.php' for inclusion (include_path='.;C:\php\pear') C:\wamp\www\ontheroad\ThinkPHP\Library\Org\WxPay\WxpayAPIV3\example\notify.php 第 9 行.
INFO: WxPay notify end
INFO: [ app_end ] --START--
INFO: Run Behavior\ShowPageTraceBehavior [ RunTime:0.001766s ]
INFO: [ app_end ] --END-- [ RunTime:0.002004s ]

[ 2017-05-05T22:54:37+08:00 ] 140.207.54.74 /ontheroad/index.php/API/WxPay/notify
INFO: [ app_init ] --START--
INFO: Run Behavior\BuildLiteBehavior [ RunTime:0.000048s ]
INFO: [ app_init ] --END-- [ RunTime:0.000758s ]
INFO: [ app_begin ] --START--
INFO: Run Behavior\ReadHtmlCacheBehavior [ RunTime:0.001640s ]
INFO: [ app_begin ] --END-- [ RunTime:0.001875s ]
NOTIC: [8] A session had already been started - ignoring session_start() C:\wamp\www\ontheroad\ThinkPHP\Common\functions.php 第 1263 行.
INFO: WxPay notify start
NOTIC: [2] include(../lib/WxPay.Api.php) [<a href='function.include'>function.include</a>]: failed to open stream: No such file or directory C:\wamp\www\ontheroad\ThinkPHP\Library\Org\WxPay\WxpayAPIV3\example\WxPay.JsApiPay.php 第 2 行.
NOTIC: [2] include() [<a href='function.include'>function.include</a>]: Failed opening '../lib/WxPay.Api.php' for inclusion (include_path='.;C:\php\pear') C:\wamp\www\ontheroad\ThinkPHP\Library\Org\WxPay\WxpayAPIV3\example\WxPay.JsApiPay.php 第 2 行.
NOTIC: [2] include(../lib/WxPay.Notify.php) [<a href='function.include'>function.include</a>]: failed to open stream: No such file or directory C:\wamp\www\ontheroad\ThinkPHP\Library\Org\WxPay\WxpayAPIV3\example\notify.php 第 9 行.
NOTIC: [2] include() [<a href='function.include'>function.include</a>]: Failed opening '../lib/WxPay.Notify.php' for inclusion (include_path='.;C:\php\pear') C:\wamp\www\ontheroad\ThinkPHP\Library\Org\WxPay\WxpayAPIV3\example\notify.php 第 9 行.
INFO: WxPay notify end
INFO: [ app_end ] --START--
INFO: Run Behavior\ShowPageTraceBehavior [ RunTime:0.001822s ]
INFO: [ app_end ] --END-- [ RunTime:0.002058s ]

[ 2017-05-05T22:57:00+08:00 ] 140.207.54.75 /ontheroad/index.php/API/WxPay/notify
INFO: [ app_init ] --START--
INFO: Run Behavior\BuildLiteBehavior [ RunTime:0.000051s ]
INFO: [ app_init ] --END-- [ RunTime:0.000819s ]
INFO: [ app_begin ] --START--
INFO: Run Behavior\ReadHtmlCacheBehavior [ RunTime:0.001564s ]
INFO: [ app_begin ] --END-- [ RunTime:0.001810s ]
NOTIC: [8] A session had already been started - ignoring session_start() C:\wamp\www\ontheroad\ThinkPHP\Common\functions.php 第 1263 行.
INFO: WxPay notify start
NOTIC: [2] include(../lib/WxPay.Api.php) [<a href='function.include'>function.include</a>]: failed to open stream: No such file or directory C:\wamp\www\ontheroad\ThinkPHP\Library\Org\WxPay\WxpayAPIV3\example\WxPay.JsApiPay.php 第 2 行.
NOTIC: [2] include() [<a href='function.include'>function.include</a>]: Failed opening '../lib/WxPay.Api.php' for inclusion (include_path='.;C:\php\pear') C:\wamp\www\ontheroad\ThinkPHP\Library\Org\WxPay\WxpayAPIV3\example\WxPay.JsApiPay.php 第 2 行.
NOTIC: [2] include(../lib/WxPay.Notify.php) [<a href='function.include'>function.include</a>]: failed to open stream: No such file or directory C:\wamp\www\ontheroad\ThinkPHP\Library\Org\WxPay\WxpayAPIV3\example\notify.php 第 9 行.
NOTIC: [2] include() [<a href='function.include'>function.include</a>]: Failed opening '../lib/WxPay.Notify.php' for inclusion (include_path='.;C:\php\pear') C:\wamp\www\ontheroad\ThinkPHP\Library\Org\WxPay\WxpayAPIV3\example\notify.php 第 9 行.
INFO: WxPay notify end
INFO: [ app_end ] --START--
INFO: Run Behavior\ShowPageTraceBehavior [ RunTime:0.001627s ]
INFO: [ app_end ] --END-- [ RunTime:0.001859s ]

[ 2017-05-05T22:57:12+08:00 ] 140.207.54.75 /ontheroad/index.php/API/WxPay/notify
INFO: [ app_init ] --START--
INFO: Run Behavior\BuildLiteBehavior [ RunTime:0.000047s ]
INFO: [ app_init ] --END-- [ RunTime:0.000747s ]
INFO: [ app_begin ] --START--
INFO: Run Behavior\ReadHtmlCacheBehavior [ RunTime:0.001699s ]
INFO: [ app_begin ] --END-- [ RunTime:0.001930s ]
NOTIC: [8] A session had already been started - ignoring session_start() C:\wamp\www\ontheroad\ThinkPHP\Common\functions.php 第 1263 行.
INFO: WxPay notify start
NOTIC: [2] include(../lib/WxPay.Api.php) [<a href='function.include'>function.include</a>]: failed to open stream: No such file or directory C:\wamp\www\ontheroad\ThinkPHP\Library\Org\WxPay\WxpayAPIV3\example\WxPay.JsApiPay.php 第 2 行.
NOTIC: [2] include() [<a href='function.include'>function.include</a>]: Failed opening '../lib/WxPay.Api.php' for inclusion (include_path='.;C:\php\pear') C:\wamp\www\ontheroad\ThinkPHP\Library\Org\WxPay\WxpayAPIV3\example\WxPay.JsApiPay.php 第 2 行.
NOTIC: [2] include(../lib/WxPay.Notify.php) [<a href='function.include'>function.include</a>]: failed to open stream: No such file or directory C:\wamp\www\ontheroad\ThinkPHP\Library\Org\WxPay\WxpayAPIV3\example\notify.php 第 9 行.
NOTIC: [2] include() [<a href='function.include'>function.include</a>]: Failed opening '../lib/WxPay.Notify.php' for inclusion (include_path='.;C:\php\pear') C:\wamp\www\ontheroad\ThinkPHP\Library\Org\WxPay\WxpayAPIV3\example\notify.php 第 9 行.
INFO: WxPay notify end
INFO: [ app_end ] --START--
INFO: Run Behavior\ShowPageTraceBehavior [ RunTime:0.001769s ]
INFO: [ app_end ] --END-- [ RunTime:0.001999s ]

[ 2017-05-05T22:57:28+08:00 ] 101.226.103.69 /ontheroad/index.php/API/WxPay/notify
INFO: [ app_init ] --START--
INFO: Run Behavior\BuildLiteBehavior [ RunTime:0.000047s ]
INFO: [ app_init ] --END-- [ RunTime:0.001101s ]
INFO: [ app_begin ] --START--
INFO: Run Behavior\ReadHtmlCacheBehavior [ RunTime:0.001691s ]
INFO: [ app_begin ] --END-- [ RunTime:0.001922s ]
NOTIC: [8] A session had already been started - ignoring session_start() C:\wamp\www\ontheroad\ThinkPHP\Common\functions.php 第 1263 行.
INFO: WxPay notify start
NOTIC: [2] include(../lib/WxPay.Api.php) [<a href='function.include'>function.include</a>]: failed to open stream: No such file or directory C:\wamp\www\ontheroad\ThinkPHP\Library\Org\WxPay\WxpayAPIV3\example\WxPay.JsApiPay.php 第 2 行.
NOTIC: [2] include() [<a href='function.include'>function.include</a>]: Failed opening '../lib/WxPay.Api.php' for inclusion (include_path='.;C:\php\pear') C:\wamp\www\ontheroad\ThinkPHP\Library\Org\WxPay\WxpayAPIV3\example\WxPay.JsApiPay.php 第 2 行.
NOTIC: [2] include(../lib/WxPay.Notify.php) [<a href='function.include'>function.include</a>]: failed to open stream: No such file or directory C:\wamp\www\ontheroad\ThinkPHP\Library\Org\WxPay\WxpayAPIV3\example\notify.php 第 9 行.
NOTIC: [2] include() [<a href='function.include'>function.include</a>]: Failed opening '../lib/WxPay.Notify.php' for inclusion (include_path='.;C:\php\pear') C:\wamp\www\ontheroad\ThinkPHP\Library\Org\WxPay\WxpayAPIV3\example\notify.php 第 9 行.
INFO: WxPay notify end
INFO: [ app_end ] --START--
INFO: Run Behavior\ShowPageTraceBehavior [ RunTime:0.001868s ]
INFO: [ app_end ] --END-- [ RunTime:0.002108s ]

[ 2017-05-05T22:58:01+08:00 ] 140.207.54.75 /ontheroad/index.php/API/WxPay/notify
INFO: [ app_init ] --START--
INFO: Run Behavior\BuildLiteBehavior [ RunTime:0.000048s ]
INFO: [ app_init ] --END-- [ RunTime:0.000740s ]
INFO: [ app_begin ] --START--
INFO: Run Behavior\ReadHtmlCacheBehavior [ RunTime:0.001588s ]
INFO: [ app_begin ] --END-- [ RunTime:0.001823s ]
NOTIC: [8] A session had already been started - ignoring session_start() C:\wamp\www\ontheroad\ThinkPHP\Common\functions.php 第 1263 行.
INFO: WxPay notify start
NOTIC: [2] include(../lib/WxPay.Api.php) [<a href='function.include'>function.include</a>]: failed to open stream: No such file or directory C:\wamp\www\ontheroad\ThinkPHP\Library\Org\WxPay\WxpayAPIV3\example\WxPay.JsApiPay.php 第 2 行.
NOTIC: [2] include() [<a href='function.include'>function.include</a>]: Failed opening '../lib/WxPay.Api.php' for inclusion (include_path='.;C:\php\pear') C:\wamp\www\ontheroad\ThinkPHP\Library\Org\WxPay\WxpayAPIV3\example\WxPay.JsApiPay.php 第 2 行.
NOTIC: [2] include(../lib/WxPay.Notify.php) [<a href='function.include'>function.include</a>]: failed to open stream: No such file or directory C:\wamp\www\ontheroad\ThinkPHP\Library\Org\WxPay\WxpayAPIV3\example\notify.php 第 9 行.
NOTIC: [2] include() [<a href='function.include'>function.include</a>]: Failed opening '../lib/WxPay.Notify.php' for inclusion (include_path='.;C:\php\pear') C:\wamp\www\ontheroad\ThinkPHP\Library\Org\WxPay\WxpayAPIV3\example\notify.php 第 9 行.
INFO: WxPay notify end
INFO: [ app_end ] --START--
INFO: Run Behavior\ShowPageTraceBehavior [ RunTime:0.001532s ]
INFO: [ app_end ] --END-- [ RunTime:0.001768s ]

[ 2017-05-05T22:58:49+08:00 ] 140.207.54.75 /ontheroad/index.php/API/WxPay/notify
INFO: [ app_init ] --START--
INFO: Run Behavior\BuildLiteBehavior [ RunTime:0.000049s ]
INFO: [ app_init ] --END-- [ RunTime:0.000821s ]
INFO: [ app_begin ] --START--
INFO: Run Behavior\ReadHtmlCacheBehavior [ RunTime:0.001559s ]
INFO: [ app_begin ] --END-- [ RunTime:0.001794s ]
NOTIC: [8] A session had already been started - ignoring session_start() C:\wamp\www\ontheroad\ThinkPHP\Common\functions.php 第 1263 行.
INFO: WxPay notify start
NOTIC: [2] include(../lib/WxPay.Api.php) [<a href='function.include'>function.include</a>]: failed to open stream: No such file or directory C:\wamp\www\ontheroad\ThinkPHP\Library\Org\WxPay\WxpayAPIV3\example\WxPay.JsApiPay.php 第 2 行.
NOTIC: [2] include() [<a href='function.include'>function.include</a>]: Failed opening '../lib/WxPay.Api.php' for inclusion (include_path='.;C:\php\pear') C:\wamp\www\ontheroad\ThinkPHP\Library\Org\WxPay\WxpayAPIV3\example\WxPay.JsApiPay.php 第 2 行.
NOTIC: [2] include(../lib/WxPay.Notify.php) [<a href='function.include'>function.include</a>]: failed to open stream: No such file or directory C:\wamp\www\ontheroad\ThinkPHP\Library\Org\WxPay\WxpayAPIV3\example\notify.php 第 9 行.
NOTIC: [2] include() [<a href='function.include'>function.include</a>]: Failed opening '../lib/WxPay.Notify.php' for inclusion (include_path='.;C:\php\pear') C:\wamp\www\ontheroad\ThinkPHP\Library\Org\WxPay\WxpayAPIV3\example\notify.php 第 9 行.
INFO: WxPay notify end
INFO: [ app_end ] --START--
INFO: Run Behavior\ShowPageTraceBehavior [ RunTime:0.001763s ]
INFO: [ app_end ] --END-- [ RunTime:0.002000s ]

[ 2017-05-05T22:59:04+08:00 ] 140.207.54.75 /ontheroad/index.php/API/WxPay/notify
INFO: [ app_init ] --START--
INFO: Run Behavior\BuildLiteBehavior [ RunTime:0.000047s ]
INFO: [ app_init ] --END-- [ RunTime:0.000746s ]
INFO: [ app_begin ] --START--
INFO: Run Behavior\ReadHtmlCacheBehavior [ RunTime:0.001670s ]
INFO: [ app_begin ] --END-- [ RunTime:0.001902s ]
NOTIC: [8] A session had already been started - ignoring session_start() C:\wamp\www\ontheroad\ThinkPHP\Common\functions.php 第 1263 行.
INFO: WxPay notify start
NOTIC: [2] include(../lib/WxPay.Api.php) [<a href='function.include'>function.include</a>]: failed to open stream: No such file or directory C:\wamp\www\ontheroad\ThinkPHP\Library\Org\WxPay\WxpayAPIV3\example\WxPay.JsApiPay.php 第 2 行.
NOTIC: [2] include() [<a href='function.include'>function.include</a>]: Failed opening '../lib/WxPay.Api.php' for inclusion (include_path='.;C:\php\pear') C:\wamp\www\ontheroad\ThinkPHP\Library\Org\WxPay\WxpayAPIV3\example\WxPay.JsApiPay.php 第 2 行.
NOTIC: [2] include(../lib/WxPay.Notify.php) [<a href='function.include'>function.include</a>]: failed to open stream: No such file or directory C:\wamp\www\ontheroad\ThinkPHP\Library\Org\WxPay\WxpayAPIV3\example\notify.php 第 9 行.
NOTIC: [2] include() [<a href='function.include'>function.include</a>]: Failed opening '../lib/WxPay.Notify.php' for inclusion (include_path='.;C:\php\pear') C:\wamp\www\ontheroad\ThinkPHP\Library\Org\WxPay\WxpayAPIV3\example\notify.php 第 9 行.
INFO: WxPay notify end
INFO: [ app_end ] --START--
INFO: Run Behavior\ShowPageTraceBehavior [ RunTime:0.001842s ]
INFO: [ app_end ] --END-- [ RunTime:0.002080s ]

[ 2017-05-05T22:59:21+08:00 ] 140.207.54.76 /ontheroad/index.php/API/WxPay/notify
INFO: [ app_init ] --START--
INFO: Run Behavior\BuildLiteBehavior [ RunTime:0.000047s ]
INFO: [ app_init ] --END-- [ RunTime:0.000793s ]
INFO: [ app_begin ] --START--
INFO: Run Behavior\ReadHtmlCacheBehavior [ RunTime:0.002173s ]
INFO: [ app_begin ] --END-- [ RunTime:0.002426s ]
NOTIC: [8] A session had already been started - ignoring session_start() C:\wamp\www\ontheroad\ThinkPHP\Common\functions.php 第 1263 行.
INFO: WxPay notify start
NOTIC: [2] include(../lib/WxPay.Api.php) [<a href='function.include'>function.include</a>]: failed to open stream: No such file or directory C:\wamp\www\ontheroad\ThinkPHP\Library\Org\WxPay\WxpayAPIV3\example\WxPay.JsApiPay.php 第 2 行.
NOTIC: [2] include() [<a href='function.include'>function.include</a>]: Failed opening '../lib/WxPay.Api.php' for inclusion (include_path='.;C:\php\pear') C:\wamp\www\ontheroad\ThinkPHP\Library\Org\WxPay\WxpayAPIV3\example\WxPay.JsApiPay.php 第 2 行.
NOTIC: [2] include(../lib/WxPay.Notify.php) [<a href='function.include'>function.include</a>]: failed to open stream: No such file or directory C:\wamp\www\ontheroad\ThinkPHP\Library\Org\WxPay\WxpayAPIV3\example\notify.php 第 9 行.
NOTIC: [2] include() [<a href='function.include'>function.include</a>]: Failed opening '../lib/WxPay.Notify.php' for inclusion (include_path='.;C:\php\pear') C:\wamp\www\ontheroad\ThinkPHP\Library\Org\WxPay\WxpayAPIV3\example\notify.php 第 9 行.
INFO: WxPay notify end
INFO: [ app_end ] --START--
INFO: Run Behavior\ShowPageTraceBehavior [ RunTime:0.001850s ]
INFO: [ app_end ] --END-- [ RunTime:0.002120s ]

[ 2017-05-05T22:59:54+08:00 ] 140.207.54.74 /ontheroad/index.php/API/WxPay/notify
INFO: [ app_init ] --START--
INFO: Run Behavior\BuildLiteBehavior [ RunTime:0.000048s ]
INFO: [ app_init ] --END-- [ RunTime:0.000789s ]
INFO: [ app_begin ] --START--
INFO: Run Behavior\ReadHtmlCacheBehavior [ RunTime:0.001595s ]
INFO: [ app_begin ] --END-- [ RunTime:0.001830s ]
NOTIC: [8] A session had already been started - ignoring session_start() C:\wamp\www\ontheroad\ThinkPHP\Common\functions.php 第 1263 行.
INFO: WxPay notify start
NOTIC: [2] include(../lib/WxPay.Api.php) [<a href='function.include'>function.include</a>]: failed to open stream: No such file or directory C:\wamp\www\ontheroad\ThinkPHP\Library\Org\WxPay\WxpayAPIV3\example\WxPay.JsApiPay.php 第 2 行.
NOTIC: [2] include() [<a href='function.include'>function.include</a>]: Failed opening '../lib/WxPay.Api.php' for inclusion (include_path='.;C:\php\pear') C:\wamp\www\ontheroad\ThinkPHP\Library\Org\WxPay\WxpayAPIV3\example\WxPay.JsApiPay.php 第 2 行.
NOTIC: [2] include(../lib/WxPay.Notify.php) [<a href='function.include'>function.include</a>]: failed to open stream: No such file or directory C:\wamp\www\ontheroad\ThinkPHP\Library\Org\WxPay\WxpayAPIV3\example\notify.php 第 9 行.
NOTIC: [2] include() [<a href='function.include'>function.include</a>]: Failed opening '../lib/WxPay.Notify.php' for inclusion (include_path='.;C:\php\pear') C:\wamp\www\ontheroad\ThinkPHP\Library\Org\WxPay\WxpayAPIV3\example\notify.php 第 9 行.
INFO: WxPay notify end
INFO: [ app_end ] --START--
INFO: Run Behavior\ShowPageTraceBehavior [ RunTime:0.001727s ]
INFO: [ app_end ] --END-- [ RunTime:0.001968s ]

[ 2017-05-05T23:01:02+08:00 ] 140.207.54.75 /ontheroad/index.php/API/WxPay/notify
INFO: [ app_init ] --START--
INFO: Run Behavior\BuildLiteBehavior [ RunTime:0.000046s ]
INFO: [ app_init ] --END-- [ RunTime:0.000811s ]
INFO: [ app_begin ] --START--
INFO: Run Behavior\ReadHtmlCacheBehavior [ RunTime:0.001718s ]
INFO: [ app_begin ] --END-- [ RunTime:0.001952s ]
NOTIC: [8] A session had already been started - ignoring session_start() C:\wamp\www\ontheroad\ThinkPHP\Common\functions.php 第 1263 行.
INFO: WxPay notify start
NOTIC: [2] include(../lib/WxPay.Api.php) [<a href='function.include'>function.include</a>]: failed to open stream: No such file or directory C:\wamp\www\ontheroad\ThinkPHP\Library\Org\WxPay\WxpayAPIV3\example\WxPay.JsApiPay.php 第 2 行.
NOTIC: [2] include() [<a href='function.include'>function.include</a>]: Failed opening '../lib/WxPay.Api.php' for inclusion (include_path='.;C:\php\pear') C:\wamp\www\ontheroad\ThinkPHP\Library\Org\WxPay\WxpayAPIV3\example\WxPay.JsApiPay.php 第 2 行.
NOTIC: [2] include(../lib/WxPay.Notify.php) [<a href='function.include'>function.include</a>]: failed to open stream: No such file or directory C:\wamp\www\ontheroad\ThinkPHP\Library\Org\WxPay\WxpayAPIV3\example\notify.php 第 9 行.
NOTIC: [2] include() [<a href='function.include'>function.include</a>]: Failed opening '../lib/WxPay.Notify.php' for inclusion (include_path='.;C:\php\pear') C:\wamp\www\ontheroad\ThinkPHP\Library\Org\WxPay\WxpayAPIV3\example\notify.php 第 9 行.
INFO: WxPay notify end
INFO: [ app_end ] --START--
INFO: Run Behavior\ShowPageTraceBehavior [ RunTime:0.001848s ]
INFO: [ app_end ] --END-- [ RunTime:0.002080s ]

[ 2017-05-05T23:02:56+08:00 ] 101.226.103.60 /ontheroad/index.php/API/WxPay/notify
INFO: [ app_init ] --START--
INFO: Run Behavior\BuildLiteBehavior [ RunTime:0.000052s ]
INFO: [ app_init ] --END-- [ RunTime:0.000799s ]
INFO: [ app_begin ] --START--
INFO: Run Behavior\ReadHtmlCacheBehavior [ RunTime:0.001721s ]
INFO: [ app_begin ] --END-- [ RunTime:0.001956s ]
NOTIC: [8] A session had already been started - ignoring session_start() C:\wamp\www\ontheroad\ThinkPHP\Common\functions.php 第 1263 行.
INFO: WxPay notify start
NOTIC: [2] include(../lib/WxPay.Api.php) [<a href='function.include'>function.include</a>]: failed to open stream: No such file or directory C:\wamp\www\ontheroad\ThinkPHP\Library\Org\WxPay\WxpayAPIV3\example\WxPay.JsApiPay.php 第 2 行.
NOTIC: [2] include() [<a href='function.include'>function.include</a>]: Failed opening '../lib/WxPay.Api.php' for inclusion (include_path='.;C:\php\pear') C:\wamp\www\ontheroad\ThinkPHP\Library\Org\WxPay\WxpayAPIV3\example\WxPay.JsApiPay.php 第 2 行.
NOTIC: [2] include(../lib/WxPay.Notify.php) [<a href='function.include'>function.include</a>]: failed to open stream: No such file or directory C:\wamp\www\ontheroad\ThinkPHP\Library\Org\WxPay\WxpayAPIV3\example\notify.php 第 9 行.
NOTIC: [2] include() [<a href='function.include'>function.include</a>]: Failed opening '../lib/WxPay.Notify.php' for inclusion (include_path='.;C:\php\pear') C:\wamp\www\ontheroad\ThinkPHP\Library\Org\WxPay\WxpayAPIV3\example\notify.php 第 9 行.
INFO: WxPay notify end
INFO: [ app_end ] --START--
INFO: Run Behavior\ShowPageTraceBehavior [ RunTime:0.001806s ]
INFO: [ app_end ] --END-- [ RunTime:0.002042s ]

[ 2017-05-05T23:22:19+08:00 ] 140.207.54.74 /ontheroad/index.php/API/WxPay/notify
INFO: [ app_init ] --START--
INFO: Run Behavior\BuildLiteBehavior [ RunTime:0.000052s ]
INFO: [ app_init ] --END-- [ RunTime:0.000798s ]
INFO: [ app_begin ] --START--
INFO: Run Behavior\ReadHtmlCacheBehavior [ RunTime:0.001688s ]
INFO: [ app_begin ] --END-- [ RunTime:0.001921s ]
NOTIC: [8] A session had already been started - ignoring session_start() C:\wamp\www\ontheroad\ThinkPHP\Common\functions.php 第 1263 行.
INFO: WxPay notify start
NOTIC: [2] include(../lib/WxPay.Api.php) [<a href='function.include'>function.include</a>]: failed to open stream: No such file or directory C:\wamp\www\ontheroad\ThinkPHP\Library\Org\WxPay\WxpayAPIV3\example\WxPay.JsApiPay.php 第 2 行.
NOTIC: [2] include() [<a href='function.include'>function.include</a>]: Failed opening '../lib/WxPay.Api.php' for inclusion (include_path='.;C:\php\pear') C:\wamp\www\ontheroad\ThinkPHP\Library\Org\WxPay\WxpayAPIV3\example\WxPay.JsApiPay.php 第 2 行.
NOTIC: [2] include(../lib/WxPay.Notify.php) [<a href='function.include'>function.include</a>]: failed to open stream: No such file or directory C:\wamp\www\ontheroad\ThinkPHP\Library\Org\WxPay\WxpayAPIV3\example\notify.php 第 9 行.
NOTIC: [2] include() [<a href='function.include'>function.include</a>]: Failed opening '../lib/WxPay.Notify.php' for inclusion (include_path='.;C:\php\pear') C:\wamp\www\ontheroad\ThinkPHP\Library\Org\WxPay\WxpayAPIV3\example\notify.php 第 9 行.
INFO: WxPay notify end
INFO: [ app_end ] --START--
INFO: Run Behavior\ShowPageTraceBehavior [ RunTime:0.001668s ]
INFO: [ app_end ] --END-- [ RunTime:0.001899s ]

[ 2017-05-05T23:24:39+08:00 ] 140.207.54.75 /ontheroad/index.php/API/WxPay/notify
INFO: [ app_init ] --START--
INFO: Run Behavior\BuildLiteBehavior [ RunTime:0.000052s ]
INFO: [ app_init ] --END-- [ RunTime:0.000869s ]
INFO: [ app_begin ] --START--
INFO: Run Behavior\ReadHtmlCacheBehavior [ RunTime:0.001560s ]
INFO: [ app_begin ] --END-- [ RunTime:0.001794s ]
NOTIC: [8] A session had already been started - ignoring session_start() C:\wamp\www\ontheroad\ThinkPHP\Common\functions.php 第 1263 行.
INFO: WxPay notify start
NOTIC: [2] include(../lib/WxPay.Api.php) [<a href='function.include'>function.include</a>]: failed to open stream: No such file or directory C:\wamp\www\ontheroad\ThinkPHP\Library\Org\WxPay\WxpayAPIV3\example\WxPay.JsApiPay.php 第 2 行.
NOTIC: [2] include() [<a href='function.include'>function.include</a>]: Failed opening '../lib/WxPay.Api.php' for inclusion (include_path='.;C:\php\pear') C:\wamp\www\ontheroad\ThinkPHP\Library\Org\WxPay\WxpayAPIV3\example\WxPay.JsApiPay.php 第 2 行.
NOTIC: [2] include(../lib/WxPay.Notify.php) [<a href='function.include'>function.include</a>]: failed to open stream: No such file or directory C:\wamp\www\ontheroad\ThinkPHP\Library\Org\WxPay\WxpayAPIV3\example\notify.php 第 9 行.
NOTIC: [2] include() [<a href='function.include'>function.include</a>]: Failed opening '../lib/WxPay.Notify.php' for inclusion (include_path='.;C:\php\pear') C:\wamp\www\ontheroad\ThinkPHP\Library\Org\WxPay\WxpayAPIV3\example\notify.php 第 9 行.
INFO: WxPay notify end
INFO: [ app_end ] --START--
INFO: Run Behavior\ShowPageTraceBehavior [ RunTime:0.001832s ]
INFO: [ app_end ] --END-- [ RunTime:0.002065s ]

[ 2017-05-05T23:31:04+08:00 ] 140.207.54.75 /ontheroad/index.php/API/WxPay/notify
INFO: [ app_init ] --START--
INFO: Run Behavior\BuildLiteBehavior [ RunTime:0.000052s ]
INFO: [ app_init ] --END-- [ RunTime:0.000880s ]
INFO: [ app_begin ] --START--
INFO: Run Behavior\ReadHtmlCacheBehavior [ RunTime:0.003192s ]
INFO: [ app_begin ] --END-- [ RunTime:0.003431s ]
NOTIC: [8] A session had already been started - ignoring session_start() C:\wamp\www\ontheroad\ThinkPHP\Common\functions.php 第 1263 行.
INFO: WxPay notify start
NOTIC: [2] include(../lib/WxPay.Api.php) [<a href='function.include'>function.include</a>]: failed to open stream: No such file or directory C:\wamp\www\ontheroad\ThinkPHP\Library\Org\WxPay\WxpayAPIV3\example\WxPay.JsApiPay.php 第 2 行.
NOTIC: [2] include() [<a href='function.include'>function.include</a>]: Failed opening '../lib/WxPay.Api.php' for inclusion (include_path='.;C:\php\pear') C:\wamp\www\ontheroad\ThinkPHP\Library\Org\WxPay\WxpayAPIV3\example\WxPay.JsApiPay.php 第 2 行.
NOTIC: [2] include(../lib/WxPay.Notify.php) [<a href='function.include'>function.include</a>]: failed to open stream: No such file or directory C:\wamp\www\ontheroad\ThinkPHP\Library\Org\WxPay\WxpayAPIV3\example\notify.php 第 9 行.
NOTIC: [2] include() [<a href='function.include'>function.include</a>]: Failed opening '../lib/WxPay.Notify.php' for inclusion (include_path='.;C:\php\pear') C:\wamp\www\ontheroad\ThinkPHP\Library\Org\WxPay\WxpayAPIV3\example\notify.php 第 9 行.
INFO: WxPay notify end
INFO: [ app_end ] --START--
INFO: Run Behavior\ShowPageTraceBehavior [ RunTime:0.002681s ]
INFO: [ app_end ] --END-- [ RunTime:0.002931s ]

[ 2017-05-05T23:32:58+08:00 ] 140.207.54.75 /ontheroad/index.php/API/WxPay/notify
INFO: [ app_init ] --START--
INFO: Run Behavior\BuildLiteBehavior [ RunTime:0.000090s ]
INFO: [ app_init ] --END-- [ RunTime:0.000771s ]
INFO: [ app_begin ] --START--
INFO: Run Behavior\ReadHtmlCacheBehavior [ RunTime:0.000769s ]
INFO: [ app_begin ] --END-- [ RunTime:0.001005s ]
NOTIC: [8] A session had already been started - ignoring session_start() C:\wamp\www\ontheroad\ThinkPHP\Common\functions.php 第 1263 行.
INFO: WxPay notify start
NOTIC: [2] include(../lib/WxPay.Api.php) [<a href='function.include'>function.include</a>]: failed to open stream: No such file or directory C:\wamp\www\ontheroad\ThinkPHP\Library\Org\WxPay\WxpayAPIV3\example\WxPay.JsApiPay.php 第 2 行.
NOTIC: [2] include() [<a href='function.include'>function.include</a>]: Failed opening '../lib/WxPay.Api.php' for inclusion (include_path='.;C:\php\pear') C:\wamp\www\ontheroad\ThinkPHP\Library\Org\WxPay\WxpayAPIV3\example\WxPay.JsApiPay.php 第 2 行.
NOTIC: [2] include(../lib/WxPay.Notify.php) [<a href='function.include'>function.include</a>]: failed to open stream: No such file or directory C:\wamp\www\ontheroad\ThinkPHP\Library\Org\WxPay\WxpayAPIV3\example\notify.php 第 9 行.
NOTIC: [2] include() [<a href='function.include'>function.include</a>]: Failed opening '../lib/WxPay.Notify.php' for inclusion (include_path='.;C:\php\pear') C:\wamp\www\ontheroad\ThinkPHP\Library\Org\WxPay\WxpayAPIV3\example\notify.php 第 9 行.
INFO: WxPay notify end
INFO: [ app_end ] --START--
INFO: Run Behavior\ShowPageTraceBehavior [ RunTime:0.000810s ]
INFO: [ app_end ] --END-- [ RunTime:0.001048s ]

[ 2017-05-05T23:52:20+08:00 ] 140.207.54.76 /ontheroad/index.php/API/WxPay/notify
INFO: [ app_init ] --START--
INFO: Run Behavior\BuildLiteBehavior [ RunTime:0.000058s ]
INFO: [ app_init ] --END-- [ RunTime:0.000837s ]
INFO: [ app_begin ] --START--
INFO: Run Behavior\ReadHtmlCacheBehavior [ RunTime:0.000802s ]
INFO: [ app_begin ] --END-- [ RunTime:0.001036s ]
NOTIC: [8] A session had already been started - ignoring session_start() C:\wamp\www\ontheroad\ThinkPHP\Common\functions.php 第 1263 行.
INFO: WxPay notify start
NOTIC: [2] include(../lib/WxPay.Api.php) [<a href='function.include'>function.include</a>]: failed to open stream: No such file or directory C:\wamp\www\ontheroad\ThinkPHP\Library\Org\WxPay\WxpayAPIV3\example\WxPay.JsApiPay.php 第 2 行.
NOTIC: [2] include() [<a href='function.include'>function.include</a>]: Failed opening '../lib/WxPay.Api.php' for inclusion (include_path='.;C:\php\pear') C:\wamp\www\ontheroad\ThinkPHP\Library\Org\WxPay\WxpayAPIV3\example\WxPay.JsApiPay.php 第 2 行.
NOTIC: [2] include(../lib/WxPay.Notify.php) [<a href='function.include'>function.include</a>]: failed to open stream: No such file or directory C:\wamp\www\ontheroad\ThinkPHP\Library\Org\WxPay\WxpayAPIV3\example\notify.php 第 9 行.
NOTIC: [2] include() [<a href='function.include'>function.include</a>]: Failed opening '../lib/WxPay.Notify.php' for inclusion (include_path='.;C:\php\pear') C:\wamp\www\ontheroad\ThinkPHP\Library\Org\WxPay\WxpayAPIV3\example\notify.php 第 9 行.
INFO: WxPay notify end
INFO: [ app_end ] --START--
INFO: Run Behavior\ShowPageTraceBehavior [ RunTime:0.000792s ]
INFO: [ app_end ] --END-- [ RunTime:0.001024s ]

[ 2017-05-05T23:54:41+08:00 ] 140.207.54.74 /ontheroad/index.php/API/WxPay/notify
INFO: [ app_init ] --START--
INFO: Run Behavior\BuildLiteBehavior [ RunTime:0.000052s ]
INFO: [ app_init ] --END-- [ RunTime:0.000618s ]
INFO: [ app_begin ] --START--
INFO: Run Behavior\ReadHtmlCacheBehavior [ RunTime:0.000747s ]
INFO: [ app_begin ] --END-- [ RunTime:0.000982s ]
NOTIC: [8] A session had already been started - ignoring session_start() C:\wamp\www\ontheroad\ThinkPHP\Common\functions.php 第 1263 行.
INFO: WxPay notify start
NOTIC: [2] include(../lib/WxPay.Api.php) [<a href='function.include'>function.include</a>]: failed to open stream: No such file or directory C:\wamp\www\ontheroad\ThinkPHP\Library\Org\WxPay\WxpayAPIV3\example\WxPay.JsApiPay.php 第 2 行.
NOTIC: [2] include() [<a href='function.include'>function.include</a>]: Failed opening '../lib/WxPay.Api.php' for inclusion (include_path='.;C:\php\pear') C:\wamp\www\ontheroad\ThinkPHP\Library\Org\WxPay\WxpayAPIV3\example\WxPay.JsApiPay.php 第 2 行.
NOTIC: [2] include(../lib/WxPay.Notify.php) [<a href='function.include'>function.include</a>]: failed to open stream: No such file or directory C:\wamp\www\ontheroad\ThinkPHP\Library\Org\WxPay\WxpayAPIV3\example\notify.php 第 9 行.
NOTIC: [2] include() [<a href='function.include'>function.include</a>]: Failed opening '../lib/WxPay.Notify.php' for inclusion (include_path='.;C:\php\pear') C:\wamp\www\ontheroad\ThinkPHP\Library\Org\WxPay\WxpayAPIV3\example\notify.php 第 9 行.
INFO: WxPay notify end
INFO: [ app_end ] --START--
INFO: Run Behavior\ShowPageTraceBehavior [ RunTime:0.000767s ]
INFO: [ app_end ] --END-- [ RunTime:0.001018s ]

