[ 2017-07-22T18:41:29+08:00 ] 182.148.156.106 /ontheroad/index.php/WeChat/Index/index
INFO: [ app_init ] --START--
INFO: Run Behavior\BuildLiteBehavior [ RunTime:0.000053s ]
INFO: [ app_init ] --END-- [ RunTime:0.001151s ]
INFO: [ app_begin ] --START--
INFO: Run Behavior\ReadHtmlCacheBehavior [ RunTime:0.001979s ]
INFO: [ app_begin ] --END-- [ RunTime:0.002254s ]
NOTIC: [8] A session had already been started - ignoring session_start() C:\wamp\www\ontheroad\ThinkPHP\Common\functions.php 第 1263 行.
NOTIC: [8] Undefined variable: option C:\wamp\www\ontheroad\Application\WeChat\Controller\IndexController.class.php 第 14 行.
SQL: SHOW COLUMNS FROM `d_banner` [ RunTime:0.0126s ]
SQL: SELECT * FROM `d_banner`  [ RunTime:0.0003s ]
INFO: [ view_parse ] --START--
INFO: [ template_filter ] --START--
INFO: Run Behavior\ContentReplaceBehavior [ RunTime:0.000148s ]
INFO: [ template_filter ] --END-- [ RunTime:0.000385s ]
NOTIC: [8] Use of undefined constant index - assumed 'index' C:\wamp\www\ontheroad\Application\Runtime\Cache\WeChat\743d6aeb7cb9b131796a0f1e666d468b.php 第 89 行.
NOTIC: [8] Use of undefined constant order - assumed 'order' C:\wamp\www\ontheroad\Application\Runtime\Cache\WeChat\743d6aeb7cb9b131796a0f1e666d468b.php 第 94 行.
NOTIC: [8] Use of undefined constant around - assumed 'around' C:\wamp\www\ontheroad\Application\Runtime\Cache\WeChat\743d6aeb7cb9b131796a0f1e666d468b.php 第 99 行.
NOTIC: [8] Use of undefined constant myCenter - assumed 'myCenter' C:\wamp\www\ontheroad\Application\Runtime\Cache\WeChat\743d6aeb7cb9b131796a0f1e666d468b.php 第 104 行.
INFO: Run Behavior\ParseTemplateBehavior [ RunTime:0.041515s ]
INFO: [ view_parse ] --END-- [ RunTime:0.041753s ]
INFO: [ view_filter ] --START--
INFO: Run Behavior\WriteHtmlCacheBehavior [ RunTime:0.001904s ]
INFO: [ view_filter ] --END-- [ RunTime:0.002134s ]
INFO: [ app_end ] --START--
INFO: Run Behavior\ShowPageTraceBehavior [ RunTime:0.002181s ]
INFO: [ app_end ] --END-- [ RunTime:0.002410s ]

[ 2017-07-22T18:41:38+08:00 ] 101.226.89.116 /ontheroad/index.php/WeChat/Index/index
INFO: [ app_init ] --START--
INFO: Run Behavior\BuildLiteBehavior [ RunTime:0.000048s ]
INFO: [ app_init ] --END-- [ RunTime:0.000650s ]
INFO: [ app_begin ] --START--
INFO: Run Behavior\ReadHtmlCacheBehavior [ RunTime:0.000740s ]
INFO: [ app_begin ] --END-- [ RunTime:0.000983s ]
NOTIC: [8] A session had already been started - ignoring session_start() C:\wamp\www\ontheroad\ThinkPHP\Common\functions.php 第 1263 行.
NOTIC: [8] Undefined variable: option C:\wamp\www\ontheroad\Application\WeChat\Controller\IndexController.class.php 第 14 行.
SQL: SHOW COLUMNS FROM `d_banner` [ RunTime:0.0018s ]
SQL: SELECT * FROM `d_banner`  [ RunTime:0.0005s ]
INFO: [ view_parse ] --START--
INFO: [ template_filter ] --START--
INFO: Run Behavior\ContentReplaceBehavior [ RunTime:0.000149s ]
INFO: [ template_filter ] --END-- [ RunTime:0.000394s ]
NOTIC: [8] Use of undefined constant index - assumed 'index' C:\wamp\www\ontheroad\Application\Runtime\Cache\WeChat\743d6aeb7cb9b131796a0f1e666d468b.php 第 89 行.
NOTIC: [8] Use of undefined constant order - assumed 'order' C:\wamp\www\ontheroad\Application\Runtime\Cache\WeChat\743d6aeb7cb9b131796a0f1e666d468b.php 第 94 行.
NOTIC: [8] Use of undefined constant around - assumed 'around' C:\wamp\www\ontheroad\Application\Runtime\Cache\WeChat\743d6aeb7cb9b131796a0f1e666d468b.php 第 99 行.
NOTIC: [8] Use of undefined constant myCenter - assumed 'myCenter' C:\wamp\www\ontheroad\Application\Runtime\Cache\WeChat\743d6aeb7cb9b131796a0f1e666d468b.php 第 104 行.
INFO: Run Behavior\ParseTemplateBehavior [ RunTime:0.016697s ]
INFO: [ view_parse ] --END-- [ RunTime:0.016956s ]
INFO: [ view_filter ] --START--
INFO: Run Behavior\WriteHtmlCacheBehavior [ RunTime:0.000522s ]
INFO: [ view_filter ] --END-- [ RunTime:0.000757s ]
INFO: [ app_end ] --START--
INFO: Run Behavior\ShowPageTraceBehavior [ RunTime:0.000835s ]
INFO: [ app_end ] --END-- [ RunTime:0.001066s ]

