[ 2018-01-01T15:12:19+08:00 ] 192.168.9.161 /ontheroad/index.php/WeChat
INFO: [ app_init ] --START--
INFO: Run Behavior\BuildLiteBehavior [ RunTime:0.000014s ]
INFO: [ app_init ] --END-- [ RunTime:0.000372s ]
INFO: [ app_begin ] --START--
INFO: Run Behavior\ReadHtmlCacheBehavior [ RunTime:0.000480s ]
INFO: [ app_begin ] --END-- [ RunTime:0.000559s ]
NOTIC: [8] A session had already been started - ignoring session_start() E:\phpStudy\PHPTutorial\WWW\ontheroad\ThinkPHP\Common\functions.php 第 1263 行.
NOTIC: [8] Undefined variable: option E:\phpStudy\PHPTutorial\WWW\ontheroad\Application\WeChat\Controller\IndexController.class.php 第 14 行.
SQL: SHOW COLUMNS FROM `d_banner` [ RunTime:0.1110s ]
SQL: SELECT * FROM `d_banner`  [ RunTime:0.0004s ]
INFO: [ view_parse ] --START--
INFO: [ template_filter ] --START--
INFO: Run Behavior\ContentReplaceBehavior [ RunTime:0.000048s ]
INFO: [ template_filter ] --END-- [ RunTime:0.000076s ]
NOTIC: [8] Use of undefined constant index - assumed 'index' E:\phpStudy\PHPTutorial\WWW\ontheroad\Application\Runtime\Cache\WeChat\743d6aeb7cb9b131796a0f1e666d468b.php 第 89 行.
NOTIC: [8] Use of undefined constant order - assumed 'order' E:\phpStudy\PHPTutorial\WWW\ontheroad\Application\Runtime\Cache\WeChat\743d6aeb7cb9b131796a0f1e666d468b.php 第 94 行.
NOTIC: [8] Use of undefined constant around - assumed 'around' E:\phpStudy\PHPTutorial\WWW\ontheroad\Application\Runtime\Cache\WeChat\743d6aeb7cb9b131796a0f1e666d468b.php 第 99 行.
NOTIC: [8] Use of undefined constant myCenter - assumed 'myCenter' E:\phpStudy\PHPTutorial\WWW\ontheroad\Application\Runtime\Cache\WeChat\743d6aeb7cb9b131796a0f1e666d468b.php 第 104 行.
INFO: Run Behavior\ParseTemplateBehavior [ RunTime:0.114307s ]
INFO: [ view_parse ] --END-- [ RunTime:0.114349s ]
INFO: [ view_filter ] --START--
INFO: Run Behavior\WriteHtmlCacheBehavior [ RunTime:0.000136s ]
INFO: [ view_filter ] --END-- [ RunTime:0.000154s ]
INFO: [ app_end ] --START--
INFO: Run Behavior\ShowPageTraceBehavior [ RunTime:0.000244s ]
INFO: [ app_end ] --END-- [ RunTime:0.000264s ]

[ 2018-01-01T15:13:39+08:00 ] 192.168.9.161 /ontheroad/index.php/WeChat/Order/index
INFO: [ app_init ] --START--
INFO: Run Behavior\BuildLiteBehavior [ RunTime:0.000009s ]
INFO: [ app_init ] --END-- [ RunTime:0.000205s ]
INFO: [ app_begin ] --START--
INFO: Run Behavior\ReadHtmlCacheBehavior [ RunTime:0.000256s ]
INFO: [ app_begin ] --END-- [ RunTime:0.000290s ]
NOTIC: [8] A session had already been started - ignoring session_start() E:\phpStudy\PHPTutorial\WWW\ontheroad\ThinkPHP\Common\functions.php 第 1263 行.
SQL: SHOW COLUMNS FROM `d_banner` [ RunTime:0.0146s ]
SQL: SELECT * FROM `d_banner`  [ RunTime:0.0002s ]
SQL: SHOW COLUMNS FROM `d_room_type` [ RunTime:0.3898s ]
SQL: SELECT * FROM `d_room_type` WHERE ( state=1 )  [ RunTime:0.0006s ]
INFO: [ view_parse ] --START--
INFO: [ template_filter ] --START--
INFO: Run Behavior\ContentReplaceBehavior [ RunTime:0.000066s ]
INFO: [ template_filter ] --END-- [ RunTime:0.000107s ]
NOTIC: [8] Use of undefined constant index - assumed 'index' E:\phpStudy\PHPTutorial\WWW\ontheroad\Application\Runtime\Cache\WeChat\317f4246c65ee10eb172c03e33766d1b.php 第 131 行.
NOTIC: [8] Use of undefined constant order - assumed 'order' E:\phpStudy\PHPTutorial\WWW\ontheroad\Application\Runtime\Cache\WeChat\317f4246c65ee10eb172c03e33766d1b.php 第 136 行.
NOTIC: [8] Use of undefined constant around - assumed 'around' E:\phpStudy\PHPTutorial\WWW\ontheroad\Application\Runtime\Cache\WeChat\317f4246c65ee10eb172c03e33766d1b.php 第 141 行.
NOTIC: [8] Use of undefined constant myCenter - assumed 'myCenter' E:\phpStudy\PHPTutorial\WWW\ontheroad\Application\Runtime\Cache\WeChat\317f4246c65ee10eb172c03e33766d1b.php 第 146 行.
INFO: Run Behavior\ParseTemplateBehavior [ RunTime:0.033550s ]
INFO: [ view_parse ] --END-- [ RunTime:0.033593s ]
INFO: [ view_filter ] --START--
INFO: Run Behavior\WriteHtmlCacheBehavior [ RunTime:0.000144s ]
INFO: [ view_filter ] --END-- [ RunTime:0.000164s ]
INFO: [ app_end ] --START--
INFO: Run Behavior\ShowPageTraceBehavior [ RunTime:0.000349s ]
INFO: [ app_end ] --END-- [ RunTime:0.000373s ]

[ 2018-01-01T15:13:42+08:00 ] 192.168.9.161 /ontheroad/index.php/WeChat/Order/detail/id/3
INFO: [ app_init ] --START--
INFO: Run Behavior\BuildLiteBehavior [ RunTime:0.000014s ]
INFO: [ app_init ] --END-- [ RunTime:0.000366s ]
INFO: [ app_begin ] --START--
INFO: Run Behavior\ReadHtmlCacheBehavior [ RunTime:0.000429s ]
INFO: [ app_begin ] --END-- [ RunTime:0.000487s ]
NOTIC: [8] A session had already been started - ignoring session_start() E:\phpStudy\PHPTutorial\WWW\ontheroad\ThinkPHP\Common\functions.php 第 1263 行.
SQL: SHOW COLUMNS FROM `d_room_type` [ RunTime:0.0318s ]
SQL: SELECT * FROM `d_room_type` WHERE `id` = 3 LIMIT 1   [ RunTime:0.0004s ]
INFO: [ view_parse ] --START--
INFO: [ template_filter ] --START--
INFO: Run Behavior\ContentReplaceBehavior [ RunTime:0.000062s ]
INFO: [ template_filter ] --END-- [ RunTime:0.000097s ]
NOTIC: [8] Use of undefined constant index - assumed 'index' E:\phpStudy\PHPTutorial\WWW\ontheroad\Application\Runtime\Cache\WeChat\685c5635b2675dcce0b39d669f85960a.php 第 177 行.
NOTIC: [8] Use of undefined constant order - assumed 'order' E:\phpStudy\PHPTutorial\WWW\ontheroad\Application\Runtime\Cache\WeChat\685c5635b2675dcce0b39d669f85960a.php 第 182 行.
NOTIC: [8] Use of undefined constant around - assumed 'around' E:\phpStudy\PHPTutorial\WWW\ontheroad\Application\Runtime\Cache\WeChat\685c5635b2675dcce0b39d669f85960a.php 第 187 行.
NOTIC: [8] Use of undefined constant myCenter - assumed 'myCenter' E:\phpStudy\PHPTutorial\WWW\ontheroad\Application\Runtime\Cache\WeChat\685c5635b2675dcce0b39d669f85960a.php 第 192 行.
INFO: Run Behavior\ParseTemplateBehavior [ RunTime:0.038282s ]
INFO: [ view_parse ] --END-- [ RunTime:0.038328s ]
INFO: [ view_filter ] --START--
INFO: Run Behavior\WriteHtmlCacheBehavior [ RunTime:0.000142s ]
INFO: [ view_filter ] --END-- [ RunTime:0.000164s ]
INFO: [ app_end ] --START--
INFO: Run Behavior\ShowPageTraceBehavior [ RunTime:0.000278s ]
INFO: [ app_end ] --END-- [ RunTime:0.000303s ]

[ 2018-01-01T15:13:56+08:00 ] 192.168.9.161 /ontheroad/index.php/WeChat/Order/detail/id/3
INFO: [ app_init ] --START--
INFO: Run Behavior\BuildLiteBehavior [ RunTime:0.000007s ]
INFO: [ app_init ] --END-- [ RunTime:0.000182s ]
INFO: [ app_begin ] --START--
INFO: Run Behavior\ReadHtmlCacheBehavior [ RunTime:0.000218s ]
INFO: [ app_begin ] --END-- [ RunTime:0.000249s ]
NOTIC: [8] A session had already been started - ignoring session_start() E:\phpStudy\PHPTutorial\WWW\ontheroad\ThinkPHP\Common\functions.php 第 1263 行.
SQL: SHOW COLUMNS FROM `d_room_type` [ RunTime:0.0122s ]
SQL: SELECT * FROM `d_room_type` WHERE `id` = 3 LIMIT 1   [ RunTime:0.0004s ]
INFO: [ view_parse ] --START--
INFO: [ template_filter ] --START--
INFO: Run Behavior\ContentReplaceBehavior [ RunTime:0.000049s ]
INFO: [ template_filter ] --END-- [ RunTime:0.000078s ]
NOTIC: [8] Use of undefined constant index - assumed 'index' E:\phpStudy\PHPTutorial\WWW\ontheroad\Application\Runtime\Cache\WeChat\685c5635b2675dcce0b39d669f85960a.php 第 177 行.
NOTIC: [8] Use of undefined constant order - assumed 'order' E:\phpStudy\PHPTutorial\WWW\ontheroad\Application\Runtime\Cache\WeChat\685c5635b2675dcce0b39d669f85960a.php 第 182 行.
NOTIC: [8] Use of undefined constant around - assumed 'around' E:\phpStudy\PHPTutorial\WWW\ontheroad\Application\Runtime\Cache\WeChat\685c5635b2675dcce0b39d669f85960a.php 第 187 行.
NOTIC: [8] Use of undefined constant myCenter - assumed 'myCenter' E:\phpStudy\PHPTutorial\WWW\ontheroad\Application\Runtime\Cache\WeChat\685c5635b2675dcce0b39d669f85960a.php 第 192 行.
INFO: Run Behavior\ParseTemplateBehavior [ RunTime:0.016769s ]
INFO: [ view_parse ] --END-- [ RunTime:0.016809s ]
INFO: [ view_filter ] --START--
INFO: Run Behavior\WriteHtmlCacheBehavior [ RunTime:0.000124s ]
INFO: [ view_filter ] --END-- [ RunTime:0.000142s ]
INFO: [ app_end ] --START--
INFO: Run Behavior\ShowPageTraceBehavior [ RunTime:0.000250s ]
INFO: [ app_end ] --END-- [ RunTime:0.000276s ]

[ 2018-01-01T15:16:18+08:00 ] 192.168.9.161 /ontheroad/index.php/WeChat/Order/detail/id/3
INFO: [ app_init ] --START--
INFO: Run Behavior\BuildLiteBehavior [ RunTime:0.000007s ]
INFO: [ app_init ] --END-- [ RunTime:0.000228s ]
INFO: [ app_begin ] --START--
INFO: Run Behavior\ReadHtmlCacheBehavior [ RunTime:0.000262s ]
INFO: [ app_begin ] --END-- [ RunTime:0.000296s ]
NOTIC: [8] A session had already been started - ignoring session_start() E:\phpStudy\PHPTutorial\WWW\ontheroad\ThinkPHP\Common\functions.php 第 1263 行.
SQL: SHOW COLUMNS FROM `d_room_type` [ RunTime:0.0122s ]
SQL: SELECT * FROM `d_room_type` WHERE `id` = 3 LIMIT 1   [ RunTime:0.0003s ]
INFO: [ view_parse ] --START--
INFO: [ template_filter ] --START--
INFO: Run Behavior\ContentReplaceBehavior [ RunTime:0.000049s ]
INFO: [ template_filter ] --END-- [ RunTime:0.000072s ]
NOTIC: [8] Use of undefined constant index - assumed 'index' E:\phpStudy\PHPTutorial\WWW\ontheroad\Application\Runtime\Cache\WeChat\685c5635b2675dcce0b39d669f85960a.php 第 177 行.
NOTIC: [8] Use of undefined constant order - assumed 'order' E:\phpStudy\PHPTutorial\WWW\ontheroad\Application\Runtime\Cache\WeChat\685c5635b2675dcce0b39d669f85960a.php 第 182 行.
NOTIC: [8] Use of undefined constant around - assumed 'around' E:\phpStudy\PHPTutorial\WWW\ontheroad\Application\Runtime\Cache\WeChat\685c5635b2675dcce0b39d669f85960a.php 第 187 行.
NOTIC: [8] Use of undefined constant myCenter - assumed 'myCenter' E:\phpStudy\PHPTutorial\WWW\ontheroad\Application\Runtime\Cache\WeChat\685c5635b2675dcce0b39d669f85960a.php 第 192 行.
INFO: Run Behavior\ParseTemplateBehavior [ RunTime:0.016803s ]
INFO: [ view_parse ] --END-- [ RunTime:0.016830s ]
INFO: [ view_filter ] --START--
INFO: Run Behavior\WriteHtmlCacheBehavior [ RunTime:0.000158s ]
INFO: [ view_filter ] --END-- [ RunTime:0.000178s ]
INFO: [ app_end ] --START--
INFO: Run Behavior\ShowPageTraceBehavior [ RunTime:0.000313s ]
INFO: [ app_end ] --END-- [ RunTime:0.000340s ]

