[ 2017-06-25T16:06:12+08:00 ] 117.172.25.4 /ontheroad/Admin/Index/main
INFO: [ app_init ] --START--
INFO: Run Behavior\BuildLiteBehavior [ RunTime:0.000051s ]
INFO: [ app_init ] --END-- [ RunTime:0.000931s ]
INFO: [ app_begin ] --START--
INFO: Run Behavior\ReadHtmlCacheBehavior [ RunTime:0.002183s ]
INFO: [ app_begin ] --END-- [ RunTime:0.002435s ]
NOTIC: [8] A session had already been started - ignoring session_start() C:\wamp\www\ontheroad\ThinkPHP\Common\functions.php 第 1263 行.
SQL: SHOW COLUMNS FROM `d_manager` [ RunTime:0.0236s ]
SQL: SELECT * FROM `d_manager` WHERE `id` = 1 LIMIT 1   [ RunTime:0.0004s ]
INFO: [ view_parse ] --START--
INFO: [ template_filter ] --START--
INFO: Run Behavior\ContentReplaceBehavior [ RunTime:0.000156s ]
INFO: [ template_filter ] --END-- [ RunTime:0.000425s ]
INFO: Run Behavior\ParseTemplateBehavior [ RunTime:0.018121s ]
INFO: [ view_parse ] --END-- [ RunTime:0.018409s ]
INFO: [ view_filter ] --START--
INFO: Run Behavior\WriteHtmlCacheBehavior [ RunTime:0.002085s ]
INFO: [ view_filter ] --END-- [ RunTime:0.002319s ]
INFO: [ app_end ] --START--
INFO: Run Behavior\ShowPageTraceBehavior [ RunTime:0.002121s ]
INFO: [ app_end ] --END-- [ RunTime:0.002373s ]

[ 2017-06-25T16:06:22+08:00 ] 223.85.218.70 /ontheroad/Admin/Index/systemInfo.html
INFO: [ app_init ] --START--
INFO: Run Behavior\BuildLiteBehavior [ RunTime:0.000051s ]
INFO: [ app_init ] --END-- [ RunTime:0.000641s ]
INFO: [ app_begin ] --START--
INFO: Run Behavior\ReadHtmlCacheBehavior [ RunTime:0.000840s ]
INFO: [ app_begin ] --END-- [ RunTime:0.001110s ]
NOTIC: [8] A session had already been started - ignoring session_start() C:\wamp\www\ontheroad\ThinkPHP\Common\functions.php 第 1263 行.
SQL: SHOW COLUMNS FROM `d_manager` [ RunTime:0.0019s ]
SQL: SELECT * FROM `d_manager` WHERE `id` = 1 LIMIT 1   [ RunTime:0.0004s ]
INFO: [ view_parse ] --START--
INFO: [ template_filter ] --START--
INFO: Run Behavior\ContentReplaceBehavior [ RunTime:0.000136s ]
INFO: [ template_filter ] --END-- [ RunTime:0.000389s ]
INFO: Run Behavior\ParseTemplateBehavior [ RunTime:0.027137s ]
INFO: [ view_parse ] --END-- [ RunTime:0.027388s ]
INFO: [ view_filter ] --START--
INFO: Run Behavior\WriteHtmlCacheBehavior [ RunTime:0.000612s ]
INFO: [ view_filter ] --END-- [ RunTime:0.000855s ]
INFO: [ app_end ] --START--
INFO: Run Behavior\ShowPageTraceBehavior [ RunTime:0.000918s ]
INFO: [ app_end ] --END-- [ RunTime:0.001148s ]

[ 2017-06-25T16:06:26+08:00 ] 223.85.218.70 /ontheroad/index.php/Admin/IndexManage/banner.html
INFO: [ app_init ] --START--
INFO: Run Behavior\BuildLiteBehavior [ RunTime:0.000053s ]
INFO: [ app_init ] --END-- [ RunTime:0.000666s ]
INFO: [ app_begin ] --START--
INFO: Run Behavior\ReadHtmlCacheBehavior [ RunTime:0.000826s ]
INFO: [ app_begin ] --END-- [ RunTime:0.001070s ]
NOTIC: [8] A session had already been started - ignoring session_start() C:\wamp\www\ontheroad\ThinkPHP\Common\functions.php 第 1263 行.
SQL: SHOW COLUMNS FROM `d_manager` [ RunTime:0.0018s ]
SQL: SELECT * FROM `d_manager` WHERE `id` = 1 LIMIT 1   [ RunTime:0.0003s ]
SQL: SHOW COLUMNS FROM `d_banner` [ RunTime:0.0017s ]
SQL: SELECT * FROM `d_banner`  [ RunTime:0.0003s ]
INFO: [ view_parse ] --START--
INFO: [ template_filter ] --START--
INFO: Run Behavior\ContentReplaceBehavior [ RunTime:0.000184s ]
INFO: [ template_filter ] --END-- [ RunTime:0.000425s ]
INFO: Run Behavior\ParseTemplateBehavior [ RunTime:0.099322s ]
INFO: [ view_parse ] --END-- [ RunTime:0.099585s ]
INFO: [ view_filter ] --START--
INFO: Run Behavior\WriteHtmlCacheBehavior [ RunTime:0.000533s ]
INFO: [ view_filter ] --END-- [ RunTime:0.000767s ]
INFO: [ app_end ] --START--
INFO: Run Behavior\ShowPageTraceBehavior [ RunTime:0.000748s ]
INFO: [ app_end ] --END-- [ RunTime:0.000985s ]

[ 2017-06-25T16:06:27+08:00 ] 223.85.218.70 /ontheroad/index.php/Admin/RoomManage/index.html
INFO: [ app_init ] --START--
INFO: Run Behavior\BuildLiteBehavior [ RunTime:0.000047s ]
INFO: [ app_init ] --END-- [ RunTime:0.000650s ]
INFO: [ app_begin ] --START--
INFO: Run Behavior\ReadHtmlCacheBehavior [ RunTime:0.000846s ]
INFO: [ app_begin ] --END-- [ RunTime:0.001109s ]
NOTIC: [8] A session had already been started - ignoring session_start() C:\wamp\www\ontheroad\ThinkPHP\Common\functions.php 第 1263 行.
SQL: SHOW COLUMNS FROM `d_manager` [ RunTime:0.0019s ]
SQL: SELECT * FROM `d_manager` WHERE `id` = 1 LIMIT 1   [ RunTime:0.0003s ]
SQL: SHOW COLUMNS FROM `d_room_type` [ RunTime:0.0018s ]
SQL: SELECT * FROM `d_room_type` WHERE `state` = 1  [ RunTime:0.0004s ]
INFO: [ view_parse ] --START--
INFO: [ template_filter ] --START--
INFO: Run Behavior\ContentReplaceBehavior [ RunTime:0.000139s ]
INFO: [ template_filter ] --END-- [ RunTime:0.000379s ]
INFO: Run Behavior\ParseTemplateBehavior [ RunTime:0.029687s ]
INFO: [ view_parse ] --END-- [ RunTime:0.029994s ]
INFO: [ view_filter ] --START--
INFO: Run Behavior\WriteHtmlCacheBehavior [ RunTime:0.000489s ]
INFO: [ view_filter ] --END-- [ RunTime:0.000718s ]
INFO: [ app_end ] --START--
INFO: Run Behavior\ShowPageTraceBehavior [ RunTime:0.000656s ]
INFO: [ app_end ] --END-- [ RunTime:0.000891s ]

[ 2017-06-25T16:06:37+08:00 ] 223.85.218.70 /ontheroad/index.php/Admin/Around/index.html
INFO: [ app_init ] --START--
INFO: Run Behavior\BuildLiteBehavior [ RunTime:0.000048s ]
INFO: [ app_init ] --END-- [ RunTime:0.000642s ]
INFO: [ app_begin ] --START--
INFO: Run Behavior\ReadHtmlCacheBehavior [ RunTime:0.000770s ]
INFO: [ app_begin ] --END-- [ RunTime:0.001045s ]
NOTIC: [8] A session had already been started - ignoring session_start() C:\wamp\www\ontheroad\ThinkPHP\Common\functions.php 第 1263 行.
SQL: SHOW COLUMNS FROM `d_manager` [ RunTime:0.0032s ]
SQL: SELECT * FROM `d_manager` WHERE `id` = 1 LIMIT 1   [ RunTime:0.0004s ]
SQL: SHOW COLUMNS FROM `d_around_class` [ RunTime:0.0016s ]
SQL: SELECT * FROM `d_around_class` WHERE ( state=1 )  [ RunTime:0.0003s ]
SQL: SHOW COLUMNS FROM `d_around` [ RunTime:0.0018s ]
SQL: SELECT COUNT(*) AS tp_count FROM `d_around` WHERE `class_id` = 1 LIMIT 1   [ RunTime:0.0003s ]
SQL: SELECT * FROM `d_around` WHERE `class_id` = 1 ORDER BY id desc LIMIT 0,4   [ RunTime:0.0003s ]
SQL: SHOW COLUMNS FROM `d_around` [ RunTime:0.0016s ]
INFO: [ view_parse ] --START--
INFO: [ template_filter ] --START--
INFO: Run Behavior\ContentReplaceBehavior [ RunTime:0.000161s ]
INFO: [ template_filter ] --END-- [ RunTime:0.000401s ]
INFO: Run Behavior\ParseTemplateBehavior [ RunTime:0.020906s ]
INFO: [ view_parse ] --END-- [ RunTime:0.021171s ]
INFO: [ view_filter ] --START--
INFO: Run Behavior\WriteHtmlCacheBehavior [ RunTime:0.000489s ]
INFO: [ view_filter ] --END-- [ RunTime:0.000737s ]
INFO: [ app_end ] --START--
INFO: Run Behavior\ShowPageTraceBehavior [ RunTime:0.000646s ]
INFO: [ app_end ] --END-- [ RunTime:0.000883s ]

[ 2017-06-25T16:06:47+08:00 ] 223.85.218.70 /ontheroad/index.php/Admin/User/index.html
INFO: [ app_init ] --START--
INFO: Run Behavior\BuildLiteBehavior [ RunTime:0.000048s ]
INFO: [ app_init ] --END-- [ RunTime:0.000674s ]
INFO: [ app_begin ] --START--
INFO: Run Behavior\ReadHtmlCacheBehavior [ RunTime:0.000784s ]
INFO: [ app_begin ] --END-- [ RunTime:0.001028s ]
NOTIC: [8] A session had already been started - ignoring session_start() C:\wamp\www\ontheroad\ThinkPHP\Common\functions.php 第 1263 行.
SQL: SHOW COLUMNS FROM `d_manager` [ RunTime:0.0019s ]
SQL: SELECT * FROM `d_manager` WHERE `id` = 1 LIMIT 1   [ RunTime:0.0004s ]
SQL: SHOW COLUMNS FROM `d_user` [ RunTime:0.0020s ]
SQL: SELECT COUNT(*) AS tp_count FROM `d_user` WHERE `state` = 1 LIMIT 1   [ RunTime:0.0003s ]
SQL: SELECT * FROM `d_user` WHERE `state` = 1 ORDER BY start_time desc LIMIT 0,10   [ RunTime:0.0004s ]
SQL: SHOW COLUMNS FROM `d_user` [ RunTime:0.0018s ]
INFO: [ view_parse ] --START--
INFO: [ template_filter ] --START--
INFO: Run Behavior\ContentReplaceBehavior [ RunTime:0.000138s ]
INFO: [ template_filter ] --END-- [ RunTime:0.000392s ]
NOTIC: [8] Undefined index: id C:\wamp\www\ontheroad\Application\Runtime\Cache\Admin\65e605872ed5d34210f5b33beb13f5a3.php 第 38 行.
NOTIC: [8] Undefined variable: typeName C:\wamp\www\ontheroad\Application\Runtime\Cache\Admin\65e605872ed5d34210f5b33beb13f5a3.php 第 38 行.
NOTIC: [8] Undefined index: id C:\wamp\www\ontheroad\Application\Runtime\Cache\Admin\65e605872ed5d34210f5b33beb13f5a3.php 第 38 行.
NOTIC: [8] Undefined variable: typeName C:\wamp\www\ontheroad\Application\Runtime\Cache\Admin\65e605872ed5d34210f5b33beb13f5a3.php 第 38 行.
NOTIC: [8] Undefined index: id C:\wamp\www\ontheroad\Application\Runtime\Cache\Admin\65e605872ed5d34210f5b33beb13f5a3.php 第 38 行.
NOTIC: [8] Undefined variable: typeName C:\wamp\www\ontheroad\Application\Runtime\Cache\Admin\65e605872ed5d34210f5b33beb13f5a3.php 第 38 行.
NOTIC: [8] Undefined index: id C:\wamp\www\ontheroad\Application\Runtime\Cache\Admin\65e605872ed5d34210f5b33beb13f5a3.php 第 38 行.
NOTIC: [8] Undefined variable: typeName C:\wamp\www\ontheroad\Application\Runtime\Cache\Admin\65e605872ed5d34210f5b33beb13f5a3.php 第 38 行.
NOTIC: [8] Undefined index: id C:\wamp\www\ontheroad\Application\Runtime\Cache\Admin\65e605872ed5d34210f5b33beb13f5a3.php 第 38 行.
NOTIC: [8] Undefined variable: typeName C:\wamp\www\ontheroad\Application\Runtime\Cache\Admin\65e605872ed5d34210f5b33beb13f5a3.php 第 38 行.
NOTIC: [8] Undefined index: id C:\wamp\www\ontheroad\Application\Runtime\Cache\Admin\65e605872ed5d34210f5b33beb13f5a3.php 第 38 行.
NOTIC: [8] Undefined variable: typeName C:\wamp\www\ontheroad\Application\Runtime\Cache\Admin\65e605872ed5d34210f5b33beb13f5a3.php 第 38 行.
NOTIC: [8] Undefined variable: type C:\wamp\www\ontheroad\Application\Runtime\Cache\Admin\65e605872ed5d34210f5b33beb13f5a3.php 第 52 行.
NOTIC: [8] Undefined variable: typeName C:\wamp\www\ontheroad\Application\Runtime\Cache\Admin\65e605872ed5d34210f5b33beb13f5a3.php 第 52 行.
NOTIC: [8] Undefined variable: typeName C:\wamp\www\ontheroad\Application\Runtime\Cache\Admin\65e605872ed5d34210f5b33beb13f5a3.php 第 52 行.
INFO: Run Behavior\ParseTemplateBehavior [ RunTime:0.030869s ]
INFO: [ view_parse ] --END-- [ RunTime:0.031109s ]
INFO: [ view_filter ] --START--
INFO: Run Behavior\WriteHtmlCacheBehavior [ RunTime:0.000487s ]
INFO: [ view_filter ] --END-- [ RunTime:0.000734s ]
INFO: [ app_end ] --START--
INFO: Run Behavior\ShowPageTraceBehavior [ RunTime:0.000642s ]
INFO: [ app_end ] --END-- [ RunTime:0.000893s ]

[ 2017-06-25T16:06:53+08:00 ] 223.85.218.70 /ontheroad/index.php/Admin/Around/index.html
INFO: [ app_init ] --START--
INFO: Run Behavior\BuildLiteBehavior [ RunTime:0.000049s ]
INFO: [ app_init ] --END-- [ RunTime:0.000657s ]
INFO: [ app_begin ] --START--
INFO: Run Behavior\ReadHtmlCacheBehavior [ RunTime:0.000952s ]
INFO: [ app_begin ] --END-- [ RunTime:0.001222s ]
NOTIC: [8] A session had already been started - ignoring session_start() C:\wamp\www\ontheroad\ThinkPHP\Common\functions.php 第 1263 行.
SQL: SHOW COLUMNS FROM `d_manager` [ RunTime:0.0019s ]
SQL: SELECT * FROM `d_manager` WHERE `id` = 1 LIMIT 1   [ RunTime:0.0004s ]
SQL: SHOW COLUMNS FROM `d_around_class` [ RunTime:0.0015s ]
SQL: SELECT * FROM `d_around_class` WHERE ( state=1 )  [ RunTime:0.0003s ]
SQL: SHOW COLUMNS FROM `d_around` [ RunTime:0.0017s ]
SQL: SELECT COUNT(*) AS tp_count FROM `d_around` WHERE `class_id` = 1 LIMIT 1   [ RunTime:0.0003s ]
SQL: SELECT * FROM `d_around` WHERE `class_id` = 1 ORDER BY id desc LIMIT 0,4   [ RunTime:0.0003s ]
SQL: SHOW COLUMNS FROM `d_around` [ RunTime:0.0016s ]
INFO: [ view_parse ] --START--
INFO: [ template_filter ] --START--
INFO: Run Behavior\ContentReplaceBehavior [ RunTime:0.000146s ]
INFO: [ template_filter ] --END-- [ RunTime:0.000387s ]
INFO: Run Behavior\ParseTemplateBehavior [ RunTime:0.020264s ]
INFO: [ view_parse ] --END-- [ RunTime:0.020508s ]
INFO: [ view_filter ] --START--
INFO: Run Behavior\WriteHtmlCacheBehavior [ RunTime:0.000500s ]
INFO: [ view_filter ] --END-- [ RunTime:0.000728s ]
INFO: [ app_end ] --START--
INFO: Run Behavior\ShowPageTraceBehavior [ RunTime:0.000704s ]
INFO: [ app_end ] --END-- [ RunTime:0.000940s ]

[ 2017-06-25T16:06:58+08:00 ] 223.85.218.70 /ontheroad/index.php/Admin/Around/classList.html
INFO: [ app_init ] --START--
INFO: Run Behavior\BuildLiteBehavior [ RunTime:0.000048s ]
INFO: [ app_init ] --END-- [ RunTime:0.000650s ]
INFO: [ app_begin ] --START--
INFO: Run Behavior\ReadHtmlCacheBehavior [ RunTime:0.000786s ]
INFO: [ app_begin ] --END-- [ RunTime:0.001030s ]
NOTIC: [8] A session had already been started - ignoring session_start() C:\wamp\www\ontheroad\ThinkPHP\Common\functions.php 第 1263 行.
SQL: SHOW COLUMNS FROM `d_manager` [ RunTime:0.0019s ]
SQL: SELECT * FROM `d_manager` WHERE `id` = 1 LIMIT 1   [ RunTime:0.0003s ]
SQL: SHOW COLUMNS FROM `d_around_class` [ RunTime:0.0016s ]
SQL: SELECT * FROM `d_around_class` WHERE ( state=1 )  [ RunTime:0.0003s ]
INFO: [ view_parse ] --START--
INFO: [ template_filter ] --START--
INFO: Run Behavior\ContentReplaceBehavior [ RunTime:0.000146s ]
INFO: [ template_filter ] --END-- [ RunTime:0.000383s ]
INFO: Run Behavior\ParseTemplateBehavior [ RunTime:0.032703s ]
INFO: [ view_parse ] --END-- [ RunTime:0.032953s ]
INFO: [ view_filter ] --START--
INFO: Run Behavior\WriteHtmlCacheBehavior [ RunTime:0.000504s ]
INFO: [ view_filter ] --END-- [ RunTime:0.000737s ]
INFO: [ app_end ] --START--
INFO: Run Behavior\ShowPageTraceBehavior [ RunTime:0.000654s ]
INFO: [ app_end ] --END-- [ RunTime:0.000891s ]

[ 2017-06-25T16:07:01+08:00 ] 223.85.218.70 /ontheroad/index.php/Admin/Around/index.html
INFO: [ app_init ] --START--
INFO: Run Behavior\BuildLiteBehavior [ RunTime:0.000049s ]
INFO: [ app_init ] --END-- [ RunTime:0.000649s ]
INFO: [ app_begin ] --START--
INFO: Run Behavior\ReadHtmlCacheBehavior [ RunTime:0.000810s ]
INFO: [ app_begin ] --END-- [ RunTime:0.001077s ]
NOTIC: [8] A session had already been started - ignoring session_start() C:\wamp\www\ontheroad\ThinkPHP\Common\functions.php 第 1263 行.
SQL: SHOW COLUMNS FROM `d_manager` [ RunTime:0.0020s ]
SQL: SELECT * FROM `d_manager` WHERE `id` = 1 LIMIT 1   [ RunTime:0.0003s ]
SQL: SHOW COLUMNS FROM `d_around_class` [ RunTime:0.0017s ]
SQL: SELECT * FROM `d_around_class` WHERE ( state=1 )  [ RunTime:0.0003s ]
SQL: SHOW COLUMNS FROM `d_around` [ RunTime:0.0018s ]
SQL: SELECT COUNT(*) AS tp_count FROM `d_around` WHERE `class_id` = 1 LIMIT 1   [ RunTime:0.0003s ]
SQL: SELECT * FROM `d_around` WHERE `class_id` = 1 ORDER BY id desc LIMIT 0,4   [ RunTime:0.0003s ]
SQL: SHOW COLUMNS FROM `d_around` [ RunTime:0.0017s ]
INFO: [ view_parse ] --START--
INFO: [ template_filter ] --START--
INFO: Run Behavior\ContentReplaceBehavior [ RunTime:0.000159s ]
INFO: [ template_filter ] --END-- [ RunTime:0.000401s ]
INFO: Run Behavior\ParseTemplateBehavior [ RunTime:0.020723s ]
INFO: [ view_parse ] --END-- [ RunTime:0.020968s ]
INFO: [ view_filter ] --START--
INFO: Run Behavior\WriteHtmlCacheBehavior [ RunTime:0.000485s ]
INFO: [ view_filter ] --END-- [ RunTime:0.000728s ]
INFO: [ app_end ] --START--
INFO: Run Behavior\ShowPageTraceBehavior [ RunTime:0.000647s ]
INFO: [ app_end ] --END-- [ RunTime:0.000880s ]

[ 2017-06-25T16:07:09+08:00 ] 223.85.218.70 /ontheroad/index.php/Admin/User/index.html
INFO: [ app_init ] --START--
INFO: Run Behavior\BuildLiteBehavior [ RunTime:0.000048s ]
INFO: [ app_init ] --END-- [ RunTime:0.000659s ]
INFO: [ app_begin ] --START--
INFO: Run Behavior\ReadHtmlCacheBehavior [ RunTime:0.000798s ]
INFO: [ app_begin ] --END-- [ RunTime:0.001042s ]
NOTIC: [8] A session had already been started - ignoring session_start() C:\wamp\www\ontheroad\ThinkPHP\Common\functions.php 第 1263 行.
SQL: SHOW COLUMNS FROM `d_manager` [ RunTime:0.0019s ]
SQL: SELECT * FROM `d_manager` WHERE `id` = 1 LIMIT 1   [ RunTime:0.0004s ]
SQL: SHOW COLUMNS FROM `d_user` [ RunTime:0.0019s ]
SQL: SELECT COUNT(*) AS tp_count FROM `d_user` WHERE `state` = 1 LIMIT 1   [ RunTime:0.0003s ]
SQL: SELECT * FROM `d_user` WHERE `state` = 1 ORDER BY start_time desc LIMIT 0,10   [ RunTime:0.0004s ]
SQL: SHOW COLUMNS FROM `d_user` [ RunTime:0.0018s ]
INFO: [ view_parse ] --START--
INFO: [ template_filter ] --START--
INFO: Run Behavior\ContentReplaceBehavior [ RunTime:0.000142s ]
INFO: [ template_filter ] --END-- [ RunTime:0.000402s ]
NOTIC: [8] Undefined index: id C:\wamp\www\ontheroad\Application\Runtime\Cache\Admin\65e605872ed5d34210f5b33beb13f5a3.php 第 38 行.
NOTIC: [8] Undefined variable: typeName C:\wamp\www\ontheroad\Application\Runtime\Cache\Admin\65e605872ed5d34210f5b33beb13f5a3.php 第 38 行.
NOTIC: [8] Undefined index: id C:\wamp\www\ontheroad\Application\Runtime\Cache\Admin\65e605872ed5d34210f5b33beb13f5a3.php 第 38 行.
NOTIC: [8] Undefined variable: typeName C:\wamp\www\ontheroad\Application\Runtime\Cache\Admin\65e605872ed5d34210f5b33beb13f5a3.php 第 38 行.
NOTIC: [8] Undefined index: id C:\wamp\www\ontheroad\Application\Runtime\Cache\Admin\65e605872ed5d34210f5b33beb13f5a3.php 第 38 行.
NOTIC: [8] Undefined variable: typeName C:\wamp\www\ontheroad\Application\Runtime\Cache\Admin\65e605872ed5d34210f5b33beb13f5a3.php 第 38 行.
NOTIC: [8] Undefined index: id C:\wamp\www\ontheroad\Application\Runtime\Cache\Admin\65e605872ed5d34210f5b33beb13f5a3.php 第 38 行.
NOTIC: [8] Undefined variable: typeName C:\wamp\www\ontheroad\Application\Runtime\Cache\Admin\65e605872ed5d34210f5b33beb13f5a3.php 第 38 行.
NOTIC: [8] Undefined index: id C:\wamp\www\ontheroad\Application\Runtime\Cache\Admin\65e605872ed5d34210f5b33beb13f5a3.php 第 38 行.
NOTIC: [8] Undefined variable: typeName C:\wamp\www\ontheroad\Application\Runtime\Cache\Admin\65e605872ed5d34210f5b33beb13f5a3.php 第 38 行.
NOTIC: [8] Undefined index: id C:\wamp\www\ontheroad\Application\Runtime\Cache\Admin\65e605872ed5d34210f5b33beb13f5a3.php 第 38 行.
NOTIC: [8] Undefined variable: typeName C:\wamp\www\ontheroad\Application\Runtime\Cache\Admin\65e605872ed5d34210f5b33beb13f5a3.php 第 38 行.
NOTIC: [8] Undefined variable: type C:\wamp\www\ontheroad\Application\Runtime\Cache\Admin\65e605872ed5d34210f5b33beb13f5a3.php 第 52 行.
NOTIC: [8] Undefined variable: typeName C:\wamp\www\ontheroad\Application\Runtime\Cache\Admin\65e605872ed5d34210f5b33beb13f5a3.php 第 52 行.
NOTIC: [8] Undefined variable: typeName C:\wamp\www\ontheroad\Application\Runtime\Cache\Admin\65e605872ed5d34210f5b33beb13f5a3.php 第 52 行.
INFO: Run Behavior\ParseTemplateBehavior [ RunTime:0.016672s ]
INFO: [ view_parse ] --END-- [ RunTime:0.016915s ]
INFO: [ view_filter ] --START--
INFO: Run Behavior\WriteHtmlCacheBehavior [ RunTime:0.000515s ]
INFO: [ view_filter ] --END-- [ RunTime:0.000751s ]
INFO: [ app_end ] --START--
INFO: Run Behavior\ShowPageTraceBehavior [ RunTime:0.000656s ]
INFO: [ app_end ] --END-- [ RunTime:0.000894s ]

[ 2017-06-25T16:07:12+08:00 ] 223.85.218.70 /ontheroad/index.php/Admin/RoomManage/index.html
INFO: [ app_init ] --START--
INFO: Run Behavior\BuildLiteBehavior [ RunTime:0.000049s ]
INFO: [ app_init ] --END-- [ RunTime:0.000638s ]
INFO: [ app_begin ] --START--
INFO: Run Behavior\ReadHtmlCacheBehavior [ RunTime:0.000764s ]
INFO: [ app_begin ] --END-- [ RunTime:0.001186s ]
NOTIC: [8] A session had already been started - ignoring session_start() C:\wamp\www\ontheroad\ThinkPHP\Common\functions.php 第 1263 行.
SQL: SHOW COLUMNS FROM `d_manager` [ RunTime:0.0021s ]
SQL: SELECT * FROM `d_manager` WHERE `id` = 1 LIMIT 1   [ RunTime:0.0004s ]
SQL: SHOW COLUMNS FROM `d_room_type` [ RunTime:0.0017s ]
SQL: SELECT * FROM `d_room_type` WHERE `state` = 1  [ RunTime:0.0004s ]
INFO: [ view_parse ] --START--
INFO: [ template_filter ] --START--
INFO: Run Behavior\ContentReplaceBehavior [ RunTime:0.000163s ]
INFO: [ template_filter ] --END-- [ RunTime:0.000404s ]
INFO: Run Behavior\ParseTemplateBehavior [ RunTime:0.016650s ]
INFO: [ view_parse ] --END-- [ RunTime:0.016906s ]
INFO: [ view_filter ] --START--
INFO: Run Behavior\WriteHtmlCacheBehavior [ RunTime:0.000500s ]
INFO: [ view_filter ] --END-- [ RunTime:0.000728s ]
INFO: [ app_end ] --START--
INFO: Run Behavior\ShowPageTraceBehavior [ RunTime:0.000658s ]
INFO: [ app_end ] --END-- [ RunTime:0.000892s ]

[ 2017-06-25T16:07:24+08:00 ] 117.172.25.4 /ontheroad/index.php/Admin/DocumentCenter/index.html
INFO: [ app_init ] --START--
INFO: Run Behavior\BuildLiteBehavior [ RunTime:0.000048s ]
INFO: [ app_init ] --END-- [ RunTime:0.000637s ]
INFO: [ app_begin ] --START--
INFO: Run Behavior\ReadHtmlCacheBehavior [ RunTime:0.000887s ]
INFO: [ app_begin ] --END-- [ RunTime:0.001131s ]
NOTIC: [8] A session had already been started - ignoring session_start() C:\wamp\www\ontheroad\ThinkPHP\Common\functions.php 第 1263 行.
SQL: SHOW COLUMNS FROM `d_manager` [ RunTime:0.0017s ]
SQL: SELECT * FROM `d_manager` WHERE `id` = 1 LIMIT 1   [ RunTime:0.0003s ]
INFO: [ view_parse ] --START--
INFO: [ template_filter ] --START--
INFO: Run Behavior\ContentReplaceBehavior [ RunTime:0.000173s ]
INFO: [ template_filter ] --END-- [ RunTime:0.000412s ]
INFO: Run Behavior\ParseTemplateBehavior [ RunTime:0.033554s ]
INFO: [ view_parse ] --END-- [ RunTime:0.033818s ]
INFO: [ view_filter ] --START--
INFO: Run Behavior\WriteHtmlCacheBehavior [ RunTime:0.000637s ]
INFO: [ view_filter ] --END-- [ RunTime:0.000867s ]
INFO: [ app_end ] --START--
INFO: Run Behavior\ShowPageTraceBehavior [ RunTime:0.000877s ]
INFO: [ app_end ] --END-- [ RunTime:0.001112s ]

[ 2017-06-25T16:07:51+08:00 ] 223.85.218.70 /ontheroad/index.php/Admin/Around/index.html
INFO: [ app_init ] --START--
INFO: Run Behavior\BuildLiteBehavior [ RunTime:0.000049s ]
INFO: [ app_init ] --END-- [ RunTime:0.000637s ]
INFO: [ app_begin ] --START--
INFO: Run Behavior\ReadHtmlCacheBehavior [ RunTime:0.000794s ]
INFO: [ app_begin ] --END-- [ RunTime:0.001040s ]
NOTIC: [8] A session had already been started - ignoring session_start() C:\wamp\www\ontheroad\ThinkPHP\Common\functions.php 第 1263 行.
SQL: SHOW COLUMNS FROM `d_manager` [ RunTime:0.0019s ]
SQL: SELECT * FROM `d_manager` WHERE `id` = 1 LIMIT 1   [ RunTime:0.0004s ]
SQL: SHOW COLUMNS FROM `d_around_class` [ RunTime:0.0016s ]
SQL: SELECT * FROM `d_around_class` WHERE ( state=1 )  [ RunTime:0.0003s ]
SQL: SHOW COLUMNS FROM `d_around` [ RunTime:0.0017s ]
SQL: SELECT COUNT(*) AS tp_count FROM `d_around` WHERE `class_id` = 1 LIMIT 1   [ RunTime:0.0003s ]
SQL: SELECT * FROM `d_around` WHERE `class_id` = 1 ORDER BY id desc LIMIT 0,4   [ RunTime:0.0003s ]
SQL: SHOW COLUMNS FROM `d_around` [ RunTime:0.0017s ]
INFO: [ view_parse ] --START--
INFO: [ template_filter ] --START--
INFO: Run Behavior\ContentReplaceBehavior [ RunTime:0.000142s ]
INFO: [ template_filter ] --END-- [ RunTime:0.000384s ]
INFO: Run Behavior\ParseTemplateBehavior [ RunTime:0.020936s ]
INFO: [ view_parse ] --END-- [ RunTime:0.021183s ]
INFO: [ view_filter ] --START--
INFO: Run Behavior\WriteHtmlCacheBehavior [ RunTime:0.000514s ]
INFO: [ view_filter ] --END-- [ RunTime:0.000744s ]
INFO: [ app_end ] --START--
INFO: Run Behavior\ShowPageTraceBehavior [ RunTime:0.000788s ]
INFO: [ app_end ] --END-- [ RunTime:0.001023s ]

[ 2017-06-25T16:07:57+08:00 ] 223.85.218.70 /ontheroad/index.php/Admin/Around/index/class/2.html
INFO: [ app_init ] --START--
INFO: Run Behavior\BuildLiteBehavior [ RunTime:0.000048s ]
INFO: [ app_init ] --END-- [ RunTime:0.000648s ]
INFO: [ app_begin ] --START--
INFO: Run Behavior\ReadHtmlCacheBehavior [ RunTime:0.000730s ]
INFO: [ app_begin ] --END-- [ RunTime:0.000985s ]
NOTIC: [8] A session had already been started - ignoring session_start() C:\wamp\www\ontheroad\ThinkPHP\Common\functions.php 第 1263 行.
SQL: SHOW COLUMNS FROM `d_manager` [ RunTime:0.0019s ]
SQL: SELECT * FROM `d_manager` WHERE `id` = 1 LIMIT 1   [ RunTime:0.0003s ]
SQL: SHOW COLUMNS FROM `d_around_class` [ RunTime:0.0015s ]
SQL: SELECT * FROM `d_around_class` WHERE ( state=1 )  [ RunTime:0.0003s ]
SQL: SHOW COLUMNS FROM `d_around` [ RunTime:0.0017s ]
SQL: SELECT COUNT(*) AS tp_count FROM `d_around` WHERE `class_id` = 2 LIMIT 1   [ RunTime:0.0004s ]
SQL: SELECT * FROM `d_around` WHERE `class_id` = 2 ORDER BY id desc LIMIT 0,4   [ RunTime:0.0003s ]
SQL: SHOW COLUMNS FROM `d_around` [ RunTime:0.0016s ]
INFO: [ view_parse ] --START--
INFO: [ template_filter ] --START--
INFO: Run Behavior\ContentReplaceBehavior [ RunTime:0.000146s ]
INFO: [ template_filter ] --END-- [ RunTime:0.000401s ]
INFO: Run Behavior\ParseTemplateBehavior [ RunTime:0.021304s ]
INFO: [ view_parse ] --END-- [ RunTime:0.021552s ]
INFO: [ view_filter ] --START--
INFO: Run Behavior\WriteHtmlCacheBehavior [ RunTime:0.000522s ]
INFO: [ view_filter ] --END-- [ RunTime:0.000748s ]
INFO: [ app_end ] --START--
INFO: Run Behavior\ShowPageTraceBehavior [ RunTime:0.000788s ]
INFO: [ app_end ] --END-- [ RunTime:0.001022s ]

[ 2017-06-25T16:08:00+08:00 ] 223.85.218.70 /ontheroad/index.php/Admin/Around/index/class/4.html
INFO: [ app_init ] --START--
INFO: Run Behavior\BuildLiteBehavior [ RunTime:0.000079s ]
INFO: [ app_init ] --END-- [ RunTime:0.000796s ]
INFO: [ app_begin ] --START--
INFO: Run Behavior\ReadHtmlCacheBehavior [ RunTime:0.000745s ]
INFO: [ app_begin ] --END-- [ RunTime:0.000982s ]
NOTIC: [8] A session had already been started - ignoring session_start() C:\wamp\www\ontheroad\ThinkPHP\Common\functions.php 第 1263 行.
SQL: SHOW COLUMNS FROM `d_manager` [ RunTime:0.0018s ]
SQL: SELECT * FROM `d_manager` WHERE `id` = 1 LIMIT 1   [ RunTime:0.0003s ]
SQL: SHOW COLUMNS FROM `d_around_class` [ RunTime:0.0018s ]
SQL: SELECT * FROM `d_around_class` WHERE ( state=1 )  [ RunTime:0.0003s ]
SQL: SHOW COLUMNS FROM `d_around` [ RunTime:0.0016s ]
SQL: SELECT COUNT(*) AS tp_count FROM `d_around` WHERE `class_id` = 4 LIMIT 1   [ RunTime:0.0003s ]
SQL: SELECT * FROM `d_around` WHERE `class_id` = 4 ORDER BY id desc LIMIT 0,4   [ RunTime:0.0003s ]
SQL: SHOW COLUMNS FROM `d_around` [ RunTime:0.0016s ]
INFO: [ view_parse ] --START--
INFO: [ template_filter ] --START--
INFO: Run Behavior\ContentReplaceBehavior [ RunTime:0.000145s ]
INFO: [ template_filter ] --END-- [ RunTime:0.000383s ]
INFO: Run Behavior\ParseTemplateBehavior [ RunTime:0.020474s ]
INFO: [ view_parse ] --END-- [ RunTime:0.020718s ]
INFO: [ view_filter ] --START--
INFO: Run Behavior\WriteHtmlCacheBehavior [ RunTime:0.000528s ]
INFO: [ view_filter ] --END-- [ RunTime:0.000755s ]
INFO: [ app_end ] --START--
INFO: Run Behavior\ShowPageTraceBehavior [ RunTime:0.000786s ]
INFO: [ app_end ] --END-- [ RunTime:0.001022s ]

[ 2017-06-25T16:08:05+08:00 ] 223.85.218.70 /ontheroad/index.php/Admin/Around/index/class/6.html
INFO: [ app_init ] --START--
INFO: Run Behavior\BuildLiteBehavior [ RunTime:0.000053s ]
INFO: [ app_init ] --END-- [ RunTime:0.000779s ]
INFO: [ app_begin ] --START--
INFO: Run Behavior\ReadHtmlCacheBehavior [ RunTime:0.000754s ]
INFO: [ app_begin ] --END-- [ RunTime:0.001032s ]
NOTIC: [8] A session had already been started - ignoring session_start() C:\wamp\www\ontheroad\ThinkPHP\Common\functions.php 第 1263 行.
SQL: SHOW COLUMNS FROM `d_manager` [ RunTime:0.0019s ]
SQL: SELECT * FROM `d_manager` WHERE `id` = 1 LIMIT 1   [ RunTime:0.0004s ]
SQL: SHOW COLUMNS FROM `d_around_class` [ RunTime:0.0016s ]
SQL: SELECT * FROM `d_around_class` WHERE ( state=1 )  [ RunTime:0.0003s ]
SQL: SHOW COLUMNS FROM `d_around` [ RunTime:0.0017s ]
SQL: SELECT COUNT(*) AS tp_count FROM `d_around` WHERE `class_id` = 6 LIMIT 1   [ RunTime:0.0003s ]
SQL: SELECT * FROM `d_around` WHERE `class_id` = 6 ORDER BY id desc LIMIT 0,4   [ RunTime:0.0004s ]
SQL: SHOW COLUMNS FROM `d_around` [ RunTime:0.0016s ]
INFO: [ view_parse ] --START--
INFO: [ template_filter ] --START--
INFO: Run Behavior\ContentReplaceBehavior [ RunTime:0.000152s ]
INFO: [ template_filter ] --END-- [ RunTime:0.000395s ]
INFO: Run Behavior\ParseTemplateBehavior [ RunTime:0.022821s ]
INFO: [ view_parse ] --END-- [ RunTime:0.023066s ]
INFO: [ view_filter ] --START--
INFO: Run Behavior\WriteHtmlCacheBehavior [ RunTime:0.000530s ]
INFO: [ view_filter ] --END-- [ RunTime:0.000759s ]
INFO: [ app_end ] --START--
INFO: Run Behavior\ShowPageTraceBehavior [ RunTime:0.000807s ]
INFO: [ app_end ] --END-- [ RunTime:0.001043s ]

[ 2017-06-25T16:08:09+08:00 ] 223.85.218.70 /ontheroad/index.php/Admin/Around/index/class/6/p/3.html
INFO: [ app_init ] --START--
INFO: Run Behavior\BuildLiteBehavior [ RunTime:0.000048s ]
INFO: [ app_init ] --END-- [ RunTime:0.000656s ]
INFO: [ app_begin ] --START--
INFO: Run Behavior\ReadHtmlCacheBehavior [ RunTime:0.000742s ]
INFO: [ app_begin ] --END-- [ RunTime:0.000982s ]
NOTIC: [8] A session had already been started - ignoring session_start() C:\wamp\www\ontheroad\ThinkPHP\Common\functions.php 第 1263 行.
SQL: SHOW COLUMNS FROM `d_manager` [ RunTime:0.0019s ]
SQL: SELECT * FROM `d_manager` WHERE `id` = 1 LIMIT 1   [ RunTime:0.0003s ]
SQL: SHOW COLUMNS FROM `d_around_class` [ RunTime:0.0015s ]
SQL: SELECT * FROM `d_around_class` WHERE ( state=1 )  [ RunTime:0.0003s ]
SQL: SHOW COLUMNS FROM `d_around` [ RunTime:0.0017s ]
SQL: SELECT COUNT(*) AS tp_count FROM `d_around` WHERE `class_id` = 6 LIMIT 1   [ RunTime:0.0003s ]
SQL: SELECT * FROM `d_around` WHERE `class_id` = 6 ORDER BY id desc LIMIT 8,4   [ RunTime:0.0003s ]
SQL: SHOW COLUMNS FROM `d_around` [ RunTime:0.0017s ]
INFO: [ view_parse ] --START--
INFO: [ template_filter ] --START--
INFO: Run Behavior\ContentReplaceBehavior [ RunTime:0.000148s ]
INFO: [ template_filter ] --END-- [ RunTime:0.000403s ]
INFO: Run Behavior\ParseTemplateBehavior [ RunTime:0.021247s ]
INFO: [ view_parse ] --END-- [ RunTime:0.021509s ]
INFO: [ view_filter ] --START--
INFO: Run Behavior\WriteHtmlCacheBehavior [ RunTime:0.000554s ]
INFO: [ view_filter ] --END-- [ RunTime:0.000806s ]
INFO: [ app_end ] --START--
INFO: Run Behavior\ShowPageTraceBehavior [ RunTime:0.001142s ]
INFO: [ app_end ] --END-- [ RunTime:0.001379s ]

[ 2017-06-25T16:08:22+08:00 ] 117.172.25.4 /ontheroad/index.php/Admin/IndexManage/banner.html
INFO: [ app_init ] --START--
INFO: Run Behavior\BuildLiteBehavior [ RunTime:0.000048s ]
INFO: [ app_init ] --END-- [ RunTime:0.000657s ]
INFO: [ app_begin ] --START--
INFO: Run Behavior\ReadHtmlCacheBehavior [ RunTime:0.000851s ]
INFO: [ app_begin ] --END-- [ RunTime:0.001094s ]
NOTIC: [8] A session had already been started - ignoring session_start() C:\wamp\www\ontheroad\ThinkPHP\Common\functions.php 第 1263 行.
SQL: SHOW COLUMNS FROM `d_manager` [ RunTime:0.0020s ]
SQL: SELECT * FROM `d_manager` WHERE `id` = 1 LIMIT 1   [ RunTime:0.0004s ]
SQL: SHOW COLUMNS FROM `d_banner` [ RunTime:0.0015s ]
SQL: SELECT * FROM `d_banner`  [ RunTime:0.0003s ]
INFO: [ view_parse ] --START--
INFO: [ template_filter ] --START--
INFO: Run Behavior\ContentReplaceBehavior [ RunTime:0.000161s ]
INFO: [ template_filter ] --END-- [ RunTime:0.000393s ]
INFO: Run Behavior\ParseTemplateBehavior [ RunTime:0.016472s ]
INFO: [ view_parse ] --END-- [ RunTime:0.016727s ]
INFO: [ view_filter ] --START--
INFO: Run Behavior\WriteHtmlCacheBehavior [ RunTime:0.000598s ]
INFO: [ view_filter ] --END-- [ RunTime:0.000826s ]
INFO: [ app_end ] --START--
INFO: Run Behavior\ShowPageTraceBehavior [ RunTime:0.000851s ]
INFO: [ app_end ] --END-- [ RunTime:0.001120s ]

