[ 2017-06-13T00:47:53+08:00 ] 117.176.255.211 /ontheroad/index.php/WeChat/Index/index
INFO: [ app_init ] --START--
INFO: Run Behavior\BuildLiteBehavior [ RunTime:0.000048s ]
INFO: [ app_init ] --END-- [ RunTime:0.000642s ]
INFO: [ app_begin ] --START--
INFO: Run Behavior\ReadHtmlCacheBehavior [ RunTime:0.000888s ]
INFO: [ app_begin ] --END-- [ RunTime:0.001128s ]
NOTIC: [8] A session had already been started - ignoring session_start() C:\wamp\www\ontheroad\ThinkPHP\Common\functions.php 第 1263 行.
NOTIC: [8] Undefined variable: option C:\wamp\www\ontheroad\Application\WeChat\Controller\IndexController.class.php 第 14 行.
SQL: SHOW COLUMNS FROM `d_banner` [ RunTime:0.0020s ]
SQL: SELECT * FROM `d_banner`  [ RunTime:0.0004s ]
INFO: [ view_parse ] --START--
INFO: [ template_filter ] --START--
INFO: Run Behavior\ContentReplaceBehavior [ RunTime:0.000161s ]
INFO: [ template_filter ] --END-- [ RunTime:0.000400s ]
NOTIC: [8] Use of undefined constant index - assumed 'index' C:\wamp\www\ontheroad\Application\Runtime\Cache\WeChat\743d6aeb7cb9b131796a0f1e666d468b.php 第 89 行.
NOTIC: [8] Use of undefined constant order - assumed 'order' C:\wamp\www\ontheroad\Application\Runtime\Cache\WeChat\743d6aeb7cb9b131796a0f1e666d468b.php 第 94 行.
NOTIC: [8] Use of undefined constant around - assumed 'around' C:\wamp\www\ontheroad\Application\Runtime\Cache\WeChat\743d6aeb7cb9b131796a0f1e666d468b.php 第 99 行.
NOTIC: [8] Use of undefined constant myCenter - assumed 'myCenter' C:\wamp\www\ontheroad\Application\Runtime\Cache\WeChat\743d6aeb7cb9b131796a0f1e666d468b.php 第 104 行.
INFO: Run Behavior\ParseTemplateBehavior [ RunTime:0.044433s ]
INFO: [ view_parse ] --END-- [ RunTime:0.044689s ]
INFO: [ view_filter ] --START--
INFO: Run Behavior\WriteHtmlCacheBehavior [ RunTime:0.000610s ]
INFO: [ view_filter ] --END-- [ RunTime:0.000841s ]
INFO: [ app_end ] --START--
INFO: Run Behavior\ShowPageTraceBehavior [ RunTime:0.000889s ]
INFO: [ app_end ] --END-- [ RunTime:0.001153s ]

[ 2017-06-13T00:48:03+08:00 ] 101.226.33.205 /ontheroad/index.php/WeChat/Index/index
INFO: [ app_init ] --START--
INFO: Run Behavior\BuildLiteBehavior [ RunTime:0.000048s ]
INFO: [ app_init ] --END-- [ RunTime:0.000647s ]
INFO: [ app_begin ] --START--
INFO: Run Behavior\ReadHtmlCacheBehavior [ RunTime:0.000853s ]
INFO: [ app_begin ] --END-- [ RunTime:0.001093s ]
NOTIC: [8] A session had already been started - ignoring session_start() C:\wamp\www\ontheroad\ThinkPHP\Common\functions.php 第 1263 行.
NOTIC: [8] Undefined variable: option C:\wamp\www\ontheroad\Application\WeChat\Controller\IndexController.class.php 第 14 行.
SQL: SHOW COLUMNS FROM `d_banner` [ RunTime:0.0020s ]
SQL: SELECT * FROM `d_banner`  [ RunTime:0.0004s ]
INFO: [ view_parse ] --START--
INFO: [ template_filter ] --START--
INFO: Run Behavior\ContentReplaceBehavior [ RunTime:0.000145s ]
INFO: [ template_filter ] --END-- [ RunTime:0.000381s ]
NOTIC: [8] Use of undefined constant index - assumed 'index' C:\wamp\www\ontheroad\Application\Runtime\Cache\WeChat\743d6aeb7cb9b131796a0f1e666d468b.php 第 89 行.
NOTIC: [8] Use of undefined constant order - assumed 'order' C:\wamp\www\ontheroad\Application\Runtime\Cache\WeChat\743d6aeb7cb9b131796a0f1e666d468b.php 第 94 行.
NOTIC: [8] Use of undefined constant around - assumed 'around' C:\wamp\www\ontheroad\Application\Runtime\Cache\WeChat\743d6aeb7cb9b131796a0f1e666d468b.php 第 99 行.
NOTIC: [8] Use of undefined constant myCenter - assumed 'myCenter' C:\wamp\www\ontheroad\Application\Runtime\Cache\WeChat\743d6aeb7cb9b131796a0f1e666d468b.php 第 104 行.
INFO: Run Behavior\ParseTemplateBehavior [ RunTime:0.016107s ]
INFO: [ view_parse ] --END-- [ RunTime:0.016379s ]
INFO: [ view_filter ] --START--
INFO: Run Behavior\WriteHtmlCacheBehavior [ RunTime:0.000578s ]
INFO: [ view_filter ] --END-- [ RunTime:0.000813s ]
INFO: [ app_end ] --START--
INFO: Run Behavior\ShowPageTraceBehavior [ RunTime:0.000888s ]
INFO: [ app_end ] --END-- [ RunTime:0.001117s ]

[ 2017-06-13T00:48:16+08:00 ] 223.85.221.20 /ontheroad/index.php/WeChat/Order/index
INFO: [ app_init ] --START--
INFO: Run Behavior\BuildLiteBehavior [ RunTime:0.000049s ]
INFO: [ app_init ] --END-- [ RunTime:0.000665s ]
INFO: [ app_begin ] --START--
INFO: Run Behavior\ReadHtmlCacheBehavior [ RunTime:0.000815s ]
INFO: [ app_begin ] --END-- [ RunTime:0.001081s ]
NOTIC: [8] A session had already been started - ignoring session_start() C:\wamp\www\ontheroad\ThinkPHP\Common\functions.php 第 1263 行.
SQL: SHOW COLUMNS FROM `d_banner` [ RunTime:0.0019s ]
SQL: SELECT * FROM `d_banner`  [ RunTime:0.0004s ]
SQL: SHOW COLUMNS FROM `d_room_type` [ RunTime:0.0017s ]
SQL: SELECT * FROM `d_room_type` WHERE ( state=1 )  [ RunTime:0.0004s ]
INFO: [ view_parse ] --START--
INFO: [ template_filter ] --START--
INFO: Run Behavior\ContentReplaceBehavior [ RunTime:0.000176s ]
INFO: [ template_filter ] --END-- [ RunTime:0.000408s ]
NOTIC: [8] Use of undefined constant index - assumed 'index' C:\wamp\www\ontheroad\Application\Runtime\Cache\WeChat\317f4246c65ee10eb172c03e33766d1b.php 第 131 行.
NOTIC: [8] Use of undefined constant order - assumed 'order' C:\wamp\www\ontheroad\Application\Runtime\Cache\WeChat\317f4246c65ee10eb172c03e33766d1b.php 第 136 行.
NOTIC: [8] Use of undefined constant around - assumed 'around' C:\wamp\www\ontheroad\Application\Runtime\Cache\WeChat\317f4246c65ee10eb172c03e33766d1b.php 第 141 行.
NOTIC: [8] Use of undefined constant myCenter - assumed 'myCenter' C:\wamp\www\ontheroad\Application\Runtime\Cache\WeChat\317f4246c65ee10eb172c03e33766d1b.php 第 146 行.
INFO: Run Behavior\ParseTemplateBehavior [ RunTime:0.037785s ]
INFO: [ view_parse ] --END-- [ RunTime:0.038024s ]
INFO: [ view_filter ] --START--
INFO: Run Behavior\WriteHtmlCacheBehavior [ RunTime:0.000637s ]
INFO: [ view_filter ] --END-- [ RunTime:0.000897s ]
INFO: [ app_end ] --START--
INFO: Run Behavior\ShowPageTraceBehavior [ RunTime:0.000892s ]
INFO: [ app_end ] --END-- [ RunTime:0.001121s ]

[ 2017-06-13T00:48:21+08:00 ] 117.176.255.211 /ontheroad/index.php/WeChat/Around/index
INFO: [ app_init ] --START--
INFO: Run Behavior\BuildLiteBehavior [ RunTime:0.000047s ]
INFO: [ app_init ] --END-- [ RunTime:0.000661s ]
INFO: [ app_begin ] --START--
INFO: Run Behavior\ReadHtmlCacheBehavior [ RunTime:0.000853s ]
INFO: [ app_begin ] --END-- [ RunTime:0.001093s ]
NOTIC: [8] A session had already been started - ignoring session_start() C:\wamp\www\ontheroad\ThinkPHP\Common\functions.php 第 1263 行.
INFO: [ view_parse ] --START--
INFO: [ template_filter ] --START--
INFO: Run Behavior\ContentReplaceBehavior [ RunTime:0.000168s ]
INFO: [ template_filter ] --END-- [ RunTime:0.000401s ]
NOTIC: [8] Use of undefined constant index - assumed 'index' C:\wamp\www\ontheroad\Application\Runtime\Cache\WeChat\e81ec37e07f617b93f4a1d1b0153ce0d.php 第 181 行.
NOTIC: [8] Use of undefined constant order - assumed 'order' C:\wamp\www\ontheroad\Application\Runtime\Cache\WeChat\e81ec37e07f617b93f4a1d1b0153ce0d.php 第 186 行.
NOTIC: [8] Use of undefined constant around - assumed 'around' C:\wamp\www\ontheroad\Application\Runtime\Cache\WeChat\e81ec37e07f617b93f4a1d1b0153ce0d.php 第 191 行.
NOTIC: [8] Use of undefined constant myCenter - assumed 'myCenter' C:\wamp\www\ontheroad\Application\Runtime\Cache\WeChat\e81ec37e07f617b93f4a1d1b0153ce0d.php 第 196 行.
INFO: Run Behavior\ParseTemplateBehavior [ RunTime:0.037529s ]
INFO: [ view_parse ] --END-- [ RunTime:0.037772s ]
INFO: [ view_filter ] --START--
INFO: Run Behavior\WriteHtmlCacheBehavior [ RunTime:0.000570s ]
INFO: [ view_filter ] --END-- [ RunTime:0.000795s ]
INFO: [ app_end ] --START--
INFO: Run Behavior\ShowPageTraceBehavior [ RunTime:0.000864s ]
INFO: [ app_end ] --END-- [ RunTime:0.001097s ]

[ 2017-06-13T00:48:23+08:00 ] 117.176.255.211 /ontheroad/index.php/WeChat/Around/index
INFO: [ app_init ] --START--
INFO: Run Behavior\BuildLiteBehavior [ RunTime:0.000046s ]
INFO: [ app_init ] --END-- [ RunTime:0.000622s ]
INFO: [ app_begin ] --START--
INFO: Run Behavior\ReadHtmlCacheBehavior [ RunTime:0.000889s ]
INFO: [ app_begin ] --END-- [ RunTime:0.001127s ]
NOTIC: [8] A session had already been started - ignoring session_start() C:\wamp\www\ontheroad\ThinkPHP\Common\functions.php 第 1263 行.
INFO: [ view_parse ] --START--
INFO: [ template_filter ] --START--
INFO: Run Behavior\ContentReplaceBehavior [ RunTime:0.000151s ]
INFO: [ template_filter ] --END-- [ RunTime:0.000385s ]
NOTIC: [8] Use of undefined constant index - assumed 'index' C:\wamp\www\ontheroad\Application\Runtime\Cache\WeChat\e81ec37e07f617b93f4a1d1b0153ce0d.php 第 181 行.
NOTIC: [8] Use of undefined constant order - assumed 'order' C:\wamp\www\ontheroad\Application\Runtime\Cache\WeChat\e81ec37e07f617b93f4a1d1b0153ce0d.php 第 186 行.
NOTIC: [8] Use of undefined constant around - assumed 'around' C:\wamp\www\ontheroad\Application\Runtime\Cache\WeChat\e81ec37e07f617b93f4a1d1b0153ce0d.php 第 191 行.
NOTIC: [8] Use of undefined constant myCenter - assumed 'myCenter' C:\wamp\www\ontheroad\Application\Runtime\Cache\WeChat\e81ec37e07f617b93f4a1d1b0153ce0d.php 第 196 行.
INFO: Run Behavior\ParseTemplateBehavior [ RunTime:0.013794s ]
INFO: [ view_parse ] --END-- [ RunTime:0.014037s ]
INFO: [ view_filter ] --START--
INFO: Run Behavior\WriteHtmlCacheBehavior [ RunTime:0.000546s ]
INFO: [ view_filter ] --END-- [ RunTime:0.000807s ]
INFO: [ app_end ] --START--
INFO: Run Behavior\ShowPageTraceBehavior [ RunTime:0.000851s ]
INFO: [ app_end ] --END-- [ RunTime:0.001118s ]

[ 2017-06-13T00:48:25+08:00 ] 223.85.221.20 /ontheroad/index.php/WeChat/MyCenter/index
INFO: [ app_init ] --START--
INFO: Run Behavior\BuildLiteBehavior [ RunTime:0.000048s ]
INFO: [ app_init ] --END-- [ RunTime:0.000664s ]
INFO: [ app_begin ] --START--
INFO: Run Behavior\ReadHtmlCacheBehavior [ RunTime:0.000894s ]
INFO: [ app_begin ] --END-- [ RunTime:0.001135s ]
NOTIC: [8] A session had already been started - ignoring session_start() C:\wamp\www\ontheroad\ThinkPHP\Common\functions.php 第 1263 行.
INFO: [ view_parse ] --START--
INFO: [ template_filter ] --START--
INFO: Run Behavior\ContentReplaceBehavior [ RunTime:0.000186s ]
INFO: [ template_filter ] --END-- [ RunTime:0.000434s ]
NOTIC: [8] Undefined variable: userInfo C:\wamp\www\ontheroad\Application\Runtime\Cache\WeChat\62324a2061d1ab16c8ceefe9137500cc.php 第 21 行.
NOTIC: [8] Use of undefined constant index - assumed 'index' C:\wamp\www\ontheroad\Application\Runtime\Cache\WeChat\62324a2061d1ab16c8ceefe9137500cc.php 第 166 行.
NOTIC: [8] Use of undefined constant order - assumed 'order' C:\wamp\www\ontheroad\Application\Runtime\Cache\WeChat\62324a2061d1ab16c8ceefe9137500cc.php 第 171 行.
NOTIC: [8] Use of undefined constant around - assumed 'around' C:\wamp\www\ontheroad\Application\Runtime\Cache\WeChat\62324a2061d1ab16c8ceefe9137500cc.php 第 176 行.
NOTIC: [8] Use of undefined constant myCenter - assumed 'myCenter' C:\wamp\www\ontheroad\Application\Runtime\Cache\WeChat\62324a2061d1ab16c8ceefe9137500cc.php 第 181 行.
INFO: Run Behavior\ParseTemplateBehavior [ RunTime:0.034376s ]
INFO: [ view_parse ] --END-- [ RunTime:0.034637s ]
INFO: [ view_filter ] --START--
INFO: Run Behavior\WriteHtmlCacheBehavior [ RunTime:0.000586s ]
INFO: [ view_filter ] --END-- [ RunTime:0.000811s ]
INFO: [ app_end ] --START--
INFO: Run Behavior\ShowPageTraceBehavior [ RunTime:0.001238s ]
INFO: [ app_end ] --END-- [ RunTime:0.001502s ]

[ 2017-06-13T00:48:26+08:00 ] 101.226.89.115 /ontheroad/index.php/WeChat/Order/index
INFO: [ app_init ] --START--
INFO: Run Behavior\BuildLiteBehavior [ RunTime:0.000048s ]
INFO: [ app_init ] --END-- [ RunTime:0.000705s ]
INFO: [ app_begin ] --START--
INFO: Run Behavior\ReadHtmlCacheBehavior [ RunTime:0.000854s ]
INFO: [ app_begin ] --END-- [ RunTime:0.001093s ]
NOTIC: [8] A session had already been started - ignoring session_start() C:\wamp\www\ontheroad\ThinkPHP\Common\functions.php 第 1263 行.
SQL: SHOW COLUMNS FROM `d_banner` [ RunTime:0.0018s ]
SQL: SELECT * FROM `d_banner`  [ RunTime:0.0003s ]
SQL: SHOW COLUMNS FROM `d_room_type` [ RunTime:0.0016s ]
SQL: SELECT * FROM `d_room_type` WHERE ( state=1 )  [ RunTime:0.0004s ]
INFO: [ view_parse ] --START--
INFO: [ template_filter ] --START--
INFO: Run Behavior\ContentReplaceBehavior [ RunTime:0.000152s ]
INFO: [ template_filter ] --END-- [ RunTime:0.000385s ]
NOTIC: [8] Use of undefined constant index - assumed 'index' C:\wamp\www\ontheroad\Application\Runtime\Cache\WeChat\317f4246c65ee10eb172c03e33766d1b.php 第 131 行.
NOTIC: [8] Use of undefined constant order - assumed 'order' C:\wamp\www\ontheroad\Application\Runtime\Cache\WeChat\317f4246c65ee10eb172c03e33766d1b.php 第 136 行.
NOTIC: [8] Use of undefined constant around - assumed 'around' C:\wamp\www\ontheroad\Application\Runtime\Cache\WeChat\317f4246c65ee10eb172c03e33766d1b.php 第 141 行.
NOTIC: [8] Use of undefined constant myCenter - assumed 'myCenter' C:\wamp\www\ontheroad\Application\Runtime\Cache\WeChat\317f4246c65ee10eb172c03e33766d1b.php 第 146 行.
INFO: Run Behavior\ParseTemplateBehavior [ RunTime:0.019882s ]
INFO: [ view_parse ] --END-- [ RunTime:0.020135s ]
INFO: [ view_filter ] --START--
INFO: Run Behavior\WriteHtmlCacheBehavior [ RunTime:0.000599s ]
INFO: [ view_filter ] --END-- [ RunTime:0.000827s ]
INFO: [ app_end ] --START--
INFO: Run Behavior\ShowPageTraceBehavior [ RunTime:0.000866s ]
INFO: [ app_end ] --END-- [ RunTime:0.001100s ]

[ 2017-06-13T00:48:26+08:00 ] 223.85.221.20 /ontheroad/index.php/WeChat/MyCenter/index
INFO: [ app_init ] --START--
INFO: Run Behavior\BuildLiteBehavior [ RunTime:0.000047s ]
INFO: [ app_init ] --END-- [ RunTime:0.000641s ]
INFO: [ app_begin ] --START--
INFO: Run Behavior\ReadHtmlCacheBehavior [ RunTime:0.000846s ]
INFO: [ app_begin ] --END-- [ RunTime:0.001087s ]
NOTIC: [8] A session had already been started - ignoring session_start() C:\wamp\www\ontheroad\ThinkPHP\Common\functions.php 第 1263 行.
INFO: [ view_parse ] --START--
INFO: [ template_filter ] --START--
INFO: Run Behavior\ContentReplaceBehavior [ RunTime:0.000164s ]
INFO: [ template_filter ] --END-- [ RunTime:0.000409s ]
NOTIC: [8] Undefined variable: userInfo C:\wamp\www\ontheroad\Application\Runtime\Cache\WeChat\62324a2061d1ab16c8ceefe9137500cc.php 第 21 行.
NOTIC: [8] Use of undefined constant index - assumed 'index' C:\wamp\www\ontheroad\Application\Runtime\Cache\WeChat\62324a2061d1ab16c8ceefe9137500cc.php 第 166 行.
NOTIC: [8] Use of undefined constant order - assumed 'order' C:\wamp\www\ontheroad\Application\Runtime\Cache\WeChat\62324a2061d1ab16c8ceefe9137500cc.php 第 171 行.
NOTIC: [8] Use of undefined constant around - assumed 'around' C:\wamp\www\ontheroad\Application\Runtime\Cache\WeChat\62324a2061d1ab16c8ceefe9137500cc.php 第 176 行.
NOTIC: [8] Use of undefined constant myCenter - assumed 'myCenter' C:\wamp\www\ontheroad\Application\Runtime\Cache\WeChat\62324a2061d1ab16c8ceefe9137500cc.php 第 181 行.
INFO: Run Behavior\ParseTemplateBehavior [ RunTime:0.015920s ]
INFO: [ view_parse ] --END-- [ RunTime:0.016176s ]
INFO: [ view_filter ] --START--
INFO: Run Behavior\WriteHtmlCacheBehavior [ RunTime:0.000658s ]
INFO: [ view_filter ] --END-- [ RunTime:0.000884s ]
INFO: [ app_end ] --START--
INFO: Run Behavior\ShowPageTraceBehavior [ RunTime:0.000880s ]
INFO: [ app_end ] --END-- [ RunTime:0.001114s ]

[ 2017-06-13T00:48:27+08:00 ] 223.85.221.20 /ontheroad/index.php/WeChat/Index/index
INFO: [ app_init ] --START--
INFO: Run Behavior\BuildLiteBehavior [ RunTime:0.000047s ]
INFO: [ app_init ] --END-- [ RunTime:0.000604s ]
INFO: [ app_begin ] --START--
INFO: Run Behavior\ReadHtmlCacheBehavior [ RunTime:0.000825s ]
INFO: [ app_begin ] --END-- [ RunTime:0.001061s ]
NOTIC: [8] A session had already been started - ignoring session_start() C:\wamp\www\ontheroad\ThinkPHP\Common\functions.php 第 1263 行.
NOTIC: [8] Undefined variable: option C:\wamp\www\ontheroad\Application\WeChat\Controller\IndexController.class.php 第 14 行.
SQL: SHOW COLUMNS FROM `d_banner` [ RunTime:0.0018s ]
SQL: SELECT * FROM `d_banner`  [ RunTime:0.0004s ]
INFO: [ view_parse ] --START--
INFO: [ template_filter ] --START--
INFO: Run Behavior\ContentReplaceBehavior [ RunTime:0.000144s ]
INFO: [ template_filter ] --END-- [ RunTime:0.000379s ]
NOTIC: [8] Use of undefined constant index - assumed 'index' C:\wamp\www\ontheroad\Application\Runtime\Cache\WeChat\743d6aeb7cb9b131796a0f1e666d468b.php 第 89 行.
NOTIC: [8] Use of undefined constant order - assumed 'order' C:\wamp\www\ontheroad\Application\Runtime\Cache\WeChat\743d6aeb7cb9b131796a0f1e666d468b.php 第 94 行.
NOTIC: [8] Use of undefined constant around - assumed 'around' C:\wamp\www\ontheroad\Application\Runtime\Cache\WeChat\743d6aeb7cb9b131796a0f1e666d468b.php 第 99 行.
NOTIC: [8] Use of undefined constant myCenter - assumed 'myCenter' C:\wamp\www\ontheroad\Application\Runtime\Cache\WeChat\743d6aeb7cb9b131796a0f1e666d468b.php 第 104 行.
INFO: Run Behavior\ParseTemplateBehavior [ RunTime:0.015728s ]
INFO: [ view_parse ] --END-- [ RunTime:0.015965s ]
INFO: [ view_filter ] --START--
INFO: Run Behavior\WriteHtmlCacheBehavior [ RunTime:0.000575s ]
INFO: [ view_filter ] --END-- [ RunTime:0.000804s ]
INFO: [ app_end ] --START--
INFO: Run Behavior\ShowPageTraceBehavior [ RunTime:0.000880s ]
INFO: [ app_end ] --END-- [ RunTime:0.001123s ]

[ 2017-06-13T00:48:30+08:00 ] 223.85.221.20 /ontheroad/index.php/WeChat/MyCenter/index
INFO: [ app_init ] --START--
INFO: Run Behavior\BuildLiteBehavior [ RunTime:0.000048s ]
INFO: [ app_init ] --END-- [ RunTime:0.000631s ]
INFO: [ app_begin ] --START--
INFO: Run Behavior\ReadHtmlCacheBehavior [ RunTime:0.000749s ]
INFO: [ app_begin ] --END-- [ RunTime:0.001004s ]
NOTIC: [8] A session had already been started - ignoring session_start() C:\wamp\www\ontheroad\ThinkPHP\Common\functions.php 第 1263 行.
INFO: [ view_parse ] --START--
INFO: [ template_filter ] --START--
INFO: Run Behavior\ContentReplaceBehavior [ RunTime:0.000166s ]
INFO: [ template_filter ] --END-- [ RunTime:0.000396s ]
NOTIC: [8] Undefined variable: userInfo C:\wamp\www\ontheroad\Application\Runtime\Cache\WeChat\62324a2061d1ab16c8ceefe9137500cc.php 第 21 行.
NOTIC: [8] Use of undefined constant index - assumed 'index' C:\wamp\www\ontheroad\Application\Runtime\Cache\WeChat\62324a2061d1ab16c8ceefe9137500cc.php 第 166 行.
NOTIC: [8] Use of undefined constant order - assumed 'order' C:\wamp\www\ontheroad\Application\Runtime\Cache\WeChat\62324a2061d1ab16c8ceefe9137500cc.php 第 171 行.
NOTIC: [8] Use of undefined constant around - assumed 'around' C:\wamp\www\ontheroad\Application\Runtime\Cache\WeChat\62324a2061d1ab16c8ceefe9137500cc.php 第 176 行.
NOTIC: [8] Use of undefined constant myCenter - assumed 'myCenter' C:\wamp\www\ontheroad\Application\Runtime\Cache\WeChat\62324a2061d1ab16c8ceefe9137500cc.php 第 181 行.
INFO: Run Behavior\ParseTemplateBehavior [ RunTime:0.014903s ]
INFO: [ view_parse ] --END-- [ RunTime:0.015149s ]
INFO: [ view_filter ] --START--
INFO: Run Behavior\WriteHtmlCacheBehavior [ RunTime:0.000512s ]
INFO: [ view_filter ] --END-- [ RunTime:0.000736s ]
INFO: [ app_end ] --START--
INFO: Run Behavior\ShowPageTraceBehavior [ RunTime:0.000783s ]
INFO: [ app_end ] --END-- [ RunTime:0.001014s ]

[ 2017-06-13T00:48:31+08:00 ] 101.226.68.197 /ontheroad/index.php/WeChat/Around/index
INFO: [ app_init ] --START--
INFO: Run Behavior\BuildLiteBehavior [ RunTime:0.000048s ]
INFO: [ app_init ] --END-- [ RunTime:0.000641s ]
INFO: [ app_begin ] --START--
INFO: Run Behavior\ReadHtmlCacheBehavior [ RunTime:0.000879s ]
INFO: [ app_begin ] --END-- [ RunTime:0.001119s ]
NOTIC: [8] A session had already been started - ignoring session_start() C:\wamp\www\ontheroad\ThinkPHP\Common\functions.php 第 1263 行.
INFO: [ view_parse ] --START--
INFO: [ template_filter ] --START--
INFO: Run Behavior\ContentReplaceBehavior [ RunTime:0.000151s ]
INFO: [ template_filter ] --END-- [ RunTime:0.000403s ]
NOTIC: [8] Use of undefined constant index - assumed 'index' C:\wamp\www\ontheroad\Application\Runtime\Cache\WeChat\e81ec37e07f617b93f4a1d1b0153ce0d.php 第 181 行.
NOTIC: [8] Use of undefined constant order - assumed 'order' C:\wamp\www\ontheroad\Application\Runtime\Cache\WeChat\e81ec37e07f617b93f4a1d1b0153ce0d.php 第 186 行.
NOTIC: [8] Use of undefined constant around - assumed 'around' C:\wamp\www\ontheroad\Application\Runtime\Cache\WeChat\e81ec37e07f617b93f4a1d1b0153ce0d.php 第 191 行.
NOTIC: [8] Use of undefined constant myCenter - assumed 'myCenter' C:\wamp\www\ontheroad\Application\Runtime\Cache\WeChat\e81ec37e07f617b93f4a1d1b0153ce0d.php 第 196 行.
INFO: Run Behavior\ParseTemplateBehavior [ RunTime:0.014299s ]
INFO: [ view_parse ] --END-- [ RunTime:0.014542s ]
INFO: [ view_filter ] --START--
INFO: Run Behavior\WriteHtmlCacheBehavior [ RunTime:0.000566s ]
INFO: [ view_filter ] --END-- [ RunTime:0.000790s ]
INFO: [ app_end ] --START--
INFO: Run Behavior\ShowPageTraceBehavior [ RunTime:0.000804s ]
INFO: [ app_end ] --END-- [ RunTime:0.001036s ]

[ 2017-06-13T00:48:32+08:00 ] 223.85.221.20 /ontheroad/index.php/WeChat/Around/index
INFO: [ app_init ] --START--
INFO: Run Behavior\BuildLiteBehavior [ RunTime:0.000047s ]
INFO: [ app_init ] --END-- [ RunTime:0.000651s ]
INFO: [ app_begin ] --START--
INFO: Run Behavior\ReadHtmlCacheBehavior [ RunTime:0.000775s ]
INFO: [ app_begin ] --END-- [ RunTime:0.001015s ]
NOTIC: [8] A session had already been started - ignoring session_start() C:\wamp\www\ontheroad\ThinkPHP\Common\functions.php 第 1263 行.
INFO: [ view_parse ] --START--
INFO: [ template_filter ] --START--
INFO: Run Behavior\ContentReplaceBehavior [ RunTime:0.000153s ]
INFO: [ template_filter ] --END-- [ RunTime:0.000392s ]
NOTIC: [8] Use of undefined constant index - assumed 'index' C:\wamp\www\ontheroad\Application\Runtime\Cache\WeChat\e81ec37e07f617b93f4a1d1b0153ce0d.php 第 181 行.
NOTIC: [8] Use of undefined constant order - assumed 'order' C:\wamp\www\ontheroad\Application\Runtime\Cache\WeChat\e81ec37e07f617b93f4a1d1b0153ce0d.php 第 186 行.
NOTIC: [8] Use of undefined constant around - assumed 'around' C:\wamp\www\ontheroad\Application\Runtime\Cache\WeChat\e81ec37e07f617b93f4a1d1b0153ce0d.php 第 191 行.
NOTIC: [8] Use of undefined constant myCenter - assumed 'myCenter' C:\wamp\www\ontheroad\Application\Runtime\Cache\WeChat\e81ec37e07f617b93f4a1d1b0153ce0d.php 第 196 行.
INFO: Run Behavior\ParseTemplateBehavior [ RunTime:0.013730s ]
INFO: [ view_parse ] --END-- [ RunTime:0.013976s ]
INFO: [ view_filter ] --START--
INFO: Run Behavior\WriteHtmlCacheBehavior [ RunTime:0.000502s ]
INFO: [ view_filter ] --END-- [ RunTime:0.000782s ]
INFO: [ app_end ] --START--
INFO: Run Behavior\ShowPageTraceBehavior [ RunTime:0.000798s ]
INFO: [ app_end ] --END-- [ RunTime:0.001123s ]

[ 2017-06-13T00:48:35+08:00 ] 101.226.89.121 /ontheroad/index.php/WeChat/MyCenter/index
INFO: [ app_init ] --START--
INFO: Run Behavior\BuildLiteBehavior [ RunTime:0.000048s ]
INFO: [ app_init ] --END-- [ RunTime:0.000631s ]
INFO: [ app_begin ] --START--
INFO: Run Behavior\ReadHtmlCacheBehavior [ RunTime:0.000846s ]
INFO: [ app_begin ] --END-- [ RunTime:0.001085s ]
NOTIC: [8] A session had already been started - ignoring session_start() C:\wamp\www\ontheroad\ThinkPHP\Common\functions.php 第 1263 行.
INFO: [ view_parse ] --START--
INFO: [ template_filter ] --START--
INFO: Run Behavior\ContentReplaceBehavior [ RunTime:0.000166s ]
INFO: [ template_filter ] --END-- [ RunTime:0.000415s ]
NOTIC: [8] Undefined variable: userInfo C:\wamp\www\ontheroad\Application\Runtime\Cache\WeChat\62324a2061d1ab16c8ceefe9137500cc.php 第 21 行.
NOTIC: [8] Use of undefined constant index - assumed 'index' C:\wamp\www\ontheroad\Application\Runtime\Cache\WeChat\62324a2061d1ab16c8ceefe9137500cc.php 第 166 行.
NOTIC: [8] Use of undefined constant order - assumed 'order' C:\wamp\www\ontheroad\Application\Runtime\Cache\WeChat\62324a2061d1ab16c8ceefe9137500cc.php 第 171 行.
NOTIC: [8] Use of undefined constant around - assumed 'around' C:\wamp\www\ontheroad\Application\Runtime\Cache\WeChat\62324a2061d1ab16c8ceefe9137500cc.php 第 176 行.
NOTIC: [8] Use of undefined constant myCenter - assumed 'myCenter' C:\wamp\www\ontheroad\Application\Runtime\Cache\WeChat\62324a2061d1ab16c8ceefe9137500cc.php 第 181 行.
INFO: Run Behavior\ParseTemplateBehavior [ RunTime:0.016478s ]
INFO: [ view_parse ] --END-- [ RunTime:0.016725s ]
INFO: [ view_filter ] --START--
INFO: Run Behavior\WriteHtmlCacheBehavior [ RunTime:0.000602s ]
INFO: [ view_filter ] --END-- [ RunTime:0.000827s ]
INFO: [ app_end ] --START--
INFO: Run Behavior\ShowPageTraceBehavior [ RunTime:0.000865s ]
INFO: [ app_end ] --END-- [ RunTime:0.001101s ]

[ 2017-06-13T00:48:43+08:00 ] 223.85.221.20 /ontheroad/index.php/WeChat/Index/index
INFO: [ app_init ] --START--
INFO: Run Behavior\BuildLiteBehavior [ RunTime:0.000046s ]
INFO: [ app_init ] --END-- [ RunTime:0.000635s ]
INFO: [ app_begin ] --START--
INFO: Run Behavior\ReadHtmlCacheBehavior [ RunTime:0.000746s ]
INFO: [ app_begin ] --END-- [ RunTime:0.000981s ]
NOTIC: [8] A session had already been started - ignoring session_start() C:\wamp\www\ontheroad\ThinkPHP\Common\functions.php 第 1263 行.
NOTIC: [8] Undefined variable: option C:\wamp\www\ontheroad\Application\WeChat\Controller\IndexController.class.php 第 14 行.
SQL: SHOW COLUMNS FROM `d_banner` [ RunTime:0.0018s ]
SQL: SELECT * FROM `d_banner`  [ RunTime:0.0004s ]
INFO: [ view_parse ] --START--
INFO: [ template_filter ] --START--
INFO: Run Behavior\ContentReplaceBehavior [ RunTime:0.000143s ]
INFO: [ template_filter ] --END-- [ RunTime:0.000377s ]
NOTIC: [8] Use of undefined constant index - assumed 'index' C:\wamp\www\ontheroad\Application\Runtime\Cache\WeChat\743d6aeb7cb9b131796a0f1e666d468b.php 第 89 行.
NOTIC: [8] Use of undefined constant order - assumed 'order' C:\wamp\www\ontheroad\Application\Runtime\Cache\WeChat\743d6aeb7cb9b131796a0f1e666d468b.php 第 94 行.
NOTIC: [8] Use of undefined constant around - assumed 'around' C:\wamp\www\ontheroad\Application\Runtime\Cache\WeChat\743d6aeb7cb9b131796a0f1e666d468b.php 第 99 行.
NOTIC: [8] Use of undefined constant myCenter - assumed 'myCenter' C:\wamp\www\ontheroad\Application\Runtime\Cache\WeChat\743d6aeb7cb9b131796a0f1e666d468b.php 第 104 行.
INFO: Run Behavior\ParseTemplateBehavior [ RunTime:0.015530s ]
INFO: [ view_parse ] --END-- [ RunTime:0.015801s ]
INFO: [ view_filter ] --START--
INFO: Run Behavior\WriteHtmlCacheBehavior [ RunTime:0.000501s ]
INFO: [ view_filter ] --END-- [ RunTime:0.000729s ]
INFO: [ app_end ] --START--
INFO: Run Behavior\ShowPageTraceBehavior [ RunTime:0.000802s ]
INFO: [ app_end ] --END-- [ RunTime:0.001028s ]

[ 2017-06-13T00:48:46+08:00 ] 223.85.221.20 /ontheroad/index.php/WeChat/Order/index
INFO: [ app_init ] --START--
INFO: Run Behavior\BuildLiteBehavior [ RunTime:0.000047s ]
INFO: [ app_init ] --END-- [ RunTime:0.000626s ]
INFO: [ app_begin ] --START--
INFO: Run Behavior\ReadHtmlCacheBehavior [ RunTime:0.000804s ]
INFO: [ app_begin ] --END-- [ RunTime:0.001070s ]
NOTIC: [8] A session had already been started - ignoring session_start() C:\wamp\www\ontheroad\ThinkPHP\Common\functions.php 第 1263 行.
SQL: SHOW COLUMNS FROM `d_banner` [ RunTime:0.0023s ]
SQL: SELECT * FROM `d_banner`  [ RunTime:0.0004s ]
SQL: SHOW COLUMNS FROM `d_room_type` [ RunTime:0.0017s ]
SQL: SELECT * FROM `d_room_type` WHERE ( state=1 )  [ RunTime:0.0004s ]
INFO: [ view_parse ] --START--
INFO: [ template_filter ] --START--
INFO: Run Behavior\ContentReplaceBehavior [ RunTime:0.000167s ]
INFO: [ template_filter ] --END-- [ RunTime:0.000405s ]
NOTIC: [8] Use of undefined constant index - assumed 'index' C:\wamp\www\ontheroad\Application\Runtime\Cache\WeChat\317f4246c65ee10eb172c03e33766d1b.php 第 131 行.
NOTIC: [8] Use of undefined constant order - assumed 'order' C:\wamp\www\ontheroad\Application\Runtime\Cache\WeChat\317f4246c65ee10eb172c03e33766d1b.php 第 136 行.
NOTIC: [8] Use of undefined constant around - assumed 'around' C:\wamp\www\ontheroad\Application\Runtime\Cache\WeChat\317f4246c65ee10eb172c03e33766d1b.php 第 141 行.
NOTIC: [8] Use of undefined constant myCenter - assumed 'myCenter' C:\wamp\www\ontheroad\Application\Runtime\Cache\WeChat\317f4246c65ee10eb172c03e33766d1b.php 第 146 行.
INFO: Run Behavior\ParseTemplateBehavior [ RunTime:0.019941s ]
INFO: [ view_parse ] --END-- [ RunTime:0.020178s ]
INFO: [ view_filter ] --START--
INFO: Run Behavior\WriteHtmlCacheBehavior [ RunTime:0.000601s ]
INFO: [ view_filter ] --END-- [ RunTime:0.000831s ]
INFO: [ app_end ] --START--
INFO: Run Behavior\ShowPageTraceBehavior [ RunTime:0.000872s ]
INFO: [ app_end ] --END-- [ RunTime:0.001103s ]

[ 2017-06-13T00:48:50+08:00 ] 223.85.221.20 /ontheroad/index.php/WeChat/MyCenter/index
INFO: [ app_init ] --START--
INFO: Run Behavior\BuildLiteBehavior [ RunTime:0.000047s ]
INFO: [ app_init ] --END-- [ RunTime:0.000629s ]
INFO: [ app_begin ] --START--
INFO: Run Behavior\ReadHtmlCacheBehavior [ RunTime:0.000881s ]
INFO: [ app_begin ] --END-- [ RunTime:0.001120s ]
NOTIC: [8] A session had already been started - ignoring session_start() C:\wamp\www\ontheroad\ThinkPHP\Common\functions.php 第 1263 行.
INFO: [ view_parse ] --START--
INFO: [ template_filter ] --START--
INFO: Run Behavior\ContentReplaceBehavior [ RunTime:0.000166s ]
INFO: [ template_filter ] --END-- [ RunTime:0.000402s ]
NOTIC: [8] Undefined variable: userInfo C:\wamp\www\ontheroad\Application\Runtime\Cache\WeChat\62324a2061d1ab16c8ceefe9137500cc.php 第 21 行.
NOTIC: [8] Use of undefined constant index - assumed 'index' C:\wamp\www\ontheroad\Application\Runtime\Cache\WeChat\62324a2061d1ab16c8ceefe9137500cc.php 第 166 行.
NOTIC: [8] Use of undefined constant order - assumed 'order' C:\wamp\www\ontheroad\Application\Runtime\Cache\WeChat\62324a2061d1ab16c8ceefe9137500cc.php 第 171 行.
NOTIC: [8] Use of undefined constant around - assumed 'around' C:\wamp\www\ontheroad\Application\Runtime\Cache\WeChat\62324a2061d1ab16c8ceefe9137500cc.php 第 176 行.
NOTIC: [8] Use of undefined constant myCenter - assumed 'myCenter' C:\wamp\www\ontheroad\Application\Runtime\Cache\WeChat\62324a2061d1ab16c8ceefe9137500cc.php 第 181 行.
INFO: Run Behavior\ParseTemplateBehavior [ RunTime:0.015515s ]
INFO: [ view_parse ] --END-- [ RunTime:0.015765s ]
INFO: [ view_filter ] --START--
INFO: Run Behavior\WriteHtmlCacheBehavior [ RunTime:0.000600s ]
INFO: [ view_filter ] --END-- [ RunTime:0.000826s ]
INFO: [ app_end ] --START--
INFO: Run Behavior\ShowPageTraceBehavior [ RunTime:0.000882s ]
INFO: [ app_end ] --END-- [ RunTime:0.001115s ]

[ 2017-06-13T00:48:53+08:00 ] 223.85.221.20 /ontheroad/index.php/WeChat/Index/index
INFO: [ app_init ] --START--
INFO: Run Behavior\BuildLiteBehavior [ RunTime:0.000047s ]
INFO: [ app_init ] --END-- [ RunTime:0.000628s ]
INFO: [ app_begin ] --START--
INFO: Run Behavior\ReadHtmlCacheBehavior [ RunTime:0.000872s ]
INFO: [ app_begin ] --END-- [ RunTime:0.001111s ]
NOTIC: [8] A session had already been started - ignoring session_start() C:\wamp\www\ontheroad\ThinkPHP\Common\functions.php 第 1263 行.
NOTIC: [8] Undefined variable: option C:\wamp\www\ontheroad\Application\WeChat\Controller\IndexController.class.php 第 14 行.
SQL: SHOW COLUMNS FROM `d_banner` [ RunTime:0.0018s ]
SQL: SELECT * FROM `d_banner`  [ RunTime:0.0003s ]
INFO: [ view_parse ] --START--
INFO: [ template_filter ] --START--
INFO: Run Behavior\ContentReplaceBehavior [ RunTime:0.000144s ]
INFO: [ template_filter ] --END-- [ RunTime:0.000395s ]
NOTIC: [8] Use of undefined constant index - assumed 'index' C:\wamp\www\ontheroad\Application\Runtime\Cache\WeChat\743d6aeb7cb9b131796a0f1e666d468b.php 第 89 行.
NOTIC: [8] Use of undefined constant order - assumed 'order' C:\wamp\www\ontheroad\Application\Runtime\Cache\WeChat\743d6aeb7cb9b131796a0f1e666d468b.php 第 94 行.
NOTIC: [8] Use of undefined constant around - assumed 'around' C:\wamp\www\ontheroad\Application\Runtime\Cache\WeChat\743d6aeb7cb9b131796a0f1e666d468b.php 第 99 行.
NOTIC: [8] Use of undefined constant myCenter - assumed 'myCenter' C:\wamp\www\ontheroad\Application\Runtime\Cache\WeChat\743d6aeb7cb9b131796a0f1e666d468b.php 第 104 行.
INFO: Run Behavior\ParseTemplateBehavior [ RunTime:0.016014s ]
INFO: [ view_parse ] --END-- [ RunTime:0.016268s ]
INFO: [ view_filter ] --START--
INFO: Run Behavior\WriteHtmlCacheBehavior [ RunTime:0.000602s ]
INFO: [ view_filter ] --END-- [ RunTime:0.000832s ]
INFO: [ app_end ] --START--
INFO: Run Behavior\ShowPageTraceBehavior [ RunTime:0.000887s ]
INFO: [ app_end ] --END-- [ RunTime:0.001115s ]

[ 2017-06-13T00:48:57+08:00 ] 117.176.255.211 /ontheroad/index.php/WeChat/Order/index
INFO: [ app_init ] --START--
INFO: Run Behavior\BuildLiteBehavior [ RunTime:0.000067s ]
INFO: [ app_init ] --END-- [ RunTime:0.000633s ]
INFO: [ app_begin ] --START--
INFO: Run Behavior\ReadHtmlCacheBehavior [ RunTime:0.000855s ]
INFO: [ app_begin ] --END-- [ RunTime:0.001093s ]
NOTIC: [8] A session had already been started - ignoring session_start() C:\wamp\www\ontheroad\ThinkPHP\Common\functions.php 第 1263 行.
SQL: SHOW COLUMNS FROM `d_banner` [ RunTime:0.0018s ]
SQL: SELECT * FROM `d_banner`  [ RunTime:0.0004s ]
SQL: SHOW COLUMNS FROM `d_room_type` [ RunTime:0.0018s ]
SQL: SELECT * FROM `d_room_type` WHERE ( state=1 )  [ RunTime:0.0004s ]
INFO: [ view_parse ] --START--
INFO: [ template_filter ] --START--
INFO: Run Behavior\ContentReplaceBehavior [ RunTime:0.000167s ]
INFO: [ template_filter ] --END-- [ RunTime:0.000426s ]
NOTIC: [8] Use of undefined constant index - assumed 'index' C:\wamp\www\ontheroad\Application\Runtime\Cache\WeChat\317f4246c65ee10eb172c03e33766d1b.php 第 131 行.
NOTIC: [8] Use of undefined constant order - assumed 'order' C:\wamp\www\ontheroad\Application\Runtime\Cache\WeChat\317f4246c65ee10eb172c03e33766d1b.php 第 136 行.
NOTIC: [8] Use of undefined constant around - assumed 'around' C:\wamp\www\ontheroad\Application\Runtime\Cache\WeChat\317f4246c65ee10eb172c03e33766d1b.php 第 141 行.
NOTIC: [8] Use of undefined constant myCenter - assumed 'myCenter' C:\wamp\www\ontheroad\Application\Runtime\Cache\WeChat\317f4246c65ee10eb172c03e33766d1b.php 第 146 行.
INFO: Run Behavior\ParseTemplateBehavior [ RunTime:0.020108s ]
INFO: [ view_parse ] --END-- [ RunTime:0.020346s ]
INFO: [ view_filter ] --START--
INFO: Run Behavior\WriteHtmlCacheBehavior [ RunTime:0.000627s ]
INFO: [ view_filter ] --END-- [ RunTime:0.000863s ]
INFO: [ app_end ] --START--
INFO: Run Behavior\ShowPageTraceBehavior [ RunTime:0.000971s ]
INFO: [ app_end ] --END-- [ RunTime:0.001201s ]

[ 2017-06-13T00:49:02+08:00 ] 223.85.221.20 /ontheroad/index.php/WeChat/Around/index
INFO: [ app_init ] --START--
INFO: Run Behavior\BuildLiteBehavior [ RunTime:0.000047s ]
INFO: [ app_init ] --END-- [ RunTime:0.000645s ]
INFO: [ app_begin ] --START--
INFO: Run Behavior\ReadHtmlCacheBehavior [ RunTime:0.000836s ]
INFO: [ app_begin ] --END-- [ RunTime:0.001089s ]
NOTIC: [8] A session had already been started - ignoring session_start() C:\wamp\www\ontheroad\ThinkPHP\Common\functions.php 第 1263 行.
INFO: [ view_parse ] --START--
INFO: [ template_filter ] --START--
INFO: Run Behavior\ContentReplaceBehavior [ RunTime:0.000152s ]
INFO: [ template_filter ] --END-- [ RunTime:0.000388s ]
NOTIC: [8] Use of undefined constant index - assumed 'index' C:\wamp\www\ontheroad\Application\Runtime\Cache\WeChat\e81ec37e07f617b93f4a1d1b0153ce0d.php 第 181 行.
NOTIC: [8] Use of undefined constant order - assumed 'order' C:\wamp\www\ontheroad\Application\Runtime\Cache\WeChat\e81ec37e07f617b93f4a1d1b0153ce0d.php 第 186 行.
NOTIC: [8] Use of undefined constant around - assumed 'around' C:\wamp\www\ontheroad\Application\Runtime\Cache\WeChat\e81ec37e07f617b93f4a1d1b0153ce0d.php 第 191 行.
NOTIC: [8] Use of undefined constant myCenter - assumed 'myCenter' C:\wamp\www\ontheroad\Application\Runtime\Cache\WeChat\e81ec37e07f617b93f4a1d1b0153ce0d.php 第 196 行.
INFO: Run Behavior\ParseTemplateBehavior [ RunTime:0.013773s ]
INFO: [ view_parse ] --END-- [ RunTime:0.014042s ]
INFO: [ view_filter ] --START--
INFO: Run Behavior\WriteHtmlCacheBehavior [ RunTime:0.000494s ]
INFO: [ view_filter ] --END-- [ RunTime:0.000719s ]
INFO: [ app_end ] --START--
INFO: Run Behavior\ShowPageTraceBehavior [ RunTime:0.000774s ]
INFO: [ app_end ] --END-- [ RunTime:0.001022s ]

[ 2017-06-13T22:55:03+08:00 ] 117.173.212.85 /ontheroad/index.php/WeChat/Index/index
INFO: [ app_init ] --START--
INFO: Run Behavior\BuildLiteBehavior [ RunTime:0.000051s ]
INFO: [ app_init ] --END-- [ RunTime:0.000890s ]
INFO: [ app_begin ] --START--
INFO: Run Behavior\ReadHtmlCacheBehavior [ RunTime:0.001728s ]
INFO: [ app_begin ] --END-- [ RunTime:0.001969s ]
NOTIC: [8] A session had already been started - ignoring session_start() C:\wamp\www\ontheroad\ThinkPHP\Common\functions.php 第 1263 行.
NOTIC: [8] Undefined variable: option C:\wamp\www\ontheroad\Application\WeChat\Controller\IndexController.class.php 第 14 行.
SQL: SHOW COLUMNS FROM `d_banner` [ RunTime:0.0021s ]
SQL: SELECT * FROM `d_banner`  [ RunTime:0.0004s ]
INFO: [ view_parse ] --START--
INFO: [ template_filter ] --START--
INFO: Run Behavior\ContentReplaceBehavior [ RunTime:0.000171s ]
INFO: [ template_filter ] --END-- [ RunTime:0.000444s ]
NOTIC: [8] Use of undefined constant index - assumed 'index' C:\wamp\www\ontheroad\Application\Runtime\Cache\WeChat\743d6aeb7cb9b131796a0f1e666d468b.php 第 89 行.
NOTIC: [8] Use of undefined constant order - assumed 'order' C:\wamp\www\ontheroad\Application\Runtime\Cache\WeChat\743d6aeb7cb9b131796a0f1e666d468b.php 第 94 行.
NOTIC: [8] Use of undefined constant around - assumed 'around' C:\wamp\www\ontheroad\Application\Runtime\Cache\WeChat\743d6aeb7cb9b131796a0f1e666d468b.php 第 99 行.
NOTIC: [8] Use of undefined constant myCenter - assumed 'myCenter' C:\wamp\www\ontheroad\Application\Runtime\Cache\WeChat\743d6aeb7cb9b131796a0f1e666d468b.php 第 104 行.
INFO: Run Behavior\ParseTemplateBehavior [ RunTime:0.060051s ]
INFO: [ view_parse ] --END-- [ RunTime:0.060301s ]
INFO: [ view_filter ] --START--
INFO: Run Behavior\WriteHtmlCacheBehavior [ RunTime:0.001445s ]
INFO: [ view_filter ] --END-- [ RunTime:0.001674s ]
INFO: [ app_end ] --START--
INFO: Run Behavior\ShowPageTraceBehavior [ RunTime:0.001958s ]
INFO: [ app_end ] --END-- [ RunTime:0.002224s ]

[ 2017-06-13T22:55:08+08:00 ] 117.173.212.85 /ontheroad/index.php/WeChat/Order/index
INFO: [ app_init ] --START--
INFO: Run Behavior\BuildLiteBehavior [ RunTime:0.000048s ]
INFO: [ app_init ] --END-- [ RunTime:0.000846s ]
INFO: [ app_begin ] --START--
INFO: Run Behavior\ReadHtmlCacheBehavior [ RunTime:0.001674s ]
INFO: [ app_begin ] --END-- [ RunTime:0.001929s ]
NOTIC: [8] A session had already been started - ignoring session_start() C:\wamp\www\ontheroad\ThinkPHP\Common\functions.php 第 1263 行.
SQL: SHOW COLUMNS FROM `d_banner` [ RunTime:0.0018s ]
SQL: SELECT * FROM `d_banner`  [ RunTime:0.0004s ]
SQL: SHOW COLUMNS FROM `d_room_type` [ RunTime:0.0016s ]
SQL: SELECT * FROM `d_room_type` WHERE ( state=1 )  [ RunTime:0.0004s ]
INFO: [ view_parse ] --START--
INFO: [ template_filter ] --START--
INFO: Run Behavior\ContentReplaceBehavior [ RunTime:0.000158s ]
INFO: [ template_filter ] --END-- [ RunTime:0.000409s ]
NOTIC: [8] Use of undefined constant index - assumed 'index' C:\wamp\www\ontheroad\Application\Runtime\Cache\WeChat\317f4246c65ee10eb172c03e33766d1b.php 第 131 行.
NOTIC: [8] Use of undefined constant order - assumed 'order' C:\wamp\www\ontheroad\Application\Runtime\Cache\WeChat\317f4246c65ee10eb172c03e33766d1b.php 第 136 行.
NOTIC: [8] Use of undefined constant around - assumed 'around' C:\wamp\www\ontheroad\Application\Runtime\Cache\WeChat\317f4246c65ee10eb172c03e33766d1b.php 第 141 行.
NOTIC: [8] Use of undefined constant myCenter - assumed 'myCenter' C:\wamp\www\ontheroad\Application\Runtime\Cache\WeChat\317f4246c65ee10eb172c03e33766d1b.php 第 146 行.
INFO: Run Behavior\ParseTemplateBehavior [ RunTime:0.026695s ]
INFO: [ view_parse ] --END-- [ RunTime:0.026932s ]
INFO: [ view_filter ] --START--
INFO: Run Behavior\WriteHtmlCacheBehavior [ RunTime:0.001927s ]
INFO: [ view_filter ] --END-- [ RunTime:0.002160s ]
INFO: [ app_end ] --START--
INFO: Run Behavior\ShowPageTraceBehavior [ RunTime:0.001746s ]
INFO: [ app_end ] --END-- [ RunTime:0.001984s ]

[ 2017-06-13T22:55:09+08:00 ] 117.173.212.85 /ontheroad/index.php/WeChat/Order/index
INFO: [ app_init ] --START--
INFO: Run Behavior\BuildLiteBehavior [ RunTime:0.000054s ]
INFO: [ app_init ] --END-- [ RunTime:0.000963s ]
INFO: [ app_begin ] --START--
INFO: Run Behavior\ReadHtmlCacheBehavior [ RunTime:0.001852s ]
INFO: [ app_begin ] --END-- [ RunTime:0.002088s ]
NOTIC: [8] A session had already been started - ignoring session_start() C:\wamp\www\ontheroad\ThinkPHP\Common\functions.php 第 1263 行.
SQL: SHOW COLUMNS FROM `d_banner` [ RunTime:0.0018s ]
SQL: SELECT * FROM `d_banner`  [ RunTime:0.0003s ]
SQL: SHOW COLUMNS FROM `d_room_type` [ RunTime:0.0017s ]
SQL: SELECT * FROM `d_room_type` WHERE ( state=1 )  [ RunTime:0.0004s ]
INFO: [ view_parse ] --START--
INFO: [ template_filter ] --START--
INFO: Run Behavior\ContentReplaceBehavior [ RunTime:0.000175s ]
INFO: [ template_filter ] --END-- [ RunTime:0.000509s ]
NOTIC: [8] Use of undefined constant index - assumed 'index' C:\wamp\www\ontheroad\Application\Runtime\Cache\WeChat\317f4246c65ee10eb172c03e33766d1b.php 第 131 行.
NOTIC: [8] Use of undefined constant order - assumed 'order' C:\wamp\www\ontheroad\Application\Runtime\Cache\WeChat\317f4246c65ee10eb172c03e33766d1b.php 第 136 行.
NOTIC: [8] Use of undefined constant around - assumed 'around' C:\wamp\www\ontheroad\Application\Runtime\Cache\WeChat\317f4246c65ee10eb172c03e33766d1b.php 第 141 行.
NOTIC: [8] Use of undefined constant myCenter - assumed 'myCenter' C:\wamp\www\ontheroad\Application\Runtime\Cache\WeChat\317f4246c65ee10eb172c03e33766d1b.php 第 146 行.
INFO: Run Behavior\ParseTemplateBehavior [ RunTime:0.027272s ]
INFO: [ view_parse ] --END-- [ RunTime:0.027515s ]
INFO: [ view_filter ] --START--
INFO: Run Behavior\WriteHtmlCacheBehavior [ RunTime:0.002427s ]
INFO: [ view_filter ] --END-- [ RunTime:0.002674s ]
INFO: [ app_end ] --START--
INFO: Run Behavior\ShowPageTraceBehavior [ RunTime:0.002646s ]
INFO: [ app_end ] --END-- [ RunTime:0.002883s ]

[ 2017-06-13T22:55:14+08:00 ] 117.173.212.85 /ontheroad/index.php/WeChat/Around/index
INFO: [ app_init ] --START--
INFO: Run Behavior\BuildLiteBehavior [ RunTime:0.000052s ]
INFO: [ app_init ] --END-- [ RunTime:0.000871s ]
INFO: [ app_begin ] --START--
INFO: Run Behavior\ReadHtmlCacheBehavior [ RunTime:0.001707s ]
INFO: [ app_begin ] --END-- [ RunTime:0.001962s ]
NOTIC: [8] A session had already been started - ignoring session_start() C:\wamp\www\ontheroad\ThinkPHP\Common\functions.php 第 1263 行.
INFO: [ view_parse ] --START--
INFO: [ template_filter ] --START--
INFO: Run Behavior\ContentReplaceBehavior [ RunTime:0.000155s ]
INFO: [ template_filter ] --END-- [ RunTime:0.000393s ]
NOTIC: [8] Use of undefined constant index - assumed 'index' C:\wamp\www\ontheroad\Application\Runtime\Cache\WeChat\e81ec37e07f617b93f4a1d1b0153ce0d.php 第 181 行.
NOTIC: [8] Use of undefined constant order - assumed 'order' C:\wamp\www\ontheroad\Application\Runtime\Cache\WeChat\e81ec37e07f617b93f4a1d1b0153ce0d.php 第 186 行.
NOTIC: [8] Use of undefined constant around - assumed 'around' C:\wamp\www\ontheroad\Application\Runtime\Cache\WeChat\e81ec37e07f617b93f4a1d1b0153ce0d.php 第 191 行.
NOTIC: [8] Use of undefined constant myCenter - assumed 'myCenter' C:\wamp\www\ontheroad\Application\Runtime\Cache\WeChat\e81ec37e07f617b93f4a1d1b0153ce0d.php 第 196 行.
INFO: Run Behavior\ParseTemplateBehavior [ RunTime:0.026911s ]
INFO: [ view_parse ] --END-- [ RunTime:0.027299s ]
INFO: [ view_filter ] --START--
INFO: Run Behavior\WriteHtmlCacheBehavior [ RunTime:0.001539s ]
INFO: [ view_filter ] --END-- [ RunTime:0.001803s ]
INFO: [ app_end ] --START--
INFO: Run Behavior\ShowPageTraceBehavior [ RunTime:0.003603s ]
INFO: [ app_end ] --END-- [ RunTime:0.003852s ]

[ 2017-06-13T22:55:17+08:00 ] 117.173.212.85 /ontheroad/index.php/WeChat/Around/index
INFO: [ app_init ] --START--
INFO: Run Behavior\BuildLiteBehavior [ RunTime:0.000049s ]
INFO: [ app_init ] --END-- [ RunTime:0.000811s ]
INFO: [ app_begin ] --START--
INFO: Run Behavior\ReadHtmlCacheBehavior [ RunTime:0.001502s ]
INFO: [ app_begin ] --END-- [ RunTime:0.001738s ]
NOTIC: [8] A session had already been started - ignoring session_start() C:\wamp\www\ontheroad\ThinkPHP\Common\functions.php 第 1263 行.
INFO: [ view_parse ] --START--
INFO: [ template_filter ] --START--
INFO: Run Behavior\ContentReplaceBehavior [ RunTime:0.000152s ]
INFO: [ template_filter ] --END-- [ RunTime:0.000387s ]
NOTIC: [8] Use of undefined constant index - assumed 'index' C:\wamp\www\ontheroad\Application\Runtime\Cache\WeChat\e81ec37e07f617b93f4a1d1b0153ce0d.php 第 181 行.
NOTIC: [8] Use of undefined constant order - assumed 'order' C:\wamp\www\ontheroad\Application\Runtime\Cache\WeChat\e81ec37e07f617b93f4a1d1b0153ce0d.php 第 186 行.
NOTIC: [8] Use of undefined constant around - assumed 'around' C:\wamp\www\ontheroad\Application\Runtime\Cache\WeChat\e81ec37e07f617b93f4a1d1b0153ce0d.php 第 191 行.
NOTIC: [8] Use of undefined constant myCenter - assumed 'myCenter' C:\wamp\www\ontheroad\Application\Runtime\Cache\WeChat\e81ec37e07f617b93f4a1d1b0153ce0d.php 第 196 行.
INFO: Run Behavior\ParseTemplateBehavior [ RunTime:0.018062s ]
INFO: [ view_parse ] --END-- [ RunTime:0.018430s ]
INFO: [ view_filter ] --START--
INFO: Run Behavior\WriteHtmlCacheBehavior [ RunTime:0.001209s ]
INFO: [ view_filter ] --END-- [ RunTime:0.001518s ]
INFO: [ app_end ] --START--
INFO: Run Behavior\ShowPageTraceBehavior [ RunTime:0.001413s ]
INFO: [ app_end ] --END-- [ RunTime:0.001646s ]

