[ 2017-05-11T23:36:18+08:00 ] 117.174.95.190 /ontheroad/index.php/WeChat/Regist/Index.html
INFO: [ app_init ] --START--
INFO: Run Behavior\BuildLiteBehavior [ RunTime:0.000054s ]
INFO: [ app_init ] --END-- [ RunTime:0.000936s ]
INFO: [ app_begin ] --START--
INFO: Run Behavior\ReadHtmlCacheBehavior [ RunTime:0.001906s ]
INFO: [ app_begin ] --END-- [ RunTime:0.002147s ]
NOTIC: [8] A session had already been started - ignoring session_start() C:\wamp\www\ontheroad\ThinkPHP\Common\functions.php 第 1263 行.
NOTIC: [2] include(../lib/WxPay.Api.php) [<a href='function.include'>function.include</a>]: failed to open stream: No such file or directory C:\wamp\www\ontheroad\ThinkPHP\Library\Org\WxPay\WxpayAPIV3\example\WxPay.JsApiPay.php 第 2 行.
NOTIC: [2] include() [<a href='function.include'>function.include</a>]: Failed opening '../lib/WxPay.Api.php' for inclusion (include_path='.;C:\php\pear') C:\wamp\www\ontheroad\ThinkPHP\Library\Org\WxPay\WxpayAPIV3\example\WxPay.JsApiPay.php 第 2 行.
NOTIC: [2] include(../lib/WxPay.Notify.php) [<a href='function.include'>function.include</a>]: failed to open stream: No such file or directory C:\wamp\www\ontheroad\ThinkPHP\Library\Org\WxPay\WxpayAPIV3\example\notify.php 第 9 行.
NOTIC: [2] include() [<a href='function.include'>function.include</a>]: Failed opening '../lib/WxPay.Notify.php' for inclusion (include_path='.;C:\php\pear') C:\wamp\www\ontheroad\ThinkPHP\Library\Org\WxPay\WxpayAPIV3\example\notify.php 第 9 行.

[ 2017-05-11T23:36:23+08:00 ] 117.174.95.190 /ontheroad/index.php/WeChat/Regist/Index.html?code=022izc7S1hzWS913edaS1ojj7S1izc7R&state=STATE
INFO: [ app_init ] --START--
INFO: Run Behavior\BuildLiteBehavior [ RunTime:0.000046s ]
INFO: [ app_init ] --END-- [ RunTime:0.000557s ]
INFO: [ app_begin ] --START--
INFO: Run Behavior\ReadHtmlCacheBehavior [ RunTime:0.000589s ]
INFO: [ app_begin ] --END-- [ RunTime:0.000821s ]
NOTIC: [8] A session had already been started - ignoring session_start() C:\wamp\www\ontheroad\ThinkPHP\Common\functions.php 第 1263 行.
NOTIC: [2] include(../lib/WxPay.Api.php) [<a href='function.include'>function.include</a>]: failed to open stream: No such file or directory C:\wamp\www\ontheroad\ThinkPHP\Library\Org\WxPay\WxpayAPIV3\example\WxPay.JsApiPay.php 第 2 行.
NOTIC: [2] include() [<a href='function.include'>function.include</a>]: Failed opening '../lib/WxPay.Api.php' for inclusion (include_path='.;C:\php\pear') C:\wamp\www\ontheroad\ThinkPHP\Library\Org\WxPay\WxpayAPIV3\example\WxPay.JsApiPay.php 第 2 行.
NOTIC: [2] include(../lib/WxPay.Notify.php) [<a href='function.include'>function.include</a>]: failed to open stream: No such file or directory C:\wamp\www\ontheroad\ThinkPHP\Library\Org\WxPay\WxpayAPIV3\example\notify.php 第 9 行.
NOTIC: [2] include() [<a href='function.include'>function.include</a>]: Failed opening '../lib/WxPay.Notify.php' for inclusion (include_path='.;C:\php\pear') C:\wamp\www\ontheroad\ThinkPHP\Library\Org\WxPay\WxpayAPIV3\example\notify.php 第 9 行.
NOTIC: [8] Undefined index: openid C:\wamp\www\ontheroad\Application\WeChat\Controller\RegistController.class.php 第 14 行.
INFO: [ view_parse ] --START--
INFO: [ template_filter ] --START--
INFO: Run Behavior\ContentReplaceBehavior [ RunTime:0.000155s ]
INFO: [ template_filter ] --END-- [ RunTime:0.000392s ]
INFO: Run Behavior\ParseTemplateBehavior [ RunTime:0.028320s ]
INFO: [ view_parse ] --END-- [ RunTime:0.028567s ]
INFO: [ view_filter ] --START--
INFO: Run Behavior\WriteHtmlCacheBehavior [ RunTime:0.001982s ]
INFO: [ view_filter ] --END-- [ RunTime:0.002204s ]
INFO: [ app_end ] --START--
INFO: Run Behavior\ShowPageTraceBehavior [ RunTime:0.003826s ]
INFO: [ app_end ] --END-- [ RunTime:0.004054s ]

[ 2017-05-11T23:36:24+08:00 ] 117.176.255.252 /ontheroad/index.php/WeChat/Regist/index.html
INFO: [ app_init ] --START--
INFO: Run Behavior\BuildLiteBehavior [ RunTime:0.000051s ]
INFO: [ app_init ] --END-- [ RunTime:0.000586s ]
INFO: [ app_begin ] --START--
INFO: Run Behavior\ReadHtmlCacheBehavior [ RunTime:0.000651s ]
INFO: [ app_begin ] --END-- [ RunTime:0.000890s ]
NOTIC: [8] A session had already been started - ignoring session_start() C:\wamp\www\ontheroad\ThinkPHP\Common\functions.php 第 1263 行.
NOTIC: [2] include(../lib/WxPay.Api.php) [<a href='function.include'>function.include</a>]: failed to open stream: No such file or directory C:\wamp\www\ontheroad\ThinkPHP\Library\Org\WxPay\WxpayAPIV3\example\WxPay.JsApiPay.php 第 2 行.
NOTIC: [2] include() [<a href='function.include'>function.include</a>]: Failed opening '../lib/WxPay.Api.php' for inclusion (include_path='.;C:\php\pear') C:\wamp\www\ontheroad\ThinkPHP\Library\Org\WxPay\WxpayAPIV3\example\WxPay.JsApiPay.php 第 2 行.
NOTIC: [2] include(../lib/WxPay.Notify.php) [<a href='function.include'>function.include</a>]: failed to open stream: No such file or directory C:\wamp\www\ontheroad\ThinkPHP\Library\Org\WxPay\WxpayAPIV3\example\notify.php 第 9 行.
NOTIC: [2] include() [<a href='function.include'>function.include</a>]: Failed opening '../lib/WxPay.Notify.php' for inclusion (include_path='.;C:\php\pear') C:\wamp\www\ontheroad\ThinkPHP\Library\Org\WxPay\WxpayAPIV3\example\notify.php 第 9 行.

[ 2017-05-11T23:36:27+08:00 ] 117.176.255.252 /ontheroad/index.php/WeChat/Regist/index.html?code=022w2Jav1UQNBc0SBnav1rAKav1w2Jam&state=STATE
INFO: [ app_init ] --START--
INFO: Run Behavior\BuildLiteBehavior [ RunTime:0.000047s ]
INFO: [ app_init ] --END-- [ RunTime:0.000591s ]
INFO: [ app_begin ] --START--
INFO: Run Behavior\ReadHtmlCacheBehavior [ RunTime:0.000623s ]
INFO: [ app_begin ] --END-- [ RunTime:0.000858s ]
NOTIC: [8] A session had already been started - ignoring session_start() C:\wamp\www\ontheroad\ThinkPHP\Common\functions.php 第 1263 行.
NOTIC: [2] include(../lib/WxPay.Api.php) [<a href='function.include'>function.include</a>]: failed to open stream: No such file or directory C:\wamp\www\ontheroad\ThinkPHP\Library\Org\WxPay\WxpayAPIV3\example\WxPay.JsApiPay.php 第 2 行.
NOTIC: [2] include() [<a href='function.include'>function.include</a>]: Failed opening '../lib/WxPay.Api.php' for inclusion (include_path='.;C:\php\pear') C:\wamp\www\ontheroad\ThinkPHP\Library\Org\WxPay\WxpayAPIV3\example\WxPay.JsApiPay.php 第 2 行.
NOTIC: [2] include(../lib/WxPay.Notify.php) [<a href='function.include'>function.include</a>]: failed to open stream: No such file or directory C:\wamp\www\ontheroad\ThinkPHP\Library\Org\WxPay\WxpayAPIV3\example\notify.php 第 9 行.
NOTIC: [2] include() [<a href='function.include'>function.include</a>]: Failed opening '../lib/WxPay.Notify.php' for inclusion (include_path='.;C:\php\pear') C:\wamp\www\ontheroad\ThinkPHP\Library\Org\WxPay\WxpayAPIV3\example\notify.php 第 9 行.
NOTIC: [8] Undefined index: openid C:\wamp\www\ontheroad\Application\WeChat\Controller\RegistController.class.php 第 14 行.
INFO: [ view_parse ] --START--
INFO: [ template_filter ] --START--
INFO: Run Behavior\ContentReplaceBehavior [ RunTime:0.000150s ]
INFO: [ template_filter ] --END-- [ RunTime:0.000393s ]
INFO: Run Behavior\ParseTemplateBehavior [ RunTime:0.011220s ]
INFO: [ view_parse ] --END-- [ RunTime:0.011463s ]
INFO: [ view_filter ] --START--
INFO: Run Behavior\WriteHtmlCacheBehavior [ RunTime:0.000363s ]
INFO: [ view_filter ] --END-- [ RunTime:0.000582s ]
INFO: [ app_end ] --START--
INFO: Run Behavior\ShowPageTraceBehavior [ RunTime:0.000673s ]
INFO: [ app_end ] --END-- [ RunTime:0.000905s ]

[ 2017-05-11T23:36:27+08:00 ] 117.176.255.252 /ontheroad/index.php/WeChat/Regist/index.html
INFO: [ app_init ] --START--
INFO: Run Behavior\BuildLiteBehavior [ RunTime:0.000046s ]
INFO: [ app_init ] --END-- [ RunTime:0.000590s ]
INFO: [ app_begin ] --START--
INFO: Run Behavior\ReadHtmlCacheBehavior [ RunTime:0.000617s ]
INFO: [ app_begin ] --END-- [ RunTime:0.000851s ]
NOTIC: [8] A session had already been started - ignoring session_start() C:\wamp\www\ontheroad\ThinkPHP\Common\functions.php 第 1263 行.
NOTIC: [2] include(../lib/WxPay.Api.php) [<a href='function.include'>function.include</a>]: failed to open stream: No such file or directory C:\wamp\www\ontheroad\ThinkPHP\Library\Org\WxPay\WxpayAPIV3\example\WxPay.JsApiPay.php 第 2 行.
NOTIC: [2] include() [<a href='function.include'>function.include</a>]: Failed opening '../lib/WxPay.Api.php' for inclusion (include_path='.;C:\php\pear') C:\wamp\www\ontheroad\ThinkPHP\Library\Org\WxPay\WxpayAPIV3\example\WxPay.JsApiPay.php 第 2 行.
NOTIC: [2] include(../lib/WxPay.Notify.php) [<a href='function.include'>function.include</a>]: failed to open stream: No such file or directory C:\wamp\www\ontheroad\ThinkPHP\Library\Org\WxPay\WxpayAPIV3\example\notify.php 第 9 行.
NOTIC: [2] include() [<a href='function.include'>function.include</a>]: Failed opening '../lib/WxPay.Notify.php' for inclusion (include_path='.;C:\php\pear') C:\wamp\www\ontheroad\ThinkPHP\Library\Org\WxPay\WxpayAPIV3\example\notify.php 第 9 行.

[ 2017-05-11T23:36:27+08:00 ] 180.153.214.180 /ontheroad/index.php/WeChat/Regist/Index.html
INFO: [ app_init ] --START--
INFO: Run Behavior\BuildLiteBehavior [ RunTime:0.000050s ]
INFO: [ app_init ] --END-- [ RunTime:0.000646s ]
INFO: [ app_begin ] --START--
INFO: Run Behavior\ReadHtmlCacheBehavior [ RunTime:0.000826s ]
INFO: [ app_begin ] --END-- [ RunTime:0.001058s ]
NOTIC: [8] A session had already been started - ignoring session_start() C:\wamp\www\ontheroad\ThinkPHP\Common\functions.php 第 1263 行.
NOTIC: [2] include(../lib/WxPay.Api.php) [<a href='function.include'>function.include</a>]: failed to open stream: No such file or directory C:\wamp\www\ontheroad\ThinkPHP\Library\Org\WxPay\WxpayAPIV3\example\WxPay.JsApiPay.php 第 2 行.
NOTIC: [2] include() [<a href='function.include'>function.include</a>]: Failed opening '../lib/WxPay.Api.php' for inclusion (include_path='.;C:\php\pear') C:\wamp\www\ontheroad\ThinkPHP\Library\Org\WxPay\WxpayAPIV3\example\WxPay.JsApiPay.php 第 2 行.
NOTIC: [2] include(../lib/WxPay.Notify.php) [<a href='function.include'>function.include</a>]: failed to open stream: No such file or directory C:\wamp\www\ontheroad\ThinkPHP\Library\Org\WxPay\WxpayAPIV3\example\notify.php 第 9 行.
NOTIC: [2] include() [<a href='function.include'>function.include</a>]: Failed opening '../lib/WxPay.Notify.php' for inclusion (include_path='.;C:\php\pear') C:\wamp\www\ontheroad\ThinkPHP\Library\Org\WxPay\WxpayAPIV3\example\notify.php 第 9 行.

[ 2017-05-11T23:36:28+08:00 ] 101.226.51.227 /ontheroad/index.php/WeChat/Regist/Index.html
INFO: [ app_init ] --START--
INFO: Run Behavior\BuildLiteBehavior [ RunTime:0.000048s ]
INFO: [ app_init ] --END-- [ RunTime:0.000635s ]
INFO: [ app_begin ] --START--
INFO: Run Behavior\ReadHtmlCacheBehavior [ RunTime:0.000715s ]
INFO: [ app_begin ] --END-- [ RunTime:0.000951s ]
NOTIC: [8] A session had already been started - ignoring session_start() C:\wamp\www\ontheroad\ThinkPHP\Common\functions.php 第 1263 行.
NOTIC: [2] include(../lib/WxPay.Api.php) [<a href='function.include'>function.include</a>]: failed to open stream: No such file or directory C:\wamp\www\ontheroad\ThinkPHP\Library\Org\WxPay\WxpayAPIV3\example\WxPay.JsApiPay.php 第 2 行.
NOTIC: [2] include() [<a href='function.include'>function.include</a>]: Failed opening '../lib/WxPay.Api.php' for inclusion (include_path='.;C:\php\pear') C:\wamp\www\ontheroad\ThinkPHP\Library\Org\WxPay\WxpayAPIV3\example\WxPay.JsApiPay.php 第 2 行.
NOTIC: [2] include(../lib/WxPay.Notify.php) [<a href='function.include'>function.include</a>]: failed to open stream: No such file or directory C:\wamp\www\ontheroad\ThinkPHP\Library\Org\WxPay\WxpayAPIV3\example\notify.php 第 9 行.
NOTIC: [2] include() [<a href='function.include'>function.include</a>]: Failed opening '../lib/WxPay.Notify.php' for inclusion (include_path='.;C:\php\pear') C:\wamp\www\ontheroad\ThinkPHP\Library\Org\WxPay\WxpayAPIV3\example\notify.php 第 9 行.

[ 2017-05-11T23:36:30+08:00 ] 117.176.255.252 /ontheroad/index.php/WeChat/Regist/index.html?code=002BKMHX1whOVU0ZEbJX1HMIHX1BKMHH&state=STATE
INFO: [ app_init ] --START--
INFO: Run Behavior\BuildLiteBehavior [ RunTime:0.000046s ]
INFO: [ app_init ] --END-- [ RunTime:0.000590s ]
INFO: [ app_begin ] --START--
INFO: Run Behavior\ReadHtmlCacheBehavior [ RunTime:0.000626s ]
INFO: [ app_begin ] --END-- [ RunTime:0.000864s ]
NOTIC: [8] A session had already been started - ignoring session_start() C:\wamp\www\ontheroad\ThinkPHP\Common\functions.php 第 1263 行.
NOTIC: [2] include(../lib/WxPay.Api.php) [<a href='function.include'>function.include</a>]: failed to open stream: No such file or directory C:\wamp\www\ontheroad\ThinkPHP\Library\Org\WxPay\WxpayAPIV3\example\WxPay.JsApiPay.php 第 2 行.
NOTIC: [2] include() [<a href='function.include'>function.include</a>]: Failed opening '../lib/WxPay.Api.php' for inclusion (include_path='.;C:\php\pear') C:\wamp\www\ontheroad\ThinkPHP\Library\Org\WxPay\WxpayAPIV3\example\WxPay.JsApiPay.php 第 2 行.
NOTIC: [2] include(../lib/WxPay.Notify.php) [<a href='function.include'>function.include</a>]: failed to open stream: No such file or directory C:\wamp\www\ontheroad\ThinkPHP\Library\Org\WxPay\WxpayAPIV3\example\notify.php 第 9 行.
NOTIC: [2] include() [<a href='function.include'>function.include</a>]: Failed opening '../lib/WxPay.Notify.php' for inclusion (include_path='.;C:\php\pear') C:\wamp\www\ontheroad\ThinkPHP\Library\Org\WxPay\WxpayAPIV3\example\notify.php 第 9 行.
NOTIC: [8] Undefined index: openid C:\wamp\www\ontheroad\Application\WeChat\Controller\RegistController.class.php 第 14 行.
INFO: [ view_parse ] --START--
INFO: [ template_filter ] --START--
INFO: Run Behavior\ContentReplaceBehavior [ RunTime:0.000150s ]
INFO: [ template_filter ] --END-- [ RunTime:0.000391s ]
INFO: Run Behavior\ParseTemplateBehavior [ RunTime:0.009823s ]
INFO: [ view_parse ] --END-- [ RunTime:0.010062s ]
INFO: [ view_filter ] --START--
INFO: Run Behavior\WriteHtmlCacheBehavior [ RunTime:0.000368s ]
INFO: [ view_filter ] --END-- [ RunTime:0.000589s ]
INFO: [ app_end ] --START--
INFO: Run Behavior\ShowPageTraceBehavior [ RunTime:0.000659s ]
INFO: [ app_end ] --END-- [ RunTime:0.000887s ]

[ 2017-05-11T23:36:30+08:00 ] 117.174.95.190 /ontheroad/index.php/WeChat/Regist/index.html
INFO: [ app_init ] --START--
INFO: Run Behavior\BuildLiteBehavior [ RunTime:0.000124s ]
INFO: [ app_init ] --END-- [ RunTime:0.000676s ]
INFO: [ app_begin ] --START--
INFO: Run Behavior\ReadHtmlCacheBehavior [ RunTime:0.000618s ]
INFO: [ app_begin ] --END-- [ RunTime:0.000854s ]
NOTIC: [8] A session had already been started - ignoring session_start() C:\wamp\www\ontheroad\ThinkPHP\Common\functions.php 第 1263 行.
NOTIC: [2] include(../lib/WxPay.Api.php) [<a href='function.include'>function.include</a>]: failed to open stream: No such file or directory C:\wamp\www\ontheroad\ThinkPHP\Library\Org\WxPay\WxpayAPIV3\example\WxPay.JsApiPay.php 第 2 行.
NOTIC: [2] include() [<a href='function.include'>function.include</a>]: Failed opening '../lib/WxPay.Api.php' for inclusion (include_path='.;C:\php\pear') C:\wamp\www\ontheroad\ThinkPHP\Library\Org\WxPay\WxpayAPIV3\example\WxPay.JsApiPay.php 第 2 行.
NOTIC: [2] include(../lib/WxPay.Notify.php) [<a href='function.include'>function.include</a>]: failed to open stream: No such file or directory C:\wamp\www\ontheroad\ThinkPHP\Library\Org\WxPay\WxpayAPIV3\example\notify.php 第 9 行.
NOTIC: [2] include() [<a href='function.include'>function.include</a>]: Failed opening '../lib/WxPay.Notify.php' for inclusion (include_path='.;C:\php\pear') C:\wamp\www\ontheroad\ThinkPHP\Library\Org\WxPay\WxpayAPIV3\example\notify.php 第 9 行.

[ 2017-05-11T23:36:33+08:00 ] 117.174.95.190 /ontheroad/index.php/WeChat/Regist/index.html?code=012uNtaV0YFAPX1irK8V0NnvaV0uNtac&state=STATE
INFO: [ app_init ] --START--
INFO: Run Behavior\BuildLiteBehavior [ RunTime:0.000046s ]
INFO: [ app_init ] --END-- [ RunTime:0.000594s ]
INFO: [ app_begin ] --START--
INFO: Run Behavior\ReadHtmlCacheBehavior [ RunTime:0.000632s ]
INFO: [ app_begin ] --END-- [ RunTime:0.000868s ]
NOTIC: [8] A session had already been started - ignoring session_start() C:\wamp\www\ontheroad\ThinkPHP\Common\functions.php 第 1263 行.
NOTIC: [2] include(../lib/WxPay.Api.php) [<a href='function.include'>function.include</a>]: failed to open stream: No such file or directory C:\wamp\www\ontheroad\ThinkPHP\Library\Org\WxPay\WxpayAPIV3\example\WxPay.JsApiPay.php 第 2 行.
NOTIC: [2] include() [<a href='function.include'>function.include</a>]: Failed opening '../lib/WxPay.Api.php' for inclusion (include_path='.;C:\php\pear') C:\wamp\www\ontheroad\ThinkPHP\Library\Org\WxPay\WxpayAPIV3\example\WxPay.JsApiPay.php 第 2 行.
NOTIC: [2] include(../lib/WxPay.Notify.php) [<a href='function.include'>function.include</a>]: failed to open stream: No such file or directory C:\wamp\www\ontheroad\ThinkPHP\Library\Org\WxPay\WxpayAPIV3\example\notify.php 第 9 行.
NOTIC: [2] include() [<a href='function.include'>function.include</a>]: Failed opening '../lib/WxPay.Notify.php' for inclusion (include_path='.;C:\php\pear') C:\wamp\www\ontheroad\ThinkPHP\Library\Org\WxPay\WxpayAPIV3\example\notify.php 第 9 行.
NOTIC: [8] Undefined index: openid C:\wamp\www\ontheroad\Application\WeChat\Controller\RegistController.class.php 第 14 行.
INFO: [ view_parse ] --START--
INFO: [ template_filter ] --START--
INFO: Run Behavior\ContentReplaceBehavior [ RunTime:0.000151s ]
INFO: [ template_filter ] --END-- [ RunTime:0.000390s ]
INFO: Run Behavior\ParseTemplateBehavior [ RunTime:0.009795s ]
INFO: [ view_parse ] --END-- [ RunTime:0.010038s ]
INFO: [ view_filter ] --START--
INFO: Run Behavior\WriteHtmlCacheBehavior [ RunTime:0.000365s ]
INFO: [ view_filter ] --END-- [ RunTime:0.000588s ]
INFO: [ app_end ] --START--
INFO: Run Behavior\ShowPageTraceBehavior [ RunTime:0.000711s ]
INFO: [ app_end ] --END-- [ RunTime:0.000942s ]

[ 2017-05-11T23:36:33+08:00 ] 117.174.95.190 /ontheroad/index.php/WeChat/Regist/index.html
INFO: [ app_init ] --START--
INFO: Run Behavior\BuildLiteBehavior [ RunTime:0.000048s ]
INFO: [ app_init ] --END-- [ RunTime:0.000588s ]
INFO: [ app_begin ] --START--
INFO: Run Behavior\ReadHtmlCacheBehavior [ RunTime:0.000619s ]
INFO: [ app_begin ] --END-- [ RunTime:0.000856s ]
NOTIC: [8] A session had already been started - ignoring session_start() C:\wamp\www\ontheroad\ThinkPHP\Common\functions.php 第 1263 行.
NOTIC: [2] include(../lib/WxPay.Api.php) [<a href='function.include'>function.include</a>]: failed to open stream: No such file or directory C:\wamp\www\ontheroad\ThinkPHP\Library\Org\WxPay\WxpayAPIV3\example\WxPay.JsApiPay.php 第 2 行.
NOTIC: [2] include() [<a href='function.include'>function.include</a>]: Failed opening '../lib/WxPay.Api.php' for inclusion (include_path='.;C:\php\pear') C:\wamp\www\ontheroad\ThinkPHP\Library\Org\WxPay\WxpayAPIV3\example\WxPay.JsApiPay.php 第 2 行.
NOTIC: [2] include(../lib/WxPay.Notify.php) [<a href='function.include'>function.include</a>]: failed to open stream: No such file or directory C:\wamp\www\ontheroad\ThinkPHP\Library\Org\WxPay\WxpayAPIV3\example\notify.php 第 9 行.
NOTIC: [2] include() [<a href='function.include'>function.include</a>]: Failed opening '../lib/WxPay.Notify.php' for inclusion (include_path='.;C:\php\pear') C:\wamp\www\ontheroad\ThinkPHP\Library\Org\WxPay\WxpayAPIV3\example\notify.php 第 9 行.

[ 2017-05-11T23:36:36+08:00 ] 117.174.95.190 /ontheroad/index.php/WeChat/Regist/index.html?code=01213UMV02YByY1vrPNV0ax0NV013UMF&state=STATE
INFO: [ app_init ] --START--
INFO: Run Behavior\BuildLiteBehavior [ RunTime:0.000047s ]
INFO: [ app_init ] --END-- [ RunTime:0.000593s ]
INFO: [ app_begin ] --START--
INFO: Run Behavior\ReadHtmlCacheBehavior [ RunTime:0.000699s ]
INFO: [ app_begin ] --END-- [ RunTime:0.000934s ]
NOTIC: [8] A session had already been started - ignoring session_start() C:\wamp\www\ontheroad\ThinkPHP\Common\functions.php 第 1263 行.
NOTIC: [2] include(../lib/WxPay.Api.php) [<a href='function.include'>function.include</a>]: failed to open stream: No such file or directory C:\wamp\www\ontheroad\ThinkPHP\Library\Org\WxPay\WxpayAPIV3\example\WxPay.JsApiPay.php 第 2 行.
NOTIC: [2] include() [<a href='function.include'>function.include</a>]: Failed opening '../lib/WxPay.Api.php' for inclusion (include_path='.;C:\php\pear') C:\wamp\www\ontheroad\ThinkPHP\Library\Org\WxPay\WxpayAPIV3\example\WxPay.JsApiPay.php 第 2 行.
NOTIC: [2] include(../lib/WxPay.Notify.php) [<a href='function.include'>function.include</a>]: failed to open stream: No such file or directory C:\wamp\www\ontheroad\ThinkPHP\Library\Org\WxPay\WxpayAPIV3\example\notify.php 第 9 行.
NOTIC: [2] include() [<a href='function.include'>function.include</a>]: Failed opening '../lib/WxPay.Notify.php' for inclusion (include_path='.;C:\php\pear') C:\wamp\www\ontheroad\ThinkPHP\Library\Org\WxPay\WxpayAPIV3\example\notify.php 第 9 行.
NOTIC: [8] Undefined index: openid C:\wamp\www\ontheroad\Application\WeChat\Controller\RegistController.class.php 第 14 行.
INFO: [ view_parse ] --START--
INFO: [ template_filter ] --START--
INFO: Run Behavior\ContentReplaceBehavior [ RunTime:0.000151s ]
INFO: [ template_filter ] --END-- [ RunTime:0.000396s ]
INFO: Run Behavior\ParseTemplateBehavior [ RunTime:0.010042s ]
INFO: [ view_parse ] --END-- [ RunTime:0.010281s ]
INFO: [ view_filter ] --START--
INFO: Run Behavior\WriteHtmlCacheBehavior [ RunTime:0.000394s ]
INFO: [ view_filter ] --END-- [ RunTime:0.000633s ]
INFO: [ app_end ] --START--
INFO: Run Behavior\ShowPageTraceBehavior [ RunTime:0.000656s ]
INFO: [ app_end ] --END-- [ RunTime:0.000883s ]

[ 2017-05-11T23:36:37+08:00 ] 117.176.255.252 /ontheroad/index.php/WeChat/Regist/index.html
INFO: [ app_init ] --START--
INFO: Run Behavior\BuildLiteBehavior [ RunTime:0.000047s ]
INFO: [ app_init ] --END-- [ RunTime:0.000586s ]
INFO: [ app_begin ] --START--
INFO: Run Behavior\ReadHtmlCacheBehavior [ RunTime:0.000623s ]
INFO: [ app_begin ] --END-- [ RunTime:0.000857s ]
NOTIC: [8] A session had already been started - ignoring session_start() C:\wamp\www\ontheroad\ThinkPHP\Common\functions.php 第 1263 行.
NOTIC: [2] include(../lib/WxPay.Api.php) [<a href='function.include'>function.include</a>]: failed to open stream: No such file or directory C:\wamp\www\ontheroad\ThinkPHP\Library\Org\WxPay\WxpayAPIV3\example\WxPay.JsApiPay.php 第 2 行.
NOTIC: [2] include() [<a href='function.include'>function.include</a>]: Failed opening '../lib/WxPay.Api.php' for inclusion (include_path='.;C:\php\pear') C:\wamp\www\ontheroad\ThinkPHP\Library\Org\WxPay\WxpayAPIV3\example\WxPay.JsApiPay.php 第 2 行.
NOTIC: [2] include(../lib/WxPay.Notify.php) [<a href='function.include'>function.include</a>]: failed to open stream: No such file or directory C:\wamp\www\ontheroad\ThinkPHP\Library\Org\WxPay\WxpayAPIV3\example\notify.php 第 9 行.
NOTIC: [2] include() [<a href='function.include'>function.include</a>]: Failed opening '../lib/WxPay.Notify.php' for inclusion (include_path='.;C:\php\pear') C:\wamp\www\ontheroad\ThinkPHP\Library\Org\WxPay\WxpayAPIV3\example\notify.php 第 9 行.

[ 2017-05-11T23:36:40+08:00 ] 117.176.255.252 /ontheroad/index.php/WeChat/Regist/index.html?code=022ZOGd10OdWWB14Azd10W2Fd10ZOGdx&state=STATE
INFO: [ app_init ] --START--
INFO: Run Behavior\BuildLiteBehavior [ RunTime:0.000047s ]
INFO: [ app_init ] --END-- [ RunTime:0.000596s ]
INFO: [ app_begin ] --START--
INFO: Run Behavior\ReadHtmlCacheBehavior [ RunTime:0.000659s ]
INFO: [ app_begin ] --END-- [ RunTime:0.000896s ]
NOTIC: [8] A session had already been started - ignoring session_start() C:\wamp\www\ontheroad\ThinkPHP\Common\functions.php 第 1263 行.
NOTIC: [2] include(../lib/WxPay.Api.php) [<a href='function.include'>function.include</a>]: failed to open stream: No such file or directory C:\wamp\www\ontheroad\ThinkPHP\Library\Org\WxPay\WxpayAPIV3\example\WxPay.JsApiPay.php 第 2 行.
NOTIC: [2] include() [<a href='function.include'>function.include</a>]: Failed opening '../lib/WxPay.Api.php' for inclusion (include_path='.;C:\php\pear') C:\wamp\www\ontheroad\ThinkPHP\Library\Org\WxPay\WxpayAPIV3\example\WxPay.JsApiPay.php 第 2 行.
NOTIC: [2] include(../lib/WxPay.Notify.php) [<a href='function.include'>function.include</a>]: failed to open stream: No such file or directory C:\wamp\www\ontheroad\ThinkPHP\Library\Org\WxPay\WxpayAPIV3\example\notify.php 第 9 行.
NOTIC: [2] include() [<a href='function.include'>function.include</a>]: Failed opening '../lib/WxPay.Notify.php' for inclusion (include_path='.;C:\php\pear') C:\wamp\www\ontheroad\ThinkPHP\Library\Org\WxPay\WxpayAPIV3\example\notify.php 第 9 行.
NOTIC: [8] Undefined index: openid C:\wamp\www\ontheroad\Application\WeChat\Controller\RegistController.class.php 第 14 行.
INFO: [ view_parse ] --START--
INFO: [ template_filter ] --START--
INFO: Run Behavior\ContentReplaceBehavior [ RunTime:0.000152s ]
INFO: [ template_filter ] --END-- [ RunTime:0.000398s ]
INFO: Run Behavior\ParseTemplateBehavior [ RunTime:0.010747s ]
INFO: [ view_parse ] --END-- [ RunTime:0.010994s ]
INFO: [ view_filter ] --START--
INFO: Run Behavior\WriteHtmlCacheBehavior [ RunTime:0.000391s ]
INFO: [ view_filter ] --END-- [ RunTime:0.000614s ]
INFO: [ app_end ] --START--
INFO: Run Behavior\ShowPageTraceBehavior [ RunTime:0.000700s ]
INFO: [ app_end ] --END-- [ RunTime:0.000955s ]

[ 2017-05-11T23:36:40+08:00 ] 117.176.255.252 /ontheroad/index.php/WeChat/Regist/index.html
INFO: [ app_init ] --START--
INFO: Run Behavior\BuildLiteBehavior [ RunTime:0.000047s ]
INFO: [ app_init ] --END-- [ RunTime:0.000594s ]
INFO: [ app_begin ] --START--
INFO: Run Behavior\ReadHtmlCacheBehavior [ RunTime:0.000653s ]
INFO: [ app_begin ] --END-- [ RunTime:0.000890s ]
NOTIC: [8] A session had already been started - ignoring session_start() C:\wamp\www\ontheroad\ThinkPHP\Common\functions.php 第 1263 行.
NOTIC: [2] include(../lib/WxPay.Api.php) [<a href='function.include'>function.include</a>]: failed to open stream: No such file or directory C:\wamp\www\ontheroad\ThinkPHP\Library\Org\WxPay\WxpayAPIV3\example\WxPay.JsApiPay.php 第 2 行.
NOTIC: [2] include() [<a href='function.include'>function.include</a>]: Failed opening '../lib/WxPay.Api.php' for inclusion (include_path='.;C:\php\pear') C:\wamp\www\ontheroad\ThinkPHP\Library\Org\WxPay\WxpayAPIV3\example\WxPay.JsApiPay.php 第 2 行.
NOTIC: [2] include(../lib/WxPay.Notify.php) [<a href='function.include'>function.include</a>]: failed to open stream: No such file or directory C:\wamp\www\ontheroad\ThinkPHP\Library\Org\WxPay\WxpayAPIV3\example\notify.php 第 9 行.
NOTIC: [2] include() [<a href='function.include'>function.include</a>]: Failed opening '../lib/WxPay.Notify.php' for inclusion (include_path='.;C:\php\pear') C:\wamp\www\ontheroad\ThinkPHP\Library\Org\WxPay\WxpayAPIV3\example\notify.php 第 9 行.

[ 2017-05-11T23:36:43+08:00 ] 117.176.255.252 /ontheroad/index.php/WeChat/Regist/index.html?code=00269bJo0IC5ep1nDmLo0o9fJo069bJ-&state=STATE
INFO: [ app_init ] --START--
INFO: Run Behavior\BuildLiteBehavior [ RunTime:0.000047s ]
INFO: [ app_init ] --END-- [ RunTime:0.000599s ]
INFO: [ app_begin ] --START--
INFO: Run Behavior\ReadHtmlCacheBehavior [ RunTime:0.000622s ]
INFO: [ app_begin ] --END-- [ RunTime:0.000860s ]
NOTIC: [8] A session had already been started - ignoring session_start() C:\wamp\www\ontheroad\ThinkPHP\Common\functions.php 第 1263 行.
NOTIC: [2] include(../lib/WxPay.Api.php) [<a href='function.include'>function.include</a>]: failed to open stream: No such file or directory C:\wamp\www\ontheroad\ThinkPHP\Library\Org\WxPay\WxpayAPIV3\example\WxPay.JsApiPay.php 第 2 行.
NOTIC: [2] include() [<a href='function.include'>function.include</a>]: Failed opening '../lib/WxPay.Api.php' for inclusion (include_path='.;C:\php\pear') C:\wamp\www\ontheroad\ThinkPHP\Library\Org\WxPay\WxpayAPIV3\example\WxPay.JsApiPay.php 第 2 行.
NOTIC: [2] include(../lib/WxPay.Notify.php) [<a href='function.include'>function.include</a>]: failed to open stream: No such file or directory C:\wamp\www\ontheroad\ThinkPHP\Library\Org\WxPay\WxpayAPIV3\example\notify.php 第 9 行.
NOTIC: [2] include() [<a href='function.include'>function.include</a>]: Failed opening '../lib/WxPay.Notify.php' for inclusion (include_path='.;C:\php\pear') C:\wamp\www\ontheroad\ThinkPHP\Library\Org\WxPay\WxpayAPIV3\example\notify.php 第 9 行.
NOTIC: [8] Undefined index: openid C:\wamp\www\ontheroad\Application\WeChat\Controller\RegistController.class.php 第 14 行.
INFO: [ view_parse ] --START--
INFO: [ template_filter ] --START--
INFO: Run Behavior\ContentReplaceBehavior [ RunTime:0.000166s ]
INFO: [ template_filter ] --END-- [ RunTime:0.000421s ]
INFO: Run Behavior\ParseTemplateBehavior [ RunTime:0.010170s ]
INFO: [ view_parse ] --END-- [ RunTime:0.010412s ]
INFO: [ view_filter ] --START--
INFO: Run Behavior\WriteHtmlCacheBehavior [ RunTime:0.000387s ]
INFO: [ view_filter ] --END-- [ RunTime:0.000621s ]
INFO: [ app_end ] --START--
INFO: Run Behavior\ShowPageTraceBehavior [ RunTime:0.000692s ]
INFO: [ app_end ] --END-- [ RunTime:0.000923s ]

[ 2017-05-11T23:36:43+08:00 ] 117.174.95.190 /ontheroad/index.php/WeChat/Regist/index.html
INFO: [ app_init ] --START--
INFO: Run Behavior\BuildLiteBehavior [ RunTime:0.000047s ]
INFO: [ app_init ] --END-- [ RunTime:0.000597s ]
INFO: [ app_begin ] --START--
INFO: Run Behavior\ReadHtmlCacheBehavior [ RunTime:0.000680s ]
INFO: [ app_begin ] --END-- [ RunTime:0.000918s ]
NOTIC: [8] A session had already been started - ignoring session_start() C:\wamp\www\ontheroad\ThinkPHP\Common\functions.php 第 1263 行.
NOTIC: [2] include(../lib/WxPay.Api.php) [<a href='function.include'>function.include</a>]: failed to open stream: No such file or directory C:\wamp\www\ontheroad\ThinkPHP\Library\Org\WxPay\WxpayAPIV3\example\WxPay.JsApiPay.php 第 2 行.
NOTIC: [2] include() [<a href='function.include'>function.include</a>]: Failed opening '../lib/WxPay.Api.php' for inclusion (include_path='.;C:\php\pear') C:\wamp\www\ontheroad\ThinkPHP\Library\Org\WxPay\WxpayAPIV3\example\WxPay.JsApiPay.php 第 2 行.
NOTIC: [2] include(../lib/WxPay.Notify.php) [<a href='function.include'>function.include</a>]: failed to open stream: No such file or directory C:\wamp\www\ontheroad\ThinkPHP\Library\Org\WxPay\WxpayAPIV3\example\notify.php 第 9 行.
NOTIC: [2] include() [<a href='function.include'>function.include</a>]: Failed opening '../lib/WxPay.Notify.php' for inclusion (include_path='.;C:\php\pear') C:\wamp\www\ontheroad\ThinkPHP\Library\Org\WxPay\WxpayAPIV3\example\notify.php 第 9 行.

[ 2017-05-11T23:36:46+08:00 ] 117.174.95.190 /ontheroad/index.php/WeChat/Regist/index.html?code=012PN9sN0w3G7621k6pN0tP5sN0PN9sU&state=STATE
INFO: [ app_init ] --START--
INFO: Run Behavior\BuildLiteBehavior [ RunTime:0.000065s ]
INFO: [ app_init ] --END-- [ RunTime:0.000691s ]
INFO: [ app_begin ] --START--
INFO: Run Behavior\ReadHtmlCacheBehavior [ RunTime:0.000659s ]
INFO: [ app_begin ] --END-- [ RunTime:0.000896s ]
NOTIC: [8] A session had already been started - ignoring session_start() C:\wamp\www\ontheroad\ThinkPHP\Common\functions.php 第 1263 行.
NOTIC: [2] include(../lib/WxPay.Api.php) [<a href='function.include'>function.include</a>]: failed to open stream: No such file or directory C:\wamp\www\ontheroad\ThinkPHP\Library\Org\WxPay\WxpayAPIV3\example\WxPay.JsApiPay.php 第 2 行.
NOTIC: [2] include() [<a href='function.include'>function.include</a>]: Failed opening '../lib/WxPay.Api.php' for inclusion (include_path='.;C:\php\pear') C:\wamp\www\ontheroad\ThinkPHP\Library\Org\WxPay\WxpayAPIV3\example\WxPay.JsApiPay.php 第 2 行.
NOTIC: [2] include(../lib/WxPay.Notify.php) [<a href='function.include'>function.include</a>]: failed to open stream: No such file or directory C:\wamp\www\ontheroad\ThinkPHP\Library\Org\WxPay\WxpayAPIV3\example\notify.php 第 9 行.
NOTIC: [2] include() [<a href='function.include'>function.include</a>]: Failed opening '../lib/WxPay.Notify.php' for inclusion (include_path='.;C:\php\pear') C:\wamp\www\ontheroad\ThinkPHP\Library\Org\WxPay\WxpayAPIV3\example\notify.php 第 9 行.
NOTIC: [8] Undefined index: openid C:\wamp\www\ontheroad\Application\WeChat\Controller\RegistController.class.php 第 14 行.
INFO: [ view_parse ] --START--
INFO: [ template_filter ] --START--
INFO: Run Behavior\ContentReplaceBehavior [ RunTime:0.000149s ]
INFO: [ template_filter ] --END-- [ RunTime:0.000389s ]
INFO: Run Behavior\ParseTemplateBehavior [ RunTime:0.009812s ]
INFO: [ view_parse ] --END-- [ RunTime:0.010052s ]
INFO: [ view_filter ] --START--
INFO: Run Behavior\WriteHtmlCacheBehavior [ RunTime:0.000365s ]
INFO: [ view_filter ] --END-- [ RunTime:0.000587s ]
INFO: [ app_end ] --START--
INFO: Run Behavior\ShowPageTraceBehavior [ RunTime:0.000658s ]
INFO: [ app_end ] --END-- [ RunTime:0.000890s ]

[ 2017-05-11T23:36:47+08:00 ] 117.174.95.190 /ontheroad/index.php/WeChat/Regist/index.html
INFO: [ app_init ] --START--
INFO: Run Behavior\BuildLiteBehavior [ RunTime:0.000069s ]
INFO: [ app_init ] --END-- [ RunTime:0.000621s ]
INFO: [ app_begin ] --START--
INFO: Run Behavior\ReadHtmlCacheBehavior [ RunTime:0.000630s ]
INFO: [ app_begin ] --END-- [ RunTime:0.000891s ]
NOTIC: [8] A session had already been started - ignoring session_start() C:\wamp\www\ontheroad\ThinkPHP\Common\functions.php 第 1263 行.
NOTIC: [2] include(../lib/WxPay.Api.php) [<a href='function.include'>function.include</a>]: failed to open stream: No such file or directory C:\wamp\www\ontheroad\ThinkPHP\Library\Org\WxPay\WxpayAPIV3\example\WxPay.JsApiPay.php 第 2 行.
NOTIC: [2] include() [<a href='function.include'>function.include</a>]: Failed opening '../lib/WxPay.Api.php' for inclusion (include_path='.;C:\php\pear') C:\wamp\www\ontheroad\ThinkPHP\Library\Org\WxPay\WxpayAPIV3\example\WxPay.JsApiPay.php 第 2 行.
NOTIC: [2] include(../lib/WxPay.Notify.php) [<a href='function.include'>function.include</a>]: failed to open stream: No such file or directory C:\wamp\www\ontheroad\ThinkPHP\Library\Org\WxPay\WxpayAPIV3\example\notify.php 第 9 行.
NOTIC: [2] include() [<a href='function.include'>function.include</a>]: Failed opening '../lib/WxPay.Notify.php' for inclusion (include_path='.;C:\php\pear') C:\wamp\www\ontheroad\ThinkPHP\Library\Org\WxPay\WxpayAPIV3\example\notify.php 第 9 行.

[ 2017-05-11T23:36:50+08:00 ] 117.174.95.190 /ontheroad/index.php/WeChat/Regist/index.html?code=002urAd217yePM1N1Cd21aTtd21urAdG&state=STATE
INFO: [ app_init ] --START--
INFO: Run Behavior\BuildLiteBehavior [ RunTime:0.000048s ]
INFO: [ app_init ] --END-- [ RunTime:0.000593s ]
INFO: [ app_begin ] --START--
INFO: Run Behavior\ReadHtmlCacheBehavior [ RunTime:0.000662s ]
INFO: [ app_begin ] --END-- [ RunTime:0.000899s ]
NOTIC: [8] A session had already been started - ignoring session_start() C:\wamp\www\ontheroad\ThinkPHP\Common\functions.php 第 1263 行.
NOTIC: [2] include(../lib/WxPay.Api.php) [<a href='function.include'>function.include</a>]: failed to open stream: No such file or directory C:\wamp\www\ontheroad\ThinkPHP\Library\Org\WxPay\WxpayAPIV3\example\WxPay.JsApiPay.php 第 2 行.
NOTIC: [2] include() [<a href='function.include'>function.include</a>]: Failed opening '../lib/WxPay.Api.php' for inclusion (include_path='.;C:\php\pear') C:\wamp\www\ontheroad\ThinkPHP\Library\Org\WxPay\WxpayAPIV3\example\WxPay.JsApiPay.php 第 2 行.
NOTIC: [2] include(../lib/WxPay.Notify.php) [<a href='function.include'>function.include</a>]: failed to open stream: No such file or directory C:\wamp\www\ontheroad\ThinkPHP\Library\Org\WxPay\WxpayAPIV3\example\notify.php 第 9 行.
NOTIC: [2] include() [<a href='function.include'>function.include</a>]: Failed opening '../lib/WxPay.Notify.php' for inclusion (include_path='.;C:\php\pear') C:\wamp\www\ontheroad\ThinkPHP\Library\Org\WxPay\WxpayAPIV3\example\notify.php 第 9 行.
NOTIC: [8] Undefined index: openid C:\wamp\www\ontheroad\Application\WeChat\Controller\RegistController.class.php 第 14 行.
INFO: [ view_parse ] --START--
INFO: [ template_filter ] --START--
INFO: Run Behavior\ContentReplaceBehavior [ RunTime:0.000152s ]
INFO: [ template_filter ] --END-- [ RunTime:0.000395s ]
INFO: Run Behavior\ParseTemplateBehavior [ RunTime:0.010140s ]
INFO: [ view_parse ] --END-- [ RunTime:0.010382s ]
INFO: [ view_filter ] --START--
INFO: Run Behavior\WriteHtmlCacheBehavior [ RunTime:0.000370s ]
INFO: [ view_filter ] --END-- [ RunTime:0.000590s ]
INFO: [ app_end ] --START--
INFO: Run Behavior\ShowPageTraceBehavior [ RunTime:0.000661s ]
INFO: [ app_end ] --END-- [ RunTime:0.000890s ]

[ 2017-05-11T23:36:50+08:00 ] 117.176.255.252 /ontheroad/index.php/WeChat/Regist/index.html
INFO: [ app_init ] --START--
INFO: Run Behavior\BuildLiteBehavior [ RunTime:0.000047s ]
INFO: [ app_init ] --END-- [ RunTime:0.000599s ]
INFO: [ app_begin ] --START--
INFO: Run Behavior\ReadHtmlCacheBehavior [ RunTime:0.000619s ]
INFO: [ app_begin ] --END-- [ RunTime:0.000854s ]
NOTIC: [8] A session had already been started - ignoring session_start() C:\wamp\www\ontheroad\ThinkPHP\Common\functions.php 第 1263 行.
NOTIC: [2] include(../lib/WxPay.Api.php) [<a href='function.include'>function.include</a>]: failed to open stream: No such file or directory C:\wamp\www\ontheroad\ThinkPHP\Library\Org\WxPay\WxpayAPIV3\example\WxPay.JsApiPay.php 第 2 行.
NOTIC: [2] include() [<a href='function.include'>function.include</a>]: Failed opening '../lib/WxPay.Api.php' for inclusion (include_path='.;C:\php\pear') C:\wamp\www\ontheroad\ThinkPHP\Library\Org\WxPay\WxpayAPIV3\example\WxPay.JsApiPay.php 第 2 行.
NOTIC: [2] include(../lib/WxPay.Notify.php) [<a href='function.include'>function.include</a>]: failed to open stream: No such file or directory C:\wamp\www\ontheroad\ThinkPHP\Library\Org\WxPay\WxpayAPIV3\example\notify.php 第 9 行.
NOTIC: [2] include() [<a href='function.include'>function.include</a>]: Failed opening '../lib/WxPay.Notify.php' for inclusion (include_path='.;C:\php\pear') C:\wamp\www\ontheroad\ThinkPHP\Library\Org\WxPay\WxpayAPIV3\example\notify.php 第 9 行.

[ 2017-05-11T23:37:56+08:00 ] 117.176.255.252 /ontheroad/index.php/WeChat/Regist/Index.html
INFO: [ app_init ] --START--
INFO: Run Behavior\BuildLiteBehavior [ RunTime:0.000047s ]
INFO: [ app_init ] --END-- [ RunTime:0.000784s ]
INFO: [ app_begin ] --START--
INFO: Run Behavior\ReadHtmlCacheBehavior [ RunTime:0.000621s ]
INFO: [ app_begin ] --END-- [ RunTime:0.000858s ]
NOTIC: [8] A session had already been started - ignoring session_start() C:\wamp\www\ontheroad\ThinkPHP\Common\functions.php 第 1263 行.
NOTIC: [2] include(../lib/WxPay.Api.php) [<a href='function.include'>function.include</a>]: failed to open stream: No such file or directory C:\wamp\www\ontheroad\ThinkPHP\Library\Org\WxPay\WxpayAPIV3\example\WxPay.JsApiPay.php 第 2 行.
NOTIC: [2] include() [<a href='function.include'>function.include</a>]: Failed opening '../lib/WxPay.Api.php' for inclusion (include_path='.;C:\php\pear') C:\wamp\www\ontheroad\ThinkPHP\Library\Org\WxPay\WxpayAPIV3\example\WxPay.JsApiPay.php 第 2 行.
NOTIC: [2] include(../lib/WxPay.Notify.php) [<a href='function.include'>function.include</a>]: failed to open stream: No such file or directory C:\wamp\www\ontheroad\ThinkPHP\Library\Org\WxPay\WxpayAPIV3\example\notify.php 第 9 行.
NOTIC: [2] include() [<a href='function.include'>function.include</a>]: Failed opening '../lib/WxPay.Notify.php' for inclusion (include_path='.;C:\php\pear') C:\wamp\www\ontheroad\ThinkPHP\Library\Org\WxPay\WxpayAPIV3\example\notify.php 第 9 行.

[ 2017-05-11T23:38:00+08:00 ] 117.176.255.252 /ontheroad/index.php/WeChat/Regist/Index.html?code=0220Ar0I08Ih9l24wH3I0pcu0I00Ar07&state=STATE
INFO: [ app_init ] --START--
INFO: Run Behavior\BuildLiteBehavior [ RunTime:0.000048s ]
INFO: [ app_init ] --END-- [ RunTime:0.000593s ]
INFO: [ app_begin ] --START--
INFO: Run Behavior\ReadHtmlCacheBehavior [ RunTime:0.000623s ]
INFO: [ app_begin ] --END-- [ RunTime:0.000858s ]
NOTIC: [8] A session had already been started - ignoring session_start() C:\wamp\www\ontheroad\ThinkPHP\Common\functions.php 第 1263 行.
NOTIC: [2] include(../lib/WxPay.Api.php) [<a href='function.include'>function.include</a>]: failed to open stream: No such file or directory C:\wamp\www\ontheroad\ThinkPHP\Library\Org\WxPay\WxpayAPIV3\example\WxPay.JsApiPay.php 第 2 行.
NOTIC: [2] include() [<a href='function.include'>function.include</a>]: Failed opening '../lib/WxPay.Api.php' for inclusion (include_path='.;C:\php\pear') C:\wamp\www\ontheroad\ThinkPHP\Library\Org\WxPay\WxpayAPIV3\example\WxPay.JsApiPay.php 第 2 行.
NOTIC: [2] include(../lib/WxPay.Notify.php) [<a href='function.include'>function.include</a>]: failed to open stream: No such file or directory C:\wamp\www\ontheroad\ThinkPHP\Library\Org\WxPay\WxpayAPIV3\example\notify.php 第 9 行.
NOTIC: [2] include() [<a href='function.include'>function.include</a>]: Failed opening '../lib/WxPay.Notify.php' for inclusion (include_path='.;C:\php\pear') C:\wamp\www\ontheroad\ThinkPHP\Library\Org\WxPay\WxpayAPIV3\example\notify.php 第 9 行.

[ 2017-05-11T23:40:04+08:00 ] 117.174.95.190 /ontheroad/index.php/WeChat/Regist/succeed
INFO: [ app_init ] --START--
INFO: Run Behavior\BuildLiteBehavior [ RunTime:0.000048s ]
INFO: [ app_init ] --END-- [ RunTime:0.000633s ]
INFO: [ app_begin ] --START--
INFO: Run Behavior\ReadHtmlCacheBehavior [ RunTime:0.000723s ]
INFO: [ app_begin ] --END-- [ RunTime:0.000960s ]
NOTIC: [8] A session had already been started - ignoring session_start() C:\wamp\www\ontheroad\ThinkPHP\Common\functions.php 第 1263 行.
INFO: [ view_parse ] --START--
INFO: [ template_filter ] --START--
INFO: Run Behavior\ContentReplaceBehavior [ RunTime:0.000120s ]
INFO: [ template_filter ] --END-- [ RunTime:0.000352s ]
INFO: Run Behavior\ParseTemplateBehavior [ RunTime:0.030171s ]
INFO: [ view_parse ] --END-- [ RunTime:0.030406s ]
INFO: [ view_filter ] --START--
INFO: Run Behavior\WriteHtmlCacheBehavior [ RunTime:0.000453s ]
INFO: [ view_filter ] --END-- [ RunTime:0.000676s ]
INFO: [ app_end ] --START--
INFO: Run Behavior\ShowPageTraceBehavior [ RunTime:0.000719s ]
INFO: [ app_end ] --END-- [ RunTime:0.000945s ]

[ 2017-05-11T23:40:04+08:00 ] 117.174.95.190 /ontheroad/index.php/WeChat/Regist/index.html
INFO: [ app_init ] --START--
INFO: Run Behavior\BuildLiteBehavior [ RunTime:0.000046s ]
INFO: [ app_init ] --END-- [ RunTime:0.000586s ]
INFO: [ app_begin ] --START--
INFO: Run Behavior\ReadHtmlCacheBehavior [ RunTime:0.000619s ]
INFO: [ app_begin ] --END-- [ RunTime:0.000856s ]
NOTIC: [8] A session had already been started - ignoring session_start() C:\wamp\www\ontheroad\ThinkPHP\Common\functions.php 第 1263 行.
NOTIC: [2] include(../lib/WxPay.Api.php) [<a href='function.include'>function.include</a>]: failed to open stream: No such file or directory C:\wamp\www\ontheroad\ThinkPHP\Library\Org\WxPay\WxpayAPIV3\example\WxPay.JsApiPay.php 第 2 行.
NOTIC: [2] include() [<a href='function.include'>function.include</a>]: Failed opening '../lib/WxPay.Api.php' for inclusion (include_path='.;C:\php\pear') C:\wamp\www\ontheroad\ThinkPHP\Library\Org\WxPay\WxpayAPIV3\example\WxPay.JsApiPay.php 第 2 行.
NOTIC: [2] include(../lib/WxPay.Notify.php) [<a href='function.include'>function.include</a>]: failed to open stream: No such file or directory C:\wamp\www\ontheroad\ThinkPHP\Library\Org\WxPay\WxpayAPIV3\example\notify.php 第 9 行.
NOTIC: [2] include() [<a href='function.include'>function.include</a>]: Failed opening '../lib/WxPay.Notify.php' for inclusion (include_path='.;C:\php\pear') C:\wamp\www\ontheroad\ThinkPHP\Library\Org\WxPay\WxpayAPIV3\example\notify.php 第 9 行.

[ 2017-05-11T23:40:10+08:00 ] 117.176.255.252 /ontheroad/index.php/WeChat/Regist/Index.html
INFO: [ app_init ] --START--
INFO: Run Behavior\BuildLiteBehavior [ RunTime:0.000048s ]
INFO: [ app_init ] --END-- [ RunTime:0.000597s ]
INFO: [ app_begin ] --START--
INFO: Run Behavior\ReadHtmlCacheBehavior [ RunTime:0.000618s ]
INFO: [ app_begin ] --END-- [ RunTime:0.000853s ]
NOTIC: [8] A session had already been started - ignoring session_start() C:\wamp\www\ontheroad\ThinkPHP\Common\functions.php 第 1263 行.
NOTIC: [2] include(../lib/WxPay.Api.php) [<a href='function.include'>function.include</a>]: failed to open stream: No such file or directory C:\wamp\www\ontheroad\ThinkPHP\Library\Org\WxPay\WxpayAPIV3\example\WxPay.JsApiPay.php 第 2 行.
NOTIC: [2] include() [<a href='function.include'>function.include</a>]: Failed opening '../lib/WxPay.Api.php' for inclusion (include_path='.;C:\php\pear') C:\wamp\www\ontheroad\ThinkPHP\Library\Org\WxPay\WxpayAPIV3\example\WxPay.JsApiPay.php 第 2 行.
NOTIC: [2] include(../lib/WxPay.Notify.php) [<a href='function.include'>function.include</a>]: failed to open stream: No such file or directory C:\wamp\www\ontheroad\ThinkPHP\Library\Org\WxPay\WxpayAPIV3\example\notify.php 第 9 行.
NOTIC: [2] include() [<a href='function.include'>function.include</a>]: Failed opening '../lib/WxPay.Notify.php' for inclusion (include_path='.;C:\php\pear') C:\wamp\www\ontheroad\ThinkPHP\Library\Org\WxPay\WxpayAPIV3\example\notify.php 第 9 行.

[ 2017-05-11T23:40:13+08:00 ] 101.226.66.174 /ontheroad/index.php/WeChat/Regist/succeed
INFO: [ app_init ] --START--
INFO: Run Behavior\BuildLiteBehavior [ RunTime:0.000047s ]
INFO: [ app_init ] --END-- [ RunTime:0.000629s ]
INFO: [ app_begin ] --START--
INFO: Run Behavior\ReadHtmlCacheBehavior [ RunTime:0.000721s ]
INFO: [ app_begin ] --END-- [ RunTime:0.000960s ]
NOTIC: [8] A session had already been started - ignoring session_start() C:\wamp\www\ontheroad\ThinkPHP\Common\functions.php 第 1263 行.
INFO: [ view_parse ] --START--
INFO: [ template_filter ] --START--
INFO: Run Behavior\ContentReplaceBehavior [ RunTime:0.000120s ]
INFO: [ template_filter ] --END-- [ RunTime:0.000350s ]
INFO: Run Behavior\ParseTemplateBehavior [ RunTime:0.008543s ]
INFO: [ view_parse ] --END-- [ RunTime:0.008775s ]
INFO: [ view_filter ] --START--
INFO: Run Behavior\WriteHtmlCacheBehavior [ RunTime:0.000434s ]
INFO: [ view_filter ] --END-- [ RunTime:0.000653s ]
INFO: [ app_end ] --START--
INFO: Run Behavior\ShowPageTraceBehavior [ RunTime:0.000706s ]
INFO: [ app_end ] --END-- [ RunTime:0.000930s ]

[ 2017-05-11T23:40:13+08:00 ] 101.226.66.174 /ontheroad/index.php/WeChat/Regist/index.html
INFO: [ app_init ] --START--
INFO: Run Behavior\BuildLiteBehavior [ RunTime:0.000045s ]
INFO: [ app_init ] --END-- [ RunTime:0.000550s ]
INFO: [ app_begin ] --START--
INFO: Run Behavior\ReadHtmlCacheBehavior [ RunTime:0.000579s ]
INFO: [ app_begin ] --END-- [ RunTime:0.000810s ]
NOTIC: [8] A session had already been started - ignoring session_start() C:\wamp\www\ontheroad\ThinkPHP\Common\functions.php 第 1263 行.
NOTIC: [2] include(../lib/WxPay.Api.php) [<a href='function.include'>function.include</a>]: failed to open stream: No such file or directory C:\wamp\www\ontheroad\ThinkPHP\Library\Org\WxPay\WxpayAPIV3\example\WxPay.JsApiPay.php 第 2 行.
NOTIC: [2] include() [<a href='function.include'>function.include</a>]: Failed opening '../lib/WxPay.Api.php' for inclusion (include_path='.;C:\php\pear') C:\wamp\www\ontheroad\ThinkPHP\Library\Org\WxPay\WxpayAPIV3\example\WxPay.JsApiPay.php 第 2 行.
NOTIC: [2] include(../lib/WxPay.Notify.php) [<a href='function.include'>function.include</a>]: failed to open stream: No such file or directory C:\wamp\www\ontheroad\ThinkPHP\Library\Org\WxPay\WxpayAPIV3\example\notify.php 第 9 行.
NOTIC: [2] include() [<a href='function.include'>function.include</a>]: Failed opening '../lib/WxPay.Notify.php' for inclusion (include_path='.;C:\php\pear') C:\wamp\www\ontheroad\ThinkPHP\Library\Org\WxPay\WxpayAPIV3\example\notify.php 第 9 行.

[ 2017-05-11T23:40:14+08:00 ] 117.176.255.252 /ontheroad/index.php/WeChat/Regist/Index.html?code=012PbM1g2W6dTC0QKZ0g2eON1g2PbM1p&state=STATE
INFO: [ app_init ] --START--
INFO: Run Behavior\BuildLiteBehavior [ RunTime:0.000048s ]
INFO: [ app_init ] --END-- [ RunTime:0.000566s ]
INFO: [ app_begin ] --START--
INFO: Run Behavior\ReadHtmlCacheBehavior [ RunTime:0.000587s ]
INFO: [ app_begin ] --END-- [ RunTime:0.000820s ]
NOTIC: [8] A session had already been started - ignoring session_start() C:\wamp\www\ontheroad\ThinkPHP\Common\functions.php 第 1263 行.
NOTIC: [2] include(../lib/WxPay.Api.php) [<a href='function.include'>function.include</a>]: failed to open stream: No such file or directory C:\wamp\www\ontheroad\ThinkPHP\Library\Org\WxPay\WxpayAPIV3\example\WxPay.JsApiPay.php 第 2 行.
NOTIC: [2] include() [<a href='function.include'>function.include</a>]: Failed opening '../lib/WxPay.Api.php' for inclusion (include_path='.;C:\php\pear') C:\wamp\www\ontheroad\ThinkPHP\Library\Org\WxPay\WxpayAPIV3\example\WxPay.JsApiPay.php 第 2 行.
NOTIC: [2] include(../lib/WxPay.Notify.php) [<a href='function.include'>function.include</a>]: failed to open stream: No such file or directory C:\wamp\www\ontheroad\ThinkPHP\Library\Org\WxPay\WxpayAPIV3\example\notify.php 第 9 行.
NOTIC: [2] include() [<a href='function.include'>function.include</a>]: Failed opening '../lib/WxPay.Notify.php' for inclusion (include_path='.;C:\php\pear') C:\wamp\www\ontheroad\ThinkPHP\Library\Org\WxPay\WxpayAPIV3\example\notify.php 第 9 行.
INFO: [ view_parse ] --START--
INFO: [ template_filter ] --START--
INFO: Run Behavior\ContentReplaceBehavior [ RunTime:0.000154s ]
INFO: [ template_filter ] --END-- [ RunTime:0.000399s ]
INFO: Run Behavior\ParseTemplateBehavior [ RunTime:0.010160s ]
INFO: [ view_parse ] --END-- [ RunTime:0.010431s ]
INFO: [ view_filter ] --START--
INFO: Run Behavior\WriteHtmlCacheBehavior [ RunTime:0.000369s ]
INFO: [ view_filter ] --END-- [ RunTime:0.000592s ]
INFO: [ app_end ] --START--
INFO: Run Behavior\ShowPageTraceBehavior [ RunTime:0.000681s ]
INFO: [ app_end ] --END-- [ RunTime:0.000912s ]

[ 2017-05-11T23:40:24+08:00 ] 117.174.95.190 /ontheroad/index.php/WeChat/Regist/Index.html?code=0221IDfg0EMl5B1PINhg0TFzfg01IDfP&state=STATE
INFO: [ app_init ] --START--
INFO: Run Behavior\BuildLiteBehavior [ RunTime:0.000047s ]
INFO: [ app_init ] --END-- [ RunTime:0.000564s ]
INFO: [ app_begin ] --START--
INFO: Run Behavior\ReadHtmlCacheBehavior [ RunTime:0.000615s ]
INFO: [ app_begin ] --END-- [ RunTime:0.000846s ]
NOTIC: [8] A session had already been started - ignoring session_start() C:\wamp\www\ontheroad\ThinkPHP\Common\functions.php 第 1263 行.
NOTIC: [2] include(../lib/WxPay.Api.php) [<a href='function.include'>function.include</a>]: failed to open stream: No such file or directory C:\wamp\www\ontheroad\ThinkPHP\Library\Org\WxPay\WxpayAPIV3\example\WxPay.JsApiPay.php 第 2 行.
NOTIC: [2] include() [<a href='function.include'>function.include</a>]: Failed opening '../lib/WxPay.Api.php' for inclusion (include_path='.;C:\php\pear') C:\wamp\www\ontheroad\ThinkPHP\Library\Org\WxPay\WxpayAPIV3\example\WxPay.JsApiPay.php 第 2 行.
NOTIC: [2] include(../lib/WxPay.Notify.php) [<a href='function.include'>function.include</a>]: failed to open stream: No such file or directory C:\wamp\www\ontheroad\ThinkPHP\Library\Org\WxPay\WxpayAPIV3\example\notify.php 第 9 行.
NOTIC: [2] include() [<a href='function.include'>function.include</a>]: Failed opening '../lib/WxPay.Notify.php' for inclusion (include_path='.;C:\php\pear') C:\wamp\www\ontheroad\ThinkPHP\Library\Org\WxPay\WxpayAPIV3\example\notify.php 第 9 行.
INFO: [ view_parse ] --START--
INFO: [ template_filter ] --START--
INFO: Run Behavior\ContentReplaceBehavior [ RunTime:0.000150s ]
INFO: [ template_filter ] --END-- [ RunTime:0.000396s ]
INFO: Run Behavior\ParseTemplateBehavior [ RunTime:0.009802s ]
INFO: [ view_parse ] --END-- [ RunTime:0.010059s ]
INFO: [ view_filter ] --START--
INFO: Run Behavior\WriteHtmlCacheBehavior [ RunTime:0.000362s ]
INFO: [ view_filter ] --END-- [ RunTime:0.000679s ]
INFO: [ app_end ] --START--
INFO: Run Behavior\ShowPageTraceBehavior [ RunTime:0.000658s ]
INFO: [ app_end ] --END-- [ RunTime:0.000889s ]

[ 2017-05-11T23:40:27+08:00 ] 117.174.95.190 /ontheroad/index.php/WeChat/Index/index.html
INFO: [ app_init ] --START--
INFO: Run Behavior\BuildLiteBehavior [ RunTime:0.000047s ]
INFO: [ app_init ] --END-- [ RunTime:0.000570s ]
INFO: [ app_begin ] --START--
INFO: Run Behavior\ReadHtmlCacheBehavior [ RunTime:0.000742s ]
INFO: [ app_begin ] --END-- [ RunTime:0.000975s ]
NOTIC: [8] A session had already been started - ignoring session_start() C:\wamp\www\ontheroad\ThinkPHP\Common\functions.php 第 1263 行.
NOTIC: [8] Undefined variable: option C:\wamp\www\ontheroad\Application\WeChat\Controller\IndexController.class.php 第 14 行.
SQL: SHOW COLUMNS FROM `d_banner` [ RunTime:0.0381s ]
SQL: SELECT * FROM `d_banner`  [ RunTime:0.0004s ]
INFO: [ view_parse ] --START--
INFO: [ template_filter ] --START--
INFO: Run Behavior\ContentReplaceBehavior [ RunTime:0.000150s ]
INFO: [ template_filter ] --END-- [ RunTime:0.000385s ]
NOTIC: [8] Use of undefined constant index - assumed 'index' C:\wamp\www\ontheroad\Application\Runtime\Cache\WeChat\743d6aeb7cb9b131796a0f1e666d468b.php 第 89 行.
NOTIC: [8] Use of undefined constant order - assumed 'order' C:\wamp\www\ontheroad\Application\Runtime\Cache\WeChat\743d6aeb7cb9b131796a0f1e666d468b.php 第 94 行.
NOTIC: [8] Use of undefined constant around - assumed 'around' C:\wamp\www\ontheroad\Application\Runtime\Cache\WeChat\743d6aeb7cb9b131796a0f1e666d468b.php 第 99 行.
NOTIC: [8] Use of undefined constant myCenter - assumed 'myCenter' C:\wamp\www\ontheroad\Application\Runtime\Cache\WeChat\743d6aeb7cb9b131796a0f1e666d468b.php 第 104 行.
INFO: Run Behavior\ParseTemplateBehavior [ RunTime:0.039532s ]
INFO: [ view_parse ] --END-- [ RunTime:0.039768s ]
INFO: [ view_filter ] --START--
INFO: Run Behavior\WriteHtmlCacheBehavior [ RunTime:0.000392s ]
INFO: [ view_filter ] --END-- [ RunTime:0.000708s ]
INFO: [ app_end ] --START--
INFO: Run Behavior\ShowPageTraceBehavior [ RunTime:0.000663s ]
INFO: [ app_end ] --END-- [ RunTime:0.000889s ]

[ 2017-05-11T23:40:36+08:00 ] 180.163.1.46 /ontheroad/index.php/WeChat/Index/index.html
INFO: [ app_init ] --START--
INFO: Run Behavior\BuildLiteBehavior [ RunTime:0.000050s ]
INFO: [ app_init ] --END-- [ RunTime:0.000643s ]
INFO: [ app_begin ] --START--
INFO: Run Behavior\ReadHtmlCacheBehavior [ RunTime:0.000721s ]
INFO: [ app_begin ] --END-- [ RunTime:0.000957s ]
NOTIC: [8] A session had already been started - ignoring session_start() C:\wamp\www\ontheroad\ThinkPHP\Common\functions.php 第 1263 行.
NOTIC: [8] Undefined variable: option C:\wamp\www\ontheroad\Application\WeChat\Controller\IndexController.class.php 第 14 行.
SQL: SHOW COLUMNS FROM `d_banner` [ RunTime:0.0160s ]
SQL: SELECT * FROM `d_banner`  [ RunTime:0.0004s ]
INFO: [ view_parse ] --START--
INFO: [ template_filter ] --START--
INFO: Run Behavior\ContentReplaceBehavior [ RunTime:0.000148s ]
INFO: [ template_filter ] --END-- [ RunTime:0.000383s ]
NOTIC: [8] Use of undefined constant index - assumed 'index' C:\wamp\www\ontheroad\Application\Runtime\Cache\WeChat\743d6aeb7cb9b131796a0f1e666d468b.php 第 89 行.
NOTIC: [8] Use of undefined constant order - assumed 'order' C:\wamp\www\ontheroad\Application\Runtime\Cache\WeChat\743d6aeb7cb9b131796a0f1e666d468b.php 第 94 行.
NOTIC: [8] Use of undefined constant around - assumed 'around' C:\wamp\www\ontheroad\Application\Runtime\Cache\WeChat\743d6aeb7cb9b131796a0f1e666d468b.php 第 99 行.
NOTIC: [8] Use of undefined constant myCenter - assumed 'myCenter' C:\wamp\www\ontheroad\Application\Runtime\Cache\WeChat\743d6aeb7cb9b131796a0f1e666d468b.php 第 104 行.
INFO: Run Behavior\ParseTemplateBehavior [ RunTime:0.015031s ]
INFO: [ view_parse ] --END-- [ RunTime:0.015273s ]
INFO: [ view_filter ] --START--
INFO: Run Behavior\WriteHtmlCacheBehavior [ RunTime:0.000445s ]
INFO: [ view_filter ] --END-- [ RunTime:0.000712s ]
INFO: [ app_end ] --START--
INFO: Run Behavior\ShowPageTraceBehavior [ RunTime:0.000719s ]
INFO: [ app_end ] --END-- [ RunTime:0.000945s ]

