[ 2017-07-17T01:12:20+08:00 ] 101.226.79.182 /ontheroad/index.php/WeChat/Around/index
INFO: [ app_init ] --START--
INFO: Run Behavior\BuildLiteBehavior [ RunTime:0.000051s ]
INFO: [ app_init ] --END-- [ RunTime:0.001142s ]
INFO: [ app_begin ] --START--
INFO: Run Behavior\ReadHtmlCacheBehavior [ RunTime:0.001890s ]
INFO: [ app_begin ] --END-- [ RunTime:0.002140s ]
NOTIC: [8] A session had already been started - ignoring session_start() C:\wamp\www\ontheroad\ThinkPHP\Common\functions.php 第 1263 行.
SQL: SHOW COLUMNS FROM `d_around_class` [ RunTime:0.0097s ]
SQL: SELECT * FROM `d_around_class` WHERE ( state=1 )  [ RunTime:0.0004s ]
SQL: SHOW COLUMNS FROM `d_around` [ RunTime:0.0704s ]
SQL: SELECT * FROM `d_around` ORDER BY id desc  [ RunTime:0.0005s ]
INFO: [ view_parse ] --START--
INFO: [ template_filter ] --START--
INFO: Run Behavior\ContentReplaceBehavior [ RunTime:0.000149s ]
INFO: [ template_filter ] --END-- [ RunTime:0.000395s ]
NOTIC: [8] Use of undefined constant index - assumed 'index' C:\wamp\www\ontheroad\Application\Runtime\Cache\WeChat\e81ec37e07f617b93f4a1d1b0153ce0d.php 第 79 行.
NOTIC: [8] Use of undefined constant order - assumed 'order' C:\wamp\www\ontheroad\Application\Runtime\Cache\WeChat\e81ec37e07f617b93f4a1d1b0153ce0d.php 第 84 行.
NOTIC: [8] Use of undefined constant around - assumed 'around' C:\wamp\www\ontheroad\Application\Runtime\Cache\WeChat\e81ec37e07f617b93f4a1d1b0153ce0d.php 第 89 行.
NOTIC: [8] Use of undefined constant myCenter - assumed 'myCenter' C:\wamp\www\ontheroad\Application\Runtime\Cache\WeChat\e81ec37e07f617b93f4a1d1b0153ce0d.php 第 94 行.
INFO: Run Behavior\ParseTemplateBehavior [ RunTime:0.091860s ]
INFO: [ view_parse ] --END-- [ RunTime:0.092108s ]
INFO: [ view_filter ] --START--
INFO: Run Behavior\WriteHtmlCacheBehavior [ RunTime:0.001847s ]
INFO: [ view_filter ] --END-- [ RunTime:0.002082s ]
INFO: [ app_end ] --START--
INFO: Run Behavior\ShowPageTraceBehavior [ RunTime:0.002120s ]
INFO: [ app_end ] --END-- [ RunTime:0.002363s ]

