[ 2017-07-06T18:51:47+08:00 ] 101.226.89.121 /ontheroad/index.php/WeChat/Around/index
INFO: [ app_init ] --START--
INFO: Run Behavior\BuildLiteBehavior [ RunTime:0.000049s ]
INFO: [ app_init ] --END-- [ RunTime:0.000682s ]
INFO: [ app_begin ] --START--
INFO: Run Behavior\ReadHtmlCacheBehavior [ RunTime:0.000836s ]
INFO: [ app_begin ] --END-- [ RunTime:0.001082s ]
NOTIC: [8] A session had already been started - ignoring session_start() C:\wamp\www\ontheroad\ThinkPHP\Common\functions.php 第 1263 行.
SQL: SHOW COLUMNS FROM `d_around_class` [ RunTime:0.0252s ]
SQL: SELECT * FROM `d_around_class` WHERE ( state=1 )  [ RunTime:0.0003s ]
SQL: SHOW COLUMNS FROM `d_around` [ RunTime:0.0048s ]
SQL: SELECT * FROM `d_around` ORDER BY id desc  [ RunTime:0.0005s ]
INFO: [ view_parse ] --START--
INFO: [ template_filter ] --START--
INFO: Run Behavior\ContentReplaceBehavior [ RunTime:0.000156s ]
INFO: [ template_filter ] --END-- [ RunTime:0.000414s ]
NOTIC: [8] Use of undefined constant index - assumed 'index' C:\wamp\www\ontheroad\Application\Runtime\Cache\WeChat\e81ec37e07f617b93f4a1d1b0153ce0d.php 第 79 行.
NOTIC: [8] Use of undefined constant order - assumed 'order' C:\wamp\www\ontheroad\Application\Runtime\Cache\WeChat\e81ec37e07f617b93f4a1d1b0153ce0d.php 第 84 行.
NOTIC: [8] Use of undefined constant around - assumed 'around' C:\wamp\www\ontheroad\Application\Runtime\Cache\WeChat\e81ec37e07f617b93f4a1d1b0153ce0d.php 第 89 行.
NOTIC: [8] Use of undefined constant myCenter - assumed 'myCenter' C:\wamp\www\ontheroad\Application\Runtime\Cache\WeChat\e81ec37e07f617b93f4a1d1b0153ce0d.php 第 94 行.
INFO: Run Behavior\ParseTemplateBehavior [ RunTime:0.024324s ]
INFO: [ view_parse ] --END-- [ RunTime:0.024590s ]
INFO: [ view_filter ] --START--
INFO: Run Behavior\WriteHtmlCacheBehavior [ RunTime:0.000584s ]
INFO: [ view_filter ] --END-- [ RunTime:0.000836s ]
INFO: [ app_end ] --START--
INFO: Run Behavior\ShowPageTraceBehavior [ RunTime:0.000823s ]
INFO: [ app_end ] --END-- [ RunTime:0.001073s ]

[ 2017-07-06T18:51:47+08:00 ] 101.226.65.102 /ontheroad/index.php/WeChat/Around/index
INFO: [ app_init ] --START--
INFO: Run Behavior\BuildLiteBehavior [ RunTime:0.000059s ]
INFO: [ app_init ] --END-- [ RunTime:0.000699s ]
INFO: [ app_begin ] --START--
INFO: Run Behavior\ReadHtmlCacheBehavior [ RunTime:0.000907s ]
INFO: [ app_begin ] --END-- [ RunTime:0.001159s ]
NOTIC: [8] A session had already been started - ignoring session_start() C:\wamp\www\ontheroad\ThinkPHP\Common\functions.php 第 1263 行.
SQL: SHOW COLUMNS FROM `d_around_class` [ RunTime:0.0222s ]
SQL: SELECT * FROM `d_around_class` WHERE ( state=1 )  [ RunTime:0.0004s ]
SQL: SHOW COLUMNS FROM `d_around` [ RunTime:0.0052s ]
SQL: SELECT * FROM `d_around` ORDER BY id desc  [ RunTime:0.0004s ]
INFO: [ view_parse ] --START--
INFO: [ template_filter ] --START--
INFO: Run Behavior\ContentReplaceBehavior [ RunTime:0.000152s ]
INFO: [ template_filter ] --END-- [ RunTime:0.000398s ]
NOTIC: [8] Use of undefined constant index - assumed 'index' C:\wamp\www\ontheroad\Application\Runtime\Cache\WeChat\e81ec37e07f617b93f4a1d1b0153ce0d.php 第 79 行.
NOTIC: [8] Use of undefined constant order - assumed 'order' C:\wamp\www\ontheroad\Application\Runtime\Cache\WeChat\e81ec37e07f617b93f4a1d1b0153ce0d.php 第 84 行.
NOTIC: [8] Use of undefined constant around - assumed 'around' C:\wamp\www\ontheroad\Application\Runtime\Cache\WeChat\e81ec37e07f617b93f4a1d1b0153ce0d.php 第 89 行.
NOTIC: [8] Use of undefined constant myCenter - assumed 'myCenter' C:\wamp\www\ontheroad\Application\Runtime\Cache\WeChat\e81ec37e07f617b93f4a1d1b0153ce0d.php 第 94 行.
INFO: Run Behavior\ParseTemplateBehavior [ RunTime:0.024791s ]
INFO: [ view_parse ] --END-- [ RunTime:0.025042s ]
INFO: [ view_filter ] --START--
INFO: Run Behavior\WriteHtmlCacheBehavior [ RunTime:0.000667s ]
INFO: [ view_filter ] --END-- [ RunTime:0.000932s ]
INFO: [ app_end ] --START--
INFO: Run Behavior\ShowPageTraceBehavior [ RunTime:0.000925s ]
INFO: [ app_end ] --END-- [ RunTime:0.001192s ]

[ 2017-07-06T18:51:47+08:00 ] 101.226.33.218 /ontheroad/index.php/WeChat/Around/index
INFO: [ app_init ] --START--
INFO: Run Behavior\BuildLiteBehavior [ RunTime:0.000046s ]
INFO: [ app_init ] --END-- [ RunTime:0.000642s ]
INFO: [ app_begin ] --START--
INFO: Run Behavior\ReadHtmlCacheBehavior [ RunTime:0.000723s ]
INFO: [ app_begin ] --END-- [ RunTime:0.000961s ]
NOTIC: [8] A session had already been started - ignoring session_start() C:\wamp\www\ontheroad\ThinkPHP\Common\functions.php 第 1263 行.
SQL: SHOW COLUMNS FROM `d_around_class` [ RunTime:0.0019s ]
SQL: SELECT * FROM `d_around_class` WHERE ( state=1 )  [ RunTime:0.0003s ]
SQL: SHOW COLUMNS FROM `d_around` [ RunTime:0.0018s ]
SQL: SELECT * FROM `d_around` ORDER BY id desc  [ RunTime:0.0004s ]
INFO: [ view_parse ] --START--
INFO: [ template_filter ] --START--
INFO: Run Behavior\ContentReplaceBehavior [ RunTime:0.000149s ]
INFO: [ template_filter ] --END-- [ RunTime:0.000391s ]
NOTIC: [8] Use of undefined constant index - assumed 'index' C:\wamp\www\ontheroad\Application\Runtime\Cache\WeChat\e81ec37e07f617b93f4a1d1b0153ce0d.php 第 79 行.
NOTIC: [8] Use of undefined constant order - assumed 'order' C:\wamp\www\ontheroad\Application\Runtime\Cache\WeChat\e81ec37e07f617b93f4a1d1b0153ce0d.php 第 84 行.
NOTIC: [8] Use of undefined constant around - assumed 'around' C:\wamp\www\ontheroad\Application\Runtime\Cache\WeChat\e81ec37e07f617b93f4a1d1b0153ce0d.php 第 89 行.
NOTIC: [8] Use of undefined constant myCenter - assumed 'myCenter' C:\wamp\www\ontheroad\Application\Runtime\Cache\WeChat\e81ec37e07f617b93f4a1d1b0153ce0d.php 第 94 行.
INFO: Run Behavior\ParseTemplateBehavior [ RunTime:0.021776s ]
INFO: [ view_parse ] --END-- [ RunTime:0.022015s ]
INFO: [ view_filter ] --START--
INFO: Run Behavior\WriteHtmlCacheBehavior [ RunTime:0.000450s ]
INFO: [ view_filter ] --END-- [ RunTime:0.000672s ]
INFO: [ app_end ] --START--
INFO: Run Behavior\ShowPageTraceBehavior [ RunTime:0.000706s ]
INFO: [ app_end ] --END-- [ RunTime:0.000936s ]

