[ 2017-07-31T19:47:15+08:00 ] 112.26.129.129 /ontheroad/
INFO: [ app_init ] --START--
INFO: Run Behavior\BuildLiteBehavior [ RunTime:0.000049s ]
INFO: [ app_init ] --END-- [ RunTime:0.000935s ]
INFO: [ app_begin ] --START--
INFO: Run Behavior\ReadHtmlCacheBehavior [ RunTime:0.002027s ]
INFO: [ app_begin ] --END-- [ RunTime:0.002270s ]
NOTIC: [8] A session had already been started - ignoring session_start() C:\wamp\www\ontheroad\ThinkPHP\Common\functions.php 第 1263 行.
INFO: [ view_parse ] --START--
INFO: Run Behavior\ParseTemplateBehavior [ RunTime:0.001976s ]
INFO: [ view_parse ] --END-- [ RunTime:0.002245s ]
INFO: [ view_filter ] --START--
INFO: Run Behavior\WriteHtmlCacheBehavior [ RunTime:0.001592s ]
INFO: [ view_filter ] --END-- [ RunTime:0.001825s ]
INFO: [ app_end ] --START--
INFO: Run Behavior\ShowPageTraceBehavior [ RunTime:0.002124s ]
INFO: [ app_end ] --END-- [ RunTime:0.002356s ]

[ 2017-07-31T19:47:15+08:00 ] 112.26.129.129 /ontheroad/
INFO: [ app_init ] --START--
INFO: Run Behavior\BuildLiteBehavior [ RunTime:0.000048s ]
INFO: [ app_init ] --END-- [ RunTime:0.000667s ]
INFO: [ app_begin ] --START--
INFO: Run Behavior\ReadHtmlCacheBehavior [ RunTime:0.000766s ]
INFO: [ app_begin ] --END-- [ RunTime:0.001009s ]
NOTIC: [8] A session had already been started - ignoring session_start() C:\wamp\www\ontheroad\ThinkPHP\Common\functions.php 第 1263 行.
INFO: [ view_parse ] --START--
INFO: Run Behavior\ParseTemplateBehavior [ RunTime:0.000632s ]
INFO: [ view_parse ] --END-- [ RunTime:0.000886s ]
INFO: [ view_filter ] --START--
INFO: Run Behavior\WriteHtmlCacheBehavior [ RunTime:0.000489s ]
INFO: [ view_filter ] --END-- [ RunTime:0.000720s ]
INFO: [ app_end ] --START--
INFO: Run Behavior\ShowPageTraceBehavior [ RunTime:0.000787s ]
INFO: [ app_end ] --END-- [ RunTime:0.001021s ]

