[ 2017-05-07T18:12:18+08:00 ] 117.174.86.210 /ontheroad/index.php/API/WxPay/index
INFO: [ app_init ] --START--
INFO: Run Behavior\BuildLiteBehavior [ RunTime:0.000048s ]
INFO: [ app_init ] --END-- [ RunTime:0.000626s ]
INFO: [ app_begin ] --START--
INFO: Run Behavior\ReadHtmlCacheBehavior [ RunTime:0.000859s ]
INFO: [ app_begin ] --END-- [ RunTime:0.001097s ]
NOTIC: [8] A session had already been started - ignoring session_start() C:\wamp\www\ontheroad\ThinkPHP\Common\functions.php 第 1263 行.
NOTIC: [2] include(../lib/WxPay.Api.php) [<a href='function.include'>function.include</a>]: failed to open stream: No such file or directory C:\wamp\www\ontheroad\ThinkPHP\Library\Org\WxPay\WxpayAPIV3\example\WxPay.JsApiPay.php 第 2 行.
NOTIC: [2] include() [<a href='function.include'>function.include</a>]: Failed opening '../lib/WxPay.Api.php' for inclusion (include_path='.;C:\php\pear') C:\wamp\www\ontheroad\ThinkPHP\Library\Org\WxPay\WxpayAPIV3\example\WxPay.JsApiPay.php 第 2 行.
NOTIC: [2] include(../lib/WxPay.Notify.php) [<a href='function.include'>function.include</a>]: failed to open stream: No such file or directory C:\wamp\www\ontheroad\ThinkPHP\Library\Org\WxPay\WxpayAPIV3\example\notify.php 第 9 行.
NOTIC: [2] include() [<a href='function.include'>function.include</a>]: Failed opening '../lib/WxPay.Notify.php' for inclusion (include_path='.;C:\php\pear') C:\wamp\www\ontheroad\ThinkPHP\Library\Org\WxPay\WxpayAPIV3\example\notify.php 第 9 行.

[ 2017-05-07T18:12:19+08:00 ] 117.174.86.210 /ontheroad/index.php/API/WxPay/index?code=081CmisY1ockIV08OJqY1mqpsY1Cmisl&state=STATE
INFO: [ app_init ] --START--
INFO: Run Behavior\BuildLiteBehavior [ RunTime:0.000048s ]
INFO: [ app_init ] --END-- [ RunTime:0.000952s ]
INFO: [ app_begin ] --START--
INFO: Run Behavior\ReadHtmlCacheBehavior [ RunTime:0.000825s ]
INFO: [ app_begin ] --END-- [ RunTime:0.001065s ]
NOTIC: [8] A session had already been started - ignoring session_start() C:\wamp\www\ontheroad\ThinkPHP\Common\functions.php 第 1263 行.
NOTIC: [2] include(../lib/WxPay.Api.php) [<a href='function.include'>function.include</a>]: failed to open stream: No such file or directory C:\wamp\www\ontheroad\ThinkPHP\Library\Org\WxPay\WxpayAPIV3\example\WxPay.JsApiPay.php 第 2 行.
NOTIC: [2] include() [<a href='function.include'>function.include</a>]: Failed opening '../lib/WxPay.Api.php' for inclusion (include_path='.;C:\php\pear') C:\wamp\www\ontheroad\ThinkPHP\Library\Org\WxPay\WxpayAPIV3\example\WxPay.JsApiPay.php 第 2 行.
NOTIC: [2] include(../lib/WxPay.Notify.php) [<a href='function.include'>function.include</a>]: failed to open stream: No such file or directory C:\wamp\www\ontheroad\ThinkPHP\Library\Org\WxPay\WxpayAPIV3\example\notify.php 第 9 行.
NOTIC: [2] include() [<a href='function.include'>function.include</a>]: Failed opening '../lib/WxPay.Notify.php' for inclusion (include_path='.;C:\php\pear') C:\wamp\www\ontheroad\ThinkPHP\Library\Org\WxPay\WxpayAPIV3\example\notify.php 第 9 行.
NOTIC: [8] Use of undefined constant CURL_SSLVERSION_TLSv1 - assumed 'CURL_SSLVERSION_TLSv1' C:\wamp\www\ontheroad\ThinkPHP\Library\Org\WxPay\WxpayAPIV3\lib\WxPay.Api.php 第 538 行.
INFO: [ view_parse ] --START--
INFO: [ template_filter ] --START--
INFO: Run Behavior\ContentReplaceBehavior [ RunTime:0.000150s ]
INFO: [ template_filter ] --END-- [ RunTime:0.000393s ]
INFO: Run Behavior\ParseTemplateBehavior [ RunTime:0.009987s ]
INFO: [ view_parse ] --END-- [ RunTime:0.010250s ]
INFO: [ view_filter ] --START--
INFO: Run Behavior\WriteHtmlCacheBehavior [ RunTime:0.000591s ]
INFO: [ view_filter ] --END-- [ RunTime:0.000821s ]
INFO: [ app_end ] --START--
INFO: Run Behavior\ShowPageTraceBehavior [ RunTime:0.000878s ]
INFO: [ app_end ] --END-- [ RunTime:0.001105s ]

[ 2017-05-07T18:12:28+08:00 ] 101.226.89.121 /ontheroad/index.php/API/WxPay/index
INFO: [ app_init ] --START--
INFO: Run Behavior\BuildLiteBehavior [ RunTime:0.000048s ]
INFO: [ app_init ] --END-- [ RunTime:0.000624s ]
INFO: [ app_begin ] --START--
INFO: Run Behavior\ReadHtmlCacheBehavior [ RunTime:0.000776s ]
INFO: [ app_begin ] --END-- [ RunTime:0.001010s ]
NOTIC: [8] A session had already been started - ignoring session_start() C:\wamp\www\ontheroad\ThinkPHP\Common\functions.php 第 1263 行.
NOTIC: [2] include(../lib/WxPay.Api.php) [<a href='function.include'>function.include</a>]: failed to open stream: No such file or directory C:\wamp\www\ontheroad\ThinkPHP\Library\Org\WxPay\WxpayAPIV3\example\WxPay.JsApiPay.php 第 2 行.
NOTIC: [2] include() [<a href='function.include'>function.include</a>]: Failed opening '../lib/WxPay.Api.php' for inclusion (include_path='.;C:\php\pear') C:\wamp\www\ontheroad\ThinkPHP\Library\Org\WxPay\WxpayAPIV3\example\WxPay.JsApiPay.php 第 2 行.
NOTIC: [2] include(../lib/WxPay.Notify.php) [<a href='function.include'>function.include</a>]: failed to open stream: No such file or directory C:\wamp\www\ontheroad\ThinkPHP\Library\Org\WxPay\WxpayAPIV3\example\notify.php 第 9 行.
NOTIC: [2] include() [<a href='function.include'>function.include</a>]: Failed opening '../lib/WxPay.Notify.php' for inclusion (include_path='.;C:\php\pear') C:\wamp\www\ontheroad\ThinkPHP\Library\Org\WxPay\WxpayAPIV3\example\notify.php 第 9 行.

[ 2017-05-07T18:40:51+08:00 ] 117.174.86.210 /ontheroad/index.php/API/WxPay/
INFO: [ app_init ] --START--
INFO: Run Behavior\BuildLiteBehavior [ RunTime:0.000048s ]
INFO: [ app_init ] --END-- [ RunTime:0.000633s ]
INFO: [ app_begin ] --START--
INFO: Run Behavior\ReadHtmlCacheBehavior [ RunTime:0.000856s ]
INFO: [ app_begin ] --END-- [ RunTime:0.001093s ]
NOTIC: [8] A session had already been started - ignoring session_start() C:\wamp\www\ontheroad\ThinkPHP\Common\functions.php 第 1263 行.
NOTIC: [2] include(../lib/WxPay.Api.php) [<a href='function.include'>function.include</a>]: failed to open stream: No such file or directory C:\wamp\www\ontheroad\ThinkPHP\Library\Org\WxPay\WxpayAPIV3\example\WxPay.JsApiPay.php 第 2 行.
NOTIC: [2] include() [<a href='function.include'>function.include</a>]: Failed opening '../lib/WxPay.Api.php' for inclusion (include_path='.;C:\php\pear') C:\wamp\www\ontheroad\ThinkPHP\Library\Org\WxPay\WxpayAPIV3\example\WxPay.JsApiPay.php 第 2 行.
NOTIC: [2] include(../lib/WxPay.Notify.php) [<a href='function.include'>function.include</a>]: failed to open stream: No such file or directory C:\wamp\www\ontheroad\ThinkPHP\Library\Org\WxPay\WxpayAPIV3\example\notify.php 第 9 行.
NOTIC: [2] include() [<a href='function.include'>function.include</a>]: Failed opening '../lib/WxPay.Notify.php' for inclusion (include_path='.;C:\php\pear') C:\wamp\www\ontheroad\ThinkPHP\Library\Org\WxPay\WxpayAPIV3\example\notify.php 第 9 行.

[ 2017-05-07T18:40:51+08:00 ] 117.174.86.210 /ontheroad/index.php/API/WxPay/?code=061zObhA1KPgBh0AHtgA1Y1jhA1zObhx&state=STATE
INFO: [ app_init ] --START--
INFO: Run Behavior\BuildLiteBehavior [ RunTime:0.000048s ]
INFO: [ app_init ] --END-- [ RunTime:0.000628s ]
INFO: [ app_begin ] --START--
INFO: Run Behavior\ReadHtmlCacheBehavior [ RunTime:0.000825s ]
INFO: [ app_begin ] --END-- [ RunTime:0.001064s ]
NOTIC: [8] A session had already been started - ignoring session_start() C:\wamp\www\ontheroad\ThinkPHP\Common\functions.php 第 1263 行.
NOTIC: [2] include(../lib/WxPay.Api.php) [<a href='function.include'>function.include</a>]: failed to open stream: No such file or directory C:\wamp\www\ontheroad\ThinkPHP\Library\Org\WxPay\WxpayAPIV3\example\WxPay.JsApiPay.php 第 2 行.
NOTIC: [2] include() [<a href='function.include'>function.include</a>]: Failed opening '../lib/WxPay.Api.php' for inclusion (include_path='.;C:\php\pear') C:\wamp\www\ontheroad\ThinkPHP\Library\Org\WxPay\WxpayAPIV3\example\WxPay.JsApiPay.php 第 2 行.
NOTIC: [2] include(../lib/WxPay.Notify.php) [<a href='function.include'>function.include</a>]: failed to open stream: No such file or directory C:\wamp\www\ontheroad\ThinkPHP\Library\Org\WxPay\WxpayAPIV3\example\notify.php 第 9 行.
NOTIC: [2] include() [<a href='function.include'>function.include</a>]: Failed opening '../lib/WxPay.Notify.php' for inclusion (include_path='.;C:\php\pear') C:\wamp\www\ontheroad\ThinkPHP\Library\Org\WxPay\WxpayAPIV3\example\notify.php 第 9 行.
NOTIC: [8] Use of undefined constant CURL_SSLVERSION_TLSv1 - assumed 'CURL_SSLVERSION_TLSv1' C:\wamp\www\ontheroad\ThinkPHP\Library\Org\WxPay\WxpayAPIV3\lib\WxPay.Api.php 第 538 行.
INFO: [ view_parse ] --START--
INFO: [ template_filter ] --START--
INFO: Run Behavior\ContentReplaceBehavior [ RunTime:0.000152s ]
INFO: [ template_filter ] --END-- [ RunTime:0.000391s ]
INFO: Run Behavior\ParseTemplateBehavior [ RunTime:0.009638s ]
INFO: [ view_parse ] --END-- [ RunTime:0.009883s ]
INFO: [ view_filter ] --START--
INFO: Run Behavior\WriteHtmlCacheBehavior [ RunTime:0.000587s ]
INFO: [ view_filter ] --END-- [ RunTime:0.000816s ]
INFO: [ app_end ] --START--
INFO: Run Behavior\ShowPageTraceBehavior [ RunTime:0.000870s ]
INFO: [ app_end ] --END-- [ RunTime:0.001099s ]

[ 2017-05-07T18:41:00+08:00 ] 180.153.205.254 /ontheroad/index.php/API/WxPay
INFO: [ app_init ] --START--
INFO: Run Behavior\BuildLiteBehavior [ RunTime:0.000048s ]
INFO: [ app_init ] --END-- [ RunTime:0.000673s ]
INFO: [ app_begin ] --START--
INFO: Run Behavior\ReadHtmlCacheBehavior [ RunTime:0.000787s ]
INFO: [ app_begin ] --END-- [ RunTime:0.001047s ]
NOTIC: [8] A session had already been started - ignoring session_start() C:\wamp\www\ontheroad\ThinkPHP\Common\functions.php 第 1263 行.
NOTIC: [2] include(../lib/WxPay.Api.php) [<a href='function.include'>function.include</a>]: failed to open stream: No such file or directory C:\wamp\www\ontheroad\ThinkPHP\Library\Org\WxPay\WxpayAPIV3\example\WxPay.JsApiPay.php 第 2 行.
NOTIC: [2] include() [<a href='function.include'>function.include</a>]: Failed opening '../lib/WxPay.Api.php' for inclusion (include_path='.;C:\php\pear') C:\wamp\www\ontheroad\ThinkPHP\Library\Org\WxPay\WxpayAPIV3\example\WxPay.JsApiPay.php 第 2 行.
NOTIC: [2] include(../lib/WxPay.Notify.php) [<a href='function.include'>function.include</a>]: failed to open stream: No such file or directory C:\wamp\www\ontheroad\ThinkPHP\Library\Org\WxPay\WxpayAPIV3\example\notify.php 第 9 行.
NOTIC: [2] include() [<a href='function.include'>function.include</a>]: Failed opening '../lib/WxPay.Notify.php' for inclusion (include_path='.;C:\php\pear') C:\wamp\www\ontheroad\ThinkPHP\Library\Org\WxPay\WxpayAPIV3\example\notify.php 第 9 行.

[ 2017-05-07T18:41:03+08:00 ] 117.176.255.160 /ontheroad/index.php/API/WxPay/index
INFO: [ app_init ] --START--
INFO: Run Behavior\BuildLiteBehavior [ RunTime:0.000047s ]
INFO: [ app_init ] --END-- [ RunTime:0.000626s ]
INFO: [ app_begin ] --START--
INFO: Run Behavior\ReadHtmlCacheBehavior [ RunTime:0.000825s ]
INFO: [ app_begin ] --END-- [ RunTime:0.001064s ]
NOTIC: [8] A session had already been started - ignoring session_start() C:\wamp\www\ontheroad\ThinkPHP\Common\functions.php 第 1263 行.
NOTIC: [2] include(../lib/WxPay.Api.php) [<a href='function.include'>function.include</a>]: failed to open stream: No such file or directory C:\wamp\www\ontheroad\ThinkPHP\Library\Org\WxPay\WxpayAPIV3\example\WxPay.JsApiPay.php 第 2 行.
NOTIC: [2] include() [<a href='function.include'>function.include</a>]: Failed opening '../lib/WxPay.Api.php' for inclusion (include_path='.;C:\php\pear') C:\wamp\www\ontheroad\ThinkPHP\Library\Org\WxPay\WxpayAPIV3\example\WxPay.JsApiPay.php 第 2 行.
NOTIC: [2] include(../lib/WxPay.Notify.php) [<a href='function.include'>function.include</a>]: failed to open stream: No such file or directory C:\wamp\www\ontheroad\ThinkPHP\Library\Org\WxPay\WxpayAPIV3\example\notify.php 第 9 行.
NOTIC: [2] include() [<a href='function.include'>function.include</a>]: Failed opening '../lib/WxPay.Notify.php' for inclusion (include_path='.;C:\php\pear') C:\wamp\www\ontheroad\ThinkPHP\Library\Org\WxPay\WxpayAPIV3\example\notify.php 第 9 行.

[ 2017-05-07T18:41:04+08:00 ] 117.176.255.160 /ontheroad/index.php/API/WxPay/index?code=021QKyta0Gz94t1jRXsa0JPJta0QKyt-&state=STATE
INFO: [ app_init ] --START--
INFO: Run Behavior\BuildLiteBehavior [ RunTime:0.000047s ]
INFO: [ app_init ] --END-- [ RunTime:0.000653s ]
INFO: [ app_begin ] --START--
INFO: Run Behavior\ReadHtmlCacheBehavior [ RunTime:0.000833s ]
INFO: [ app_begin ] --END-- [ RunTime:0.001109s ]
NOTIC: [8] A session had already been started - ignoring session_start() C:\wamp\www\ontheroad\ThinkPHP\Common\functions.php 第 1263 行.
NOTIC: [2] include(../lib/WxPay.Api.php) [<a href='function.include'>function.include</a>]: failed to open stream: No such file or directory C:\wamp\www\ontheroad\ThinkPHP\Library\Org\WxPay\WxpayAPIV3\example\WxPay.JsApiPay.php 第 2 行.
NOTIC: [2] include() [<a href='function.include'>function.include</a>]: Failed opening '../lib/WxPay.Api.php' for inclusion (include_path='.;C:\php\pear') C:\wamp\www\ontheroad\ThinkPHP\Library\Org\WxPay\WxpayAPIV3\example\WxPay.JsApiPay.php 第 2 行.
NOTIC: [2] include(../lib/WxPay.Notify.php) [<a href='function.include'>function.include</a>]: failed to open stream: No such file or directory C:\wamp\www\ontheroad\ThinkPHP\Library\Org\WxPay\WxpayAPIV3\example\notify.php 第 9 行.
NOTIC: [2] include() [<a href='function.include'>function.include</a>]: Failed opening '../lib/WxPay.Notify.php' for inclusion (include_path='.;C:\php\pear') C:\wamp\www\ontheroad\ThinkPHP\Library\Org\WxPay\WxpayAPIV3\example\notify.php 第 9 行.
NOTIC: [8] Use of undefined constant CURL_SSLVERSION_TLSv1 - assumed 'CURL_SSLVERSION_TLSv1' C:\wamp\www\ontheroad\ThinkPHP\Library\Org\WxPay\WxpayAPIV3\lib\WxPay.Api.php 第 538 行.
INFO: [ view_parse ] --START--
INFO: [ template_filter ] --START--
INFO: Run Behavior\ContentReplaceBehavior [ RunTime:0.000149s ]
INFO: [ template_filter ] --END-- [ RunTime:0.000390s ]
INFO: Run Behavior\ParseTemplateBehavior [ RunTime:0.009635s ]
INFO: [ view_parse ] --END-- [ RunTime:0.009920s ]
INFO: [ view_filter ] --START--
INFO: Run Behavior\WriteHtmlCacheBehavior [ RunTime:0.000587s ]
INFO: [ view_filter ] --END-- [ RunTime:0.000815s ]
INFO: [ app_end ] --START--
INFO: Run Behavior\ShowPageTraceBehavior [ RunTime:0.000924s ]
INFO: [ app_end ] --END-- [ RunTime:0.001155s ]

[ 2017-05-07T23:00:15+08:00 ] 117.176.255.160 /ontheroad/index.php/API/WxPay/we/
INFO: [ app_init ] --START--
INFO: Run Behavior\BuildLiteBehavior [ RunTime:0.000048s ]
INFO: [ app_init ] --END-- [ RunTime:0.000657s ]
INFO: [ app_begin ] --START--
INFO: Run Behavior\ReadHtmlCacheBehavior [ RunTime:0.000846s ]
INFO: [ app_begin ] --END-- [ RunTime:0.001082s ]
NOTIC: [8] A session had already been started - ignoring session_start() C:\wamp\www\ontheroad\ThinkPHP\Common\functions.php 第 1263 行.
ERR: 非法操作:we

[ 2017-05-07T23:44:46+08:00 ] 140.207.54.76 /ontheroad/index.php/API/WxPay/notify
INFO: [ app_init ] --START--
INFO: Run Behavior\BuildLiteBehavior [ RunTime:0.000052s ]
INFO: [ app_init ] --END-- [ RunTime:0.000900s ]
INFO: [ app_begin ] --START--
INFO: Run Behavior\ReadHtmlCacheBehavior [ RunTime:0.001904s ]
INFO: [ app_begin ] --END-- [ RunTime:0.002138s ]
NOTIC: [8] A session had already been started - ignoring session_start() C:\wamp\www\ontheroad\ThinkPHP\Common\functions.php 第 1263 行.
INFO: WxPay notify start
NOTIC: [2] include(../lib/WxPay.Api.php) [<a href='function.include'>function.include</a>]: failed to open stream: No such file or directory C:\wamp\www\ontheroad\ThinkPHP\Library\Org\WxPay\WxpayAPIV3\example\WxPay.JsApiPay.php 第 2 行.
NOTIC: [2] include() [<a href='function.include'>function.include</a>]: Failed opening '../lib/WxPay.Api.php' for inclusion (include_path='.;C:\php\pear') C:\wamp\www\ontheroad\ThinkPHP\Library\Org\WxPay\WxpayAPIV3\example\WxPay.JsApiPay.php 第 2 行.
NOTIC: [2] include(../lib/WxPay.Notify.php) [<a href='function.include'>function.include</a>]: failed to open stream: No such file or directory C:\wamp\www\ontheroad\ThinkPHP\Library\Org\WxPay\WxpayAPIV3\example\notify.php 第 9 行.
NOTIC: [2] include() [<a href='function.include'>function.include</a>]: Failed opening '../lib/WxPay.Notify.php' for inclusion (include_path='.;C:\php\pear') C:\wamp\www\ontheroad\ThinkPHP\Library\Org\WxPay\WxpayAPIV3\example\notify.php 第 9 行.
INFO: WxPay notify end
INFO: [ app_end ] --START--
INFO: Run Behavior\ShowPageTraceBehavior [ RunTime:0.001850s ]
INFO: [ app_end ] --END-- [ RunTime:0.002080s ]

[ 2017-05-07T23:45:02+08:00 ] 140.207.54.74 /ontheroad/index.php/API/WxPay/notify
INFO: [ app_init ] --START--
INFO: Run Behavior\BuildLiteBehavior [ RunTime:0.000056s ]
INFO: [ app_init ] --END-- [ RunTime:0.000773s ]
INFO: [ app_begin ] --START--
INFO: Run Behavior\ReadHtmlCacheBehavior [ RunTime:0.000806s ]
INFO: [ app_begin ] --END-- [ RunTime:0.001043s ]
NOTIC: [8] A session had already been started - ignoring session_start() C:\wamp\www\ontheroad\ThinkPHP\Common\functions.php 第 1263 行.
INFO: WxPay notify start
NOTIC: [2] include(../lib/WxPay.Api.php) [<a href='function.include'>function.include</a>]: failed to open stream: No such file or directory C:\wamp\www\ontheroad\ThinkPHP\Library\Org\WxPay\WxpayAPIV3\example\WxPay.JsApiPay.php 第 2 行.
NOTIC: [2] include() [<a href='function.include'>function.include</a>]: Failed opening '../lib/WxPay.Api.php' for inclusion (include_path='.;C:\php\pear') C:\wamp\www\ontheroad\ThinkPHP\Library\Org\WxPay\WxpayAPIV3\example\WxPay.JsApiPay.php 第 2 行.
NOTIC: [2] include(../lib/WxPay.Notify.php) [<a href='function.include'>function.include</a>]: failed to open stream: No such file or directory C:\wamp\www\ontheroad\ThinkPHP\Library\Org\WxPay\WxpayAPIV3\example\notify.php 第 9 行.
NOTIC: [2] include() [<a href='function.include'>function.include</a>]: Failed opening '../lib/WxPay.Notify.php' for inclusion (include_path='.;C:\php\pear') C:\wamp\www\ontheroad\ThinkPHP\Library\Org\WxPay\WxpayAPIV3\example\notify.php 第 9 行.
INFO: WxPay notify end
INFO: [ app_end ] --START--
INFO: Run Behavior\ShowPageTraceBehavior [ RunTime:0.000720s ]
INFO: [ app_end ] --END-- [ RunTime:0.000972s ]

[ 2017-05-07T23:45:19+08:00 ] 140.207.54.74 /ontheroad/index.php/API/WxPay/notify
INFO: [ app_init ] --START--
INFO: Run Behavior\BuildLiteBehavior [ RunTime:0.000048s ]
INFO: [ app_init ] --END-- [ RunTime:0.000648s ]
INFO: [ app_begin ] --START--
INFO: Run Behavior\ReadHtmlCacheBehavior [ RunTime:0.000763s ]
INFO: [ app_begin ] --END-- [ RunTime:0.001019s ]
NOTIC: [8] A session had already been started - ignoring session_start() C:\wamp\www\ontheroad\ThinkPHP\Common\functions.php 第 1263 行.
INFO: WxPay notify start
NOTIC: [2] include(../lib/WxPay.Api.php) [<a href='function.include'>function.include</a>]: failed to open stream: No such file or directory C:\wamp\www\ontheroad\ThinkPHP\Library\Org\WxPay\WxpayAPIV3\example\WxPay.JsApiPay.php 第 2 行.
NOTIC: [2] include() [<a href='function.include'>function.include</a>]: Failed opening '../lib/WxPay.Api.php' for inclusion (include_path='.;C:\php\pear') C:\wamp\www\ontheroad\ThinkPHP\Library\Org\WxPay\WxpayAPIV3\example\WxPay.JsApiPay.php 第 2 行.
NOTIC: [2] include(../lib/WxPay.Notify.php) [<a href='function.include'>function.include</a>]: failed to open stream: No such file or directory C:\wamp\www\ontheroad\ThinkPHP\Library\Org\WxPay\WxpayAPIV3\example\notify.php 第 9 行.
NOTIC: [2] include() [<a href='function.include'>function.include</a>]: Failed opening '../lib/WxPay.Notify.php' for inclusion (include_path='.;C:\php\pear') C:\wamp\www\ontheroad\ThinkPHP\Library\Org\WxPay\WxpayAPIV3\example\notify.php 第 9 行.
INFO: WxPay notify end
INFO: [ app_end ] --START--
INFO: Run Behavior\ShowPageTraceBehavior [ RunTime:0.000773s ]
INFO: [ app_end ] --END-- [ RunTime:0.001009s ]

[ 2017-05-07T23:45:52+08:00 ] 140.207.54.75 /ontheroad/index.php/API/WxPay/notify
INFO: [ app_init ] --START--
INFO: Run Behavior\BuildLiteBehavior [ RunTime:0.000048s ]
INFO: [ app_init ] --END-- [ RunTime:0.000657s ]
INFO: [ app_begin ] --START--
INFO: Run Behavior\ReadHtmlCacheBehavior [ RunTime:0.000740s ]
INFO: [ app_begin ] --END-- [ RunTime:0.000976s ]
NOTIC: [8] A session had already been started - ignoring session_start() C:\wamp\www\ontheroad\ThinkPHP\Common\functions.php 第 1263 行.
INFO: WxPay notify start
NOTIC: [2] include(../lib/WxPay.Api.php) [<a href='function.include'>function.include</a>]: failed to open stream: No such file or directory C:\wamp\www\ontheroad\ThinkPHP\Library\Org\WxPay\WxpayAPIV3\example\WxPay.JsApiPay.php 第 2 行.
NOTIC: [2] include() [<a href='function.include'>function.include</a>]: Failed opening '../lib/WxPay.Api.php' for inclusion (include_path='.;C:\php\pear') C:\wamp\www\ontheroad\ThinkPHP\Library\Org\WxPay\WxpayAPIV3\example\WxPay.JsApiPay.php 第 2 行.
NOTIC: [2] include(../lib/WxPay.Notify.php) [<a href='function.include'>function.include</a>]: failed to open stream: No such file or directory C:\wamp\www\ontheroad\ThinkPHP\Library\Org\WxPay\WxpayAPIV3\example\notify.php 第 9 行.
NOTIC: [2] include() [<a href='function.include'>function.include</a>]: Failed opening '../lib/WxPay.Notify.php' for inclusion (include_path='.;C:\php\pear') C:\wamp\www\ontheroad\ThinkPHP\Library\Org\WxPay\WxpayAPIV3\example\notify.php 第 9 行.
INFO: WxPay notify end
INFO: [ app_end ] --START--
INFO: Run Behavior\ShowPageTraceBehavior [ RunTime:0.000803s ]
INFO: [ app_end ] --END-- [ RunTime:0.001052s ]

[ 2017-05-07T23:48:54+08:00 ] 140.207.54.76 /ontheroad/index.php/API/WxPay/notify
INFO: [ app_init ] --START--
INFO: Run Behavior\BuildLiteBehavior [ RunTime:0.000047s ]
INFO: [ app_init ] --END-- [ RunTime:0.000614s ]
INFO: [ app_begin ] --START--
INFO: Run Behavior\ReadHtmlCacheBehavior [ RunTime:0.000724s ]
INFO: [ app_begin ] --END-- [ RunTime:0.000991s ]
NOTIC: [8] A session had already been started - ignoring session_start() C:\wamp\www\ontheroad\ThinkPHP\Common\functions.php 第 1263 行.
INFO: WxPay notify start
NOTIC: [2] include(../lib/WxPay.Api.php) [<a href='function.include'>function.include</a>]: failed to open stream: No such file or directory C:\wamp\www\ontheroad\ThinkPHP\Library\Org\WxPay\WxpayAPIV3\example\WxPay.JsApiPay.php 第 2 行.
NOTIC: [2] include() [<a href='function.include'>function.include</a>]: Failed opening '../lib/WxPay.Api.php' for inclusion (include_path='.;C:\php\pear') C:\wamp\www\ontheroad\ThinkPHP\Library\Org\WxPay\WxpayAPIV3\example\WxPay.JsApiPay.php 第 2 行.
NOTIC: [2] include(../lib/WxPay.Notify.php) [<a href='function.include'>function.include</a>]: failed to open stream: No such file or directory C:\wamp\www\ontheroad\ThinkPHP\Library\Org\WxPay\WxpayAPIV3\example\notify.php 第 9 行.
NOTIC: [2] include() [<a href='function.include'>function.include</a>]: Failed opening '../lib/WxPay.Notify.php' for inclusion (include_path='.;C:\php\pear') C:\wamp\www\ontheroad\ThinkPHP\Library\Org\WxPay\WxpayAPIV3\example\notify.php 第 9 行.
INFO: WxPay notify end
INFO: [ app_end ] --START--
INFO: Run Behavior\ShowPageTraceBehavior [ RunTime:0.000783s ]
INFO: [ app_end ] --END-- [ RunTime:0.001016s ]

[ 2017-05-07T23:48:59+08:00 ] 140.207.54.74 /ontheroad/index.php/API/WxPay/notify
INFO: [ app_init ] --START--
INFO: Run Behavior\BuildLiteBehavior [ RunTime:0.000047s ]
INFO: [ app_init ] --END-- [ RunTime:0.000600s ]
INFO: [ app_begin ] --START--
INFO: Run Behavior\ReadHtmlCacheBehavior [ RunTime:0.000876s ]
INFO: [ app_begin ] --END-- [ RunTime:0.001113s ]
NOTIC: [8] A session had already been started - ignoring session_start() C:\wamp\www\ontheroad\ThinkPHP\Common\functions.php 第 1263 行.
INFO: WxPay notify start
NOTIC: [2] include(../lib/WxPay.Api.php) [<a href='function.include'>function.include</a>]: failed to open stream: No such file or directory C:\wamp\www\ontheroad\ThinkPHP\Library\Org\WxPay\WxpayAPIV3\example\WxPay.JsApiPay.php 第 2 行.
NOTIC: [2] include() [<a href='function.include'>function.include</a>]: Failed opening '../lib/WxPay.Api.php' for inclusion (include_path='.;C:\php\pear') C:\wamp\www\ontheroad\ThinkPHP\Library\Org\WxPay\WxpayAPIV3\example\WxPay.JsApiPay.php 第 2 行.
NOTIC: [2] include(../lib/WxPay.Notify.php) [<a href='function.include'>function.include</a>]: failed to open stream: No such file or directory C:\wamp\www\ontheroad\ThinkPHP\Library\Org\WxPay\WxpayAPIV3\example\notify.php 第 9 行.
NOTIC: [2] include() [<a href='function.include'>function.include</a>]: Failed opening '../lib/WxPay.Notify.php' for inclusion (include_path='.;C:\php\pear') C:\wamp\www\ontheroad\ThinkPHP\Library\Org\WxPay\WxpayAPIV3\example\notify.php 第 9 行.
INFO: WxPay notify end
INFO: [ app_end ] --START--
INFO: Run Behavior\ShowPageTraceBehavior [ RunTime:0.000819s ]
INFO: [ app_end ] --END-- [ RunTime:0.001077s ]

[ 2017-05-07T23:49:09+08:00 ] 140.207.54.74 /ontheroad/index.php/API/WxPay/notify
INFO: [ app_init ] --START--
INFO: Run Behavior\BuildLiteBehavior [ RunTime:0.000067s ]
INFO: [ app_init ] --END-- [ RunTime:0.000634s ]
INFO: [ app_begin ] --START--
INFO: Run Behavior\ReadHtmlCacheBehavior [ RunTime:0.000722s ]
INFO: [ app_begin ] --END-- [ RunTime:0.000955s ]
NOTIC: [8] A session had already been started - ignoring session_start() C:\wamp\www\ontheroad\ThinkPHP\Common\functions.php 第 1263 行.
INFO: WxPay notify start
NOTIC: [2] include(../lib/WxPay.Api.php) [<a href='function.include'>function.include</a>]: failed to open stream: No such file or directory C:\wamp\www\ontheroad\ThinkPHP\Library\Org\WxPay\WxpayAPIV3\example\WxPay.JsApiPay.php 第 2 行.
NOTIC: [2] include() [<a href='function.include'>function.include</a>]: Failed opening '../lib/WxPay.Api.php' for inclusion (include_path='.;C:\php\pear') C:\wamp\www\ontheroad\ThinkPHP\Library\Org\WxPay\WxpayAPIV3\example\WxPay.JsApiPay.php 第 2 行.
NOTIC: [2] include(../lib/WxPay.Notify.php) [<a href='function.include'>function.include</a>]: failed to open stream: No such file or directory C:\wamp\www\ontheroad\ThinkPHP\Library\Org\WxPay\WxpayAPIV3\example\notify.php 第 9 行.
NOTIC: [2] include() [<a href='function.include'>function.include</a>]: Failed opening '../lib/WxPay.Notify.php' for inclusion (include_path='.;C:\php\pear') C:\wamp\www\ontheroad\ThinkPHP\Library\Org\WxPay\WxpayAPIV3\example\notify.php 第 9 行.
INFO: WxPay notify end
INFO: [ app_end ] --START--
INFO: Run Behavior\ShowPageTraceBehavior [ RunTime:0.000768s ]
INFO: [ app_end ] --END-- [ RunTime:0.001019s ]

[ 2017-05-07T23:49:27+08:00 ] 140.207.54.74 /ontheroad/index.php/API/WxPay/notify
INFO: [ app_init ] --START--
INFO: Run Behavior\BuildLiteBehavior [ RunTime:0.000047s ]
INFO: [ app_init ] --END-- [ RunTime:0.000615s ]
INFO: [ app_begin ] --START--
INFO: Run Behavior\ReadHtmlCacheBehavior [ RunTime:0.000694s ]
INFO: [ app_begin ] --END-- [ RunTime:0.000931s ]
NOTIC: [8] A session had already been started - ignoring session_start() C:\wamp\www\ontheroad\ThinkPHP\Common\functions.php 第 1263 行.
INFO: WxPay notify start
NOTIC: [2] include(../lib/WxPay.Api.php) [<a href='function.include'>function.include</a>]: failed to open stream: No such file or directory C:\wamp\www\ontheroad\ThinkPHP\Library\Org\WxPay\WxpayAPIV3\example\WxPay.JsApiPay.php 第 2 行.
NOTIC: [2] include() [<a href='function.include'>function.include</a>]: Failed opening '../lib/WxPay.Api.php' for inclusion (include_path='.;C:\php\pear') C:\wamp\www\ontheroad\ThinkPHP\Library\Org\WxPay\WxpayAPIV3\example\WxPay.JsApiPay.php 第 2 行.
NOTIC: [2] include(../lib/WxPay.Notify.php) [<a href='function.include'>function.include</a>]: failed to open stream: No such file or directory C:\wamp\www\ontheroad\ThinkPHP\Library\Org\WxPay\WxpayAPIV3\example\notify.php 第 9 行.
NOTIC: [2] include() [<a href='function.include'>function.include</a>]: Failed opening '../lib/WxPay.Notify.php' for inclusion (include_path='.;C:\php\pear') C:\wamp\www\ontheroad\ThinkPHP\Library\Org\WxPay\WxpayAPIV3\example\notify.php 第 9 行.
INFO: WxPay notify end
INFO: [ app_end ] --START--
INFO: Run Behavior\ShowPageTraceBehavior [ RunTime:0.000835s ]
INFO: [ app_end ] --END-- [ RunTime:0.001070s ]

[ 2017-05-07T23:49:59+08:00 ] 140.207.54.74 /ontheroad/index.php/API/WxPay/notify
INFO: [ app_init ] --START--
INFO: Run Behavior\BuildLiteBehavior [ RunTime:0.000051s ]
INFO: [ app_init ] --END-- [ RunTime:0.000659s ]
INFO: [ app_begin ] --START--
INFO: Run Behavior\ReadHtmlCacheBehavior [ RunTime:0.000859s ]
INFO: [ app_begin ] --END-- [ RunTime:0.001166s ]
NOTIC: [8] A session had already been started - ignoring session_start() C:\wamp\www\ontheroad\ThinkPHP\Common\functions.php 第 1263 行.
INFO: WxPay notify start
NOTIC: [2] include(../lib/WxPay.Api.php) [<a href='function.include'>function.include</a>]: failed to open stream: No such file or directory C:\wamp\www\ontheroad\ThinkPHP\Library\Org\WxPay\WxpayAPIV3\example\WxPay.JsApiPay.php 第 2 行.
NOTIC: [2] include() [<a href='function.include'>function.include</a>]: Failed opening '../lib/WxPay.Api.php' for inclusion (include_path='.;C:\php\pear') C:\wamp\www\ontheroad\ThinkPHP\Library\Org\WxPay\WxpayAPIV3\example\WxPay.JsApiPay.php 第 2 行.
NOTIC: [2] include(../lib/WxPay.Notify.php) [<a href='function.include'>function.include</a>]: failed to open stream: No such file or directory C:\wamp\www\ontheroad\ThinkPHP\Library\Org\WxPay\WxpayAPIV3\example\notify.php 第 9 行.
NOTIC: [2] include() [<a href='function.include'>function.include</a>]: Failed opening '../lib/WxPay.Notify.php' for inclusion (include_path='.;C:\php\pear') C:\wamp\www\ontheroad\ThinkPHP\Library\Org\WxPay\WxpayAPIV3\example\notify.php 第 9 行.
INFO: WxPay notify end
INFO: [ app_end ] --START--
INFO: Run Behavior\ShowPageTraceBehavior [ RunTime:0.000798s ]
INFO: [ app_end ] --END-- [ RunTime:0.001033s ]

[ 2017-05-07T23:53:01+08:00 ] 140.207.54.75 /ontheroad/index.php/API/WxPay/notify
INFO: [ app_init ] --START--
INFO: Run Behavior\BuildLiteBehavior [ RunTime:0.000048s ]
INFO: [ app_init ] --END-- [ RunTime:0.000616s ]
INFO: [ app_begin ] --START--
INFO: Run Behavior\ReadHtmlCacheBehavior [ RunTime:0.000723s ]
INFO: [ app_begin ] --END-- [ RunTime:0.000974s ]
NOTIC: [8] A session had already been started - ignoring session_start() C:\wamp\www\ontheroad\ThinkPHP\Common\functions.php 第 1263 行.
INFO: WxPay notify start
NOTIC: [2] include(../lib/WxPay.Api.php) [<a href='function.include'>function.include</a>]: failed to open stream: No such file or directory C:\wamp\www\ontheroad\ThinkPHP\Library\Org\WxPay\WxpayAPIV3\example\WxPay.JsApiPay.php 第 2 行.
NOTIC: [2] include() [<a href='function.include'>function.include</a>]: Failed opening '../lib/WxPay.Api.php' for inclusion (include_path='.;C:\php\pear') C:\wamp\www\ontheroad\ThinkPHP\Library\Org\WxPay\WxpayAPIV3\example\WxPay.JsApiPay.php 第 2 行.
NOTIC: [2] include(../lib/WxPay.Notify.php) [<a href='function.include'>function.include</a>]: failed to open stream: No such file or directory C:\wamp\www\ontheroad\ThinkPHP\Library\Org\WxPay\WxpayAPIV3\example\notify.php 第 9 行.
NOTIC: [2] include() [<a href='function.include'>function.include</a>]: Failed opening '../lib/WxPay.Notify.php' for inclusion (include_path='.;C:\php\pear') C:\wamp\www\ontheroad\ThinkPHP\Library\Org\WxPay\WxpayAPIV3\example\notify.php 第 9 行.
INFO: WxPay notify end
INFO: [ app_end ] --START--
INFO: Run Behavior\ShowPageTraceBehavior [ RunTime:0.000825s ]
INFO: [ app_end ] --END-- [ RunTime:0.001061s ]

