[ 2017-07-22T07:44:57+08:00 ] 112.26.129.129 /ontheroad/
INFO: [ app_init ] --START--
INFO: Run Behavior\BuildLiteBehavior [ RunTime:0.000051s ]
INFO: [ app_init ] --END-- [ RunTime:0.001005s ]
INFO: [ app_begin ] --START--
INFO: Run Behavior\ReadHtmlCacheBehavior [ RunTime:0.002147s ]
INFO: [ app_begin ] --END-- [ RunTime:0.002396s ]
NOTIC: [8] A session had already been started - ignoring session_start() C:\wamp\www\ontheroad\ThinkPHP\Common\functions.php 第 1263 行.
INFO: [ view_parse ] --START--
INFO: Run Behavior\ParseTemplateBehavior [ RunTime:0.002669s ]
INFO: [ view_parse ] --END-- [ RunTime:0.002966s ]
INFO: [ view_filter ] --START--
INFO: Run Behavior\WriteHtmlCacheBehavior [ RunTime:0.002144s ]
INFO: [ view_filter ] --END-- [ RunTime:0.002387s ]
INFO: [ app_end ] --START--
INFO: Run Behavior\ShowPageTraceBehavior [ RunTime:0.002067s ]
INFO: [ app_end ] --END-- [ RunTime:0.002312s ]

[ 2017-07-22T07:44:57+08:00 ] 112.26.129.129 /ontheroad/
INFO: [ app_init ] --START--
INFO: Run Behavior\BuildLiteBehavior [ RunTime:0.000048s ]
INFO: [ app_init ] --END-- [ RunTime:0.000702s ]
INFO: [ app_begin ] --START--
INFO: Run Behavior\ReadHtmlCacheBehavior [ RunTime:0.000990s ]
INFO: [ app_begin ] --END-- [ RunTime:0.001237s ]
NOTIC: [8] A session had already been started - ignoring session_start() C:\wamp\www\ontheroad\ThinkPHP\Common\functions.php 第 1263 行.
INFO: [ view_parse ] --START--
INFO: Run Behavior\ParseTemplateBehavior [ RunTime:0.000756s ]
INFO: [ view_parse ] --END-- [ RunTime:0.001014s ]
INFO: [ view_filter ] --START--
INFO: Run Behavior\WriteHtmlCacheBehavior [ RunTime:0.000723s ]
INFO: [ view_filter ] --END-- [ RunTime:0.000963s ]
INFO: [ app_end ] --START--
INFO: Run Behavior\ShowPageTraceBehavior [ RunTime:0.001188s ]
INFO: [ app_end ] --END-- [ RunTime:0.001426s ]

